#
# There is insufficient memory for the Java Runtime Environment to continue.
# Native memory allocation (malloc) failed to allocate 1330384 bytes. Error detail: Chunk::new
# Possible reasons:
#   The system is out of physical RAM or swap space
#   This process is running with CompressedOops enabled, and the Java Heap may be blocking the growth of the native heap
# Possible solutions:
#   Reduce memory load on the system
#   Increase physical memory or swap space
#   Check if swap backing store is full
#   Decrease Java heap size (-Xmx/-Xms)
#   Decrease number of Java threads
#   Decrease Java thread stack sizes (-Xss)
#   Set larger code cache with -XX:ReservedCodeCacheSize=
#   JVM is running with Unscaled Compressed Oops mode in which the Java heap is
#     placed in the first 4GB address space. The Java Heap base address is the
#     maximum limit for the native heap growth. Please use -XX:HeapBaseMinAddress
#     to set the Java Heap base and to place the Java Heap above 4GB virtual address.
# This output file may be truncated or incomplete.
#
#  Out of Memory Error (arena.cpp:162), pid=38892, tid=34692
#
# JRE version: OpenJDK Runtime Environment (24.0.1+9) (build 24.0.1+9-30)
# Java VM: OpenJDK 64-Bit Server VM (24.0.1+9-30, mixed mode, sharing, tiered, compressed oops, compressed class ptrs, g1 gc, windows-amd64)
# No core dump will be written. Minidumps are not enabled by default on client versions of Windows
#

---------------  S U M M A R Y ------------

Command Line: -Dapplication.home=C:\Users\shang\OneDrive\Desktop\AIRSDK_51.1.3 -Dfile.encoding=UTF-8 -Djava.awt.headless=true -Duser.language=en -Duser.region=en -Xmx512m com.adobe.flash.compiler.clients.MXMLC -load-config=C:\Users\shang\AppData\Local\JetBrains\IntelliJIdea2025.1\compile-server\webmain_3296dcc9\_temp_\IntelliJ_IDEA\idea-AEAB9808-45A3E760.xml -default-size 800 600 -default-frame-rate 60 -default-background-color #000000 -swf-version 15 -dump-config config.xml -optimize=true -use-direct-blit=true -keep-as3-metadata+=Inject -keep-as3-metadata+=Embed -keep-as3-metadata+=PostConstruct -keep-as3-metadata+=ArrayElementType

Host: AMD Ryzen 5 3400G with Radeon Vega Graphics    , 8 cores, 7G,  Windows 11 , 64 bit Build 26100 (10.0.26100.4484)
Time: Fri Jul 25 04:13:18 2025 Västeuropa, sommartid elapsed time: 2.631131 seconds (0d 0h 0m 2s)

---------------  T H R E A D  ---------------

Current thread (0x000002c7e6743ae0):  JavaThread "C2 CompilerThread0" daemon [_thread_in_native, id=34692, stack(0x000000df81300000,0x000000df81400000) (1024K)]


Current CompileTask:
C2:2631  596       4       java.lang.StringLatin1::replace (197 bytes)

Stack: [0x000000df81300000,0x000000df81400000]
Native frames: (J=compiled Java code, j=interpreted, Vv=VM code, C=native code)
V  [jvm.dll+0x730739]  (no source info available)
V  [jvm.dll+0x8d9b23]  (no source info available)
V  [jvm.dll+0x8dc00d]  (no source info available)
V  [jvm.dll+0x8dc683]  (no source info available)
V  [jvm.dll+0x2aa086]  (no source info available)
V  [jvm.dll+0xcedef]  (no source info available)
V  [jvm.dll+0xcf04f]  (no source info available)
V  [jvm.dll+0x154d83]  (no source info available)
V  [jvm.dll+0x735f5f]  (no source info available)
V  [jvm.dll+0x26fa1c]  (no source info available)
V  [jvm.dll+0x26ea3f]  (no source info available)
V  [jvm.dll+0x1e9d60]  (no source info available)
V  [jvm.dll+0x27e1fb]  (no source info available)
V  [jvm.dll+0x27c49a]  (no source info available)
V  [jvm.dll+0x42f456]  (no source info available)
V  [jvm.dll+0x87d76b]  (no source info available)
V  [jvm.dll+0x72ee55]  (no source info available)
C  [ucrtbase.dll+0x37b0]  (no source info available)
C  [KERNEL32.DLL+0x2e8d7]  (no source info available)
C  [ntdll.dll+0x3c34c]  (no source info available)

Lock stack of current Java thread (top to bottom):


---------------  P R O C E S S  ---------------

Threads class SMR info:
_java_thread_list=0x000002c7c5a5db60, length=15, elements={
0x000002c7c9406420, 0x000002c7e672ed80, 0x000002c7e672f5c0, 0x000002c7e673b6f0,
0x000002c7e673e230, 0x000002c7e673ed60, 0x000002c7e673f9c0, 0x000002c7e6743ae0,
0x000002c7e67443a0, 0x000002c7e6714d10, 0x000002c7c5051070, 0x000002c7c55d5310,
0x000002c7c58a95a0, 0x000002c7c5240750, 0x000002c7c5ab0a00
}

Java Threads: ( => current thread )
  0x000002c7c9406420 JavaThread "main"                              [_thread_in_vm, id=35904, stack(0x000000df80500000,0x000000df80600000) (1024K)]
  0x000002c7e672ed80 JavaThread "Reference Handler"          daemon [_thread_blocked, id=11152, stack(0x000000df80d00000,0x000000df80e00000) (1024K)]
  0x000002c7e672f5c0 JavaThread "Finalizer"                  daemon [_thread_blocked, id=17424, stack(0x000000df80e00000,0x000000df80f00000) (1024K)]
  0x000002c7e673b6f0 JavaThread "Signal Dispatcher"          daemon [_thread_blocked, id=23520, stack(0x000000df80f00000,0x000000df81000000) (1024K)]
  0x000002c7e673e230 JavaThread "Attach Listener"            daemon [_thread_blocked, id=43344, stack(0x000000df81000000,0x000000df81100000) (1024K)]
  0x000002c7e673ed60 JavaThread "Service Thread"             daemon [_thread_blocked, id=31636, stack(0x000000df81100000,0x000000df81200000) (1024K)]
  0x000002c7e673f9c0 JavaThread "Monitor Deflation Thread"   daemon [_thread_blocked, id=42676, stack(0x000000df81200000,0x000000df81300000) (1024K)]
=>0x000002c7e6743ae0 JavaThread "C2 CompilerThread0"         daemon [_thread_in_native, id=34692, stack(0x000000df81300000,0x000000df81400000) (1024K)]
  0x000002c7e67443a0 JavaThread "C1 CompilerThread0"         daemon [_thread_in_native, id=10672, stack(0x000000df81400000,0x000000df81500000) (1024K)]
  0x000002c7e6714d10 JavaThread "Notification Thread"        daemon [_thread_blocked, id=33904, stack(0x000000df81500000,0x000000df81600000) (1024K)]
  0x000002c7c5051070 JavaThread "Common-Cleaner"             daemon [_thread_blocked, id=39608, stack(0x000000df81600000,0x000000df81700000) (1024K)]
  0x000002c7c55d5310 JavaThread "com.google.common.base.internal.Finalizer" daemon [_thread_blocked, id=34040, stack(0x000000df81700000,0x000000df81800000) (1024K)]
  0x000002c7c58a95a0 JavaThread "com.google.common.base.internal.Finalizer" daemon [_thread_blocked, id=26136, stack(0x000000df81800000,0x000000df81900000) (1024K)]
  0x000002c7c5240750 JavaThread "pool-1-thread-1"                   [_thread_blocked, id=21188, stack(0x000000df81900000,0x000000df81a00000) (1024K)]
  0x000002c7c5ab0a00 JavaThread "C2 CompilerThread1"         daemon [_thread_in_native, id=7352, stack(0x000000df81a00000,0x000000df81b00000) (1024K)]
Total: 15

Other Threads:
  0x000002c7e6721b30 VMThread "VM Thread"                           [id=24956, stack(0x000000df80c00000,0x000000df80d00000) (1024K)]
  0x000002c7e65e1640 WatcherThread "VM Periodic Task Thread"        [id=30752, stack(0x000000df80b00000,0x000000df80c00000) (1024K)]
  0x000002c7cb78b480 WorkerThread "GC Thread#0"                     [id=32516, stack(0x000000df80600000,0x000000df80700000) (1024K)]
  0x000002c7cb7913e0 ConcurrentGCThread "G1 Main Marker"            [id=19016, stack(0x000000df80700000,0x000000df80800000) (1024K)]
  0x000002c7cb792cf0 WorkerThread "G1 Conc#0"                       [id=8936, stack(0x000000df80800000,0x000000df80900000) (1024K)]
  0x000002c7cb81d070 ConcurrentGCThread "G1 Refine#0"               [id=29332, stack(0x000000df80900000,0x000000df80a00000) (1024K)]
  0x000002c7cb81db00 ConcurrentGCThread "G1 Service"                [id=5784, stack(0x000000df80a00000,0x000000df80b00000) (1024K)]
Total: 7

Threads with active compile tasks:
C2 CompilerThread0  3843  596       4       java.lang.StringLatin1::replace (197 bytes)
C1 CompilerThread0  3843  744   !   3       java.util.jar.JarFile::getManifestFromReference (197 bytes)
C2 CompilerThread1  3843  675       4       java.lang.StringLatin1::compareToCI (108 bytes)
Total: 3

VM state: not at safepoint (normal execution)

VM Mutex/Monitor currently owned by a thread: None

Heap address: 0x00000000e0000000, size: 512 MB, Compressed Oops mode: 32-bit

CDS archive(s) mapped at: [0x000002c780000000-0x000002c780d40000-0x000002c780d40000), size 13893632, SharedBaseAddress: 0x000002c780000000, ArchiveRelocationMode: 1.
Compressed class space mapped at: 0x000002c781000000-0x000002c7c1000000, reserved size: 1073741824
UseCompressedClassPointers 1, UseCompactObjectHeaders 0
Narrow klass pointer bits 32, Max shift 3
Narrow klass base: 0x000002c780000000, Narrow klass shift: 0
Encoding Range: [0x000002c780000000 - 0x000002c880000000), (4294967296 bytes)
Klass Range:    [0x000002c780000000 - 0x000002c7c1000000), (1090519040 bytes)
Klass ID Range:  [8 - 1090519033) (1090519025)

GC Precious Log:
 CardTable entry size: 512
 Card Set container configuration: InlinePtr #cards 5 size 8 Array Of Cards #cards 10 size 36 Howl #buckets 4 coarsen threshold 1843 Howl Bitmap #cards 512 size 80 coarsen threshold 460 Card regions per heap region 1 cards per card region 2048
 CPUs: 8 total, 8 available
 Memory: 8128M
 Large Page Support: Disabled
 NUMA Support: Disabled
 Compressed Oops: Enabled (32-bit)
 Heap Region Size: 1M
 Heap Min Capacity: 8M
 Heap Initial Capacity: 128M
 Heap Max Capacity: 512M
 Pre-touch: Disabled
 Parallel Workers: 8
 Concurrent Workers: 2
 Concurrent Refinement Workers: 8
 Periodic GC: Disabled

Heap:
 garbage-first heap   total reserved 524288K, committed 133120K, used 12400K [0x00000000e0000000, 0x0000000100000000)
  region size 1024K, 12 young (12288K), 0 survivors (0K)
 Metaspace       used 4132K, committed 4288K, reserved 1114112K
  class space    used 388K, committed 448K, reserved 1048576K

Heap Regions: E=young(eden), S=young(survivor), O=old, HS=humongous(starts), HC=humongous(continues), CS=collection set, F=free, TAMS=top-at-mark-start, PB=parsable bottom
|   0|0x00000000e0000000, 0x00000000e0000000, 0x00000000e0100000|  0%| F|  |TAMS 0x00000000e0000000| PB 0x00000000e0000000| Untracked |  0
|   1|0x00000000e0100000, 0x00000000e0100000, 0x00000000e0200000|  0%| F|  |TAMS 0x00000000e0100000| PB 0x00000000e0100000| Untracked |  0
|   2|0x00000000e0200000, 0x00000000e0200000, 0x00000000e0300000|  0%| F|  |TAMS 0x00000000e0200000| PB 0x00000000e0200000| Untracked |  0
|   3|0x00000000e0300000, 0x00000000e0300000, 0x00000000e0400000|  0%| F|  |TAMS 0x00000000e0300000| PB 0x00000000e0300000| Untracked |  0
|   4|0x00000000e0400000, 0x00000000e0400000, 0x00000000e0500000|  0%| F|  |TAMS 0x00000000e0400000| PB 0x00000000e0400000| Untracked |  0
|   5|0x00000000e0500000, 0x00000000e0500000, 0x00000000e0600000|  0%| F|  |TAMS 0x00000000e0500000| PB 0x00000000e0500000| Untracked |  0
|   6|0x00000000e0600000, 0x00000000e0600000, 0x00000000e0700000|  0%| F|  |TAMS 0x00000000e0600000| PB 0x00000000e0600000| Untracked |  0
|   7|0x00000000e0700000, 0x00000000e0700000, 0x00000000e0800000|  0%| F|  |TAMS 0x00000000e0700000| PB 0x00000000e0700000| Untracked |  0
|   8|0x00000000e0800000, 0x00000000e0800000, 0x00000000e0900000|  0%| F|  |TAMS 0x00000000e0800000| PB 0x00000000e0800000| Untracked |  0
|   9|0x00000000e0900000, 0x00000000e0900000, 0x00000000e0a00000|  0%| F|  |TAMS 0x00000000e0900000| PB 0x00000000e0900000| Untracked |  0
|  10|0x00000000e0a00000, 0x00000000e0a00000, 0x00000000e0b00000|  0%| F|  |TAMS 0x00000000e0a00000| PB 0x00000000e0a00000| Untracked |  0
|  11|0x00000000e0b00000, 0x00000000e0b00000, 0x00000000e0c00000|  0%| F|  |TAMS 0x00000000e0b00000| PB 0x00000000e0b00000| Untracked |  0
|  12|0x00000000e0c00000, 0x00000000e0c00000, 0x00000000e0d00000|  0%| F|  |TAMS 0x00000000e0c00000| PB 0x00000000e0c00000| Untracked |  0
|  13|0x00000000e0d00000, 0x00000000e0d00000, 0x00000000e0e00000|  0%| F|  |TAMS 0x00000000e0d00000| PB 0x00000000e0d00000| Untracked |  0
|  14|0x00000000e0e00000, 0x00000000e0e00000, 0x00000000e0f00000|  0%| F|  |TAMS 0x00000000e0e00000| PB 0x00000000e0e00000| Untracked |  0
|  15|0x00000000e0f00000, 0x00000000e0f00000, 0x00000000e1000000|  0%| F|  |TAMS 0x00000000e0f00000| PB 0x00000000e0f00000| Untracked |  0
|  16|0x00000000e1000000, 0x00000000e1000000, 0x00000000e1100000|  0%| F|  |TAMS 0x00000000e1000000| PB 0x00000000e1000000| Untracked |  0
|  17|0x00000000e1100000, 0x00000000e1100000, 0x00000000e1200000|  0%| F|  |TAMS 0x00000000e1100000| PB 0x00000000e1100000| Untracked |  0
|  18|0x00000000e1200000, 0x00000000e1200000, 0x00000000e1300000|  0%| F|  |TAMS 0x00000000e1200000| PB 0x00000000e1200000| Untracked |  0
|  19|0x00000000e1300000, 0x00000000e1300000, 0x00000000e1400000|  0%| F|  |TAMS 0x00000000e1300000| PB 0x00000000e1300000| Untracked |  0
|  20|0x00000000e1400000, 0x00000000e1400000, 0x00000000e1500000|  0%| F|  |TAMS 0x00000000e1400000| PB 0x00000000e1400000| Untracked |  0
|  21|0x00000000e1500000, 0x00000000e1500000, 0x00000000e1600000|  0%| F|  |TAMS 0x00000000e1500000| PB 0x00000000e1500000| Untracked |  0
|  22|0x00000000e1600000, 0x00000000e1600000, 0x00000000e1700000|  0%| F|  |TAMS 0x00000000e1600000| PB 0x00000000e1600000| Untracked |  0
|  23|0x00000000e1700000, 0x00000000e1700000, 0x00000000e1800000|  0%| F|  |TAMS 0x00000000e1700000| PB 0x00000000e1700000| Untracked |  0
|  24|0x00000000e1800000, 0x00000000e1800000, 0x00000000e1900000|  0%| F|  |TAMS 0x00000000e1800000| PB 0x00000000e1800000| Untracked |  0
|  25|0x00000000e1900000, 0x00000000e1900000, 0x00000000e1a00000|  0%| F|  |TAMS 0x00000000e1900000| PB 0x00000000e1900000| Untracked |  0
|  26|0x00000000e1a00000, 0x00000000e1a00000, 0x00000000e1b00000|  0%| F|  |TAMS 0x00000000e1a00000| PB 0x00000000e1a00000| Untracked |  0
|  27|0x00000000e1b00000, 0x00000000e1b00000, 0x00000000e1c00000|  0%| F|  |TAMS 0x00000000e1b00000| PB 0x00000000e1b00000| Untracked |  0
|  28|0x00000000e1c00000, 0x00000000e1c00000, 0x00000000e1d00000|  0%| F|  |TAMS 0x00000000e1c00000| PB 0x00000000e1c00000| Untracked |  0
|  29|0x00000000e1d00000, 0x00000000e1d00000, 0x00000000e1e00000|  0%| F|  |TAMS 0x00000000e1d00000| PB 0x00000000e1d00000| Untracked |  0
|  30|0x00000000e1e00000, 0x00000000e1e00000, 0x00000000e1f00000|  0%| F|  |TAMS 0x00000000e1e00000| PB 0x00000000e1e00000| Untracked |  0
|  31|0x00000000e1f00000, 0x00000000e1f00000, 0x00000000e2000000|  0%| F|  |TAMS 0x00000000e1f00000| PB 0x00000000e1f00000| Untracked |  0
|  32|0x00000000e2000000, 0x00000000e2000000, 0x00000000e2100000|  0%| F|  |TAMS 0x00000000e2000000| PB 0x00000000e2000000| Untracked |  0
|  33|0x00000000e2100000, 0x00000000e2100000, 0x00000000e2200000|  0%| F|  |TAMS 0x00000000e2100000| PB 0x00000000e2100000| Untracked |  0
|  34|0x00000000e2200000, 0x00000000e2200000, 0x00000000e2300000|  0%| F|  |TAMS 0x00000000e2200000| PB 0x00000000e2200000| Untracked |  0
|  35|0x00000000e2300000, 0x00000000e2300000, 0x00000000e2400000|  0%| F|  |TAMS 0x00000000e2300000| PB 0x00000000e2300000| Untracked |  0
|  36|0x00000000e2400000, 0x00000000e2400000, 0x00000000e2500000|  0%| F|  |TAMS 0x00000000e2400000| PB 0x00000000e2400000| Untracked |  0
|  37|0x00000000e2500000, 0x00000000e2500000, 0x00000000e2600000|  0%| F|  |TAMS 0x00000000e2500000| PB 0x00000000e2500000| Untracked |  0
|  38|0x00000000e2600000, 0x00000000e2600000, 0x00000000e2700000|  0%| F|  |TAMS 0x00000000e2600000| PB 0x00000000e2600000| Untracked |  0
|  39|0x00000000e2700000, 0x00000000e2700000, 0x00000000e2800000|  0%| F|  |TAMS 0x00000000e2700000| PB 0x00000000e2700000| Untracked |  0
|  40|0x00000000e2800000, 0x00000000e2800000, 0x00000000e2900000|  0%| F|  |TAMS 0x00000000e2800000| PB 0x00000000e2800000| Untracked |  0
|  41|0x00000000e2900000, 0x00000000e2900000, 0x00000000e2a00000|  0%| F|  |TAMS 0x00000000e2900000| PB 0x00000000e2900000| Untracked |  0
|  42|0x00000000e2a00000, 0x00000000e2a00000, 0x00000000e2b00000|  0%| F|  |TAMS 0x00000000e2a00000| PB 0x00000000e2a00000| Untracked |  0
|  43|0x00000000e2b00000, 0x00000000e2b00000, 0x00000000e2c00000|  0%| F|  |TAMS 0x00000000e2b00000| PB 0x00000000e2b00000| Untracked |  0
|  44|0x00000000e2c00000, 0x00000000e2c00000, 0x00000000e2d00000|  0%| F|  |TAMS 0x00000000e2c00000| PB 0x00000000e2c00000| Untracked |  0
|  45|0x00000000e2d00000, 0x00000000e2d00000, 0x00000000e2e00000|  0%| F|  |TAMS 0x00000000e2d00000| PB 0x00000000e2d00000| Untracked |  0
|  46|0x00000000e2e00000, 0x00000000e2e00000, 0x00000000e2f00000|  0%| F|  |TAMS 0x00000000e2e00000| PB 0x00000000e2e00000| Untracked |  0
|  47|0x00000000e2f00000, 0x00000000e2f00000, 0x00000000e3000000|  0%| F|  |TAMS 0x00000000e2f00000| PB 0x00000000e2f00000| Untracked |  0
|  48|0x00000000e3000000, 0x00000000e3000000, 0x00000000e3100000|  0%| F|  |TAMS 0x00000000e3000000| PB 0x00000000e3000000| Untracked |  0
|  49|0x00000000e3100000, 0x00000000e3100000, 0x00000000e3200000|  0%| F|  |TAMS 0x00000000e3100000| PB 0x00000000e3100000| Untracked |  0
|  50|0x00000000e3200000, 0x00000000e3200000, 0x00000000e3300000|  0%| F|  |TAMS 0x00000000e3200000| PB 0x00000000e3200000| Untracked |  0
|  51|0x00000000e3300000, 0x00000000e3300000, 0x00000000e3400000|  0%| F|  |TAMS 0x00000000e3300000| PB 0x00000000e3300000| Untracked |  0
|  52|0x00000000e3400000, 0x00000000e3400000, 0x00000000e3500000|  0%| F|  |TAMS 0x00000000e3400000| PB 0x00000000e3400000| Untracked |  0
|  53|0x00000000e3500000, 0x00000000e3500000, 0x00000000e3600000|  0%| F|  |TAMS 0x00000000e3500000| PB 0x00000000e3500000| Untracked |  0
|  54|0x00000000e3600000, 0x00000000e3600000, 0x00000000e3700000|  0%| F|  |TAMS 0x00000000e3600000| PB 0x00000000e3600000| Untracked |  0
|  55|0x00000000e3700000, 0x00000000e3700000, 0x00000000e3800000|  0%| F|  |TAMS 0x00000000e3700000| PB 0x00000000e3700000| Untracked |  0
|  56|0x00000000e3800000, 0x00000000e3800000, 0x00000000e3900000|  0%| F|  |TAMS 0x00000000e3800000| PB 0x00000000e3800000| Untracked |  0
|  57|0x00000000e3900000, 0x00000000e3900000, 0x00000000e3a00000|  0%| F|  |TAMS 0x00000000e3900000| PB 0x00000000e3900000| Untracked |  0
|  58|0x00000000e3a00000, 0x00000000e3a00000, 0x00000000e3b00000|  0%| F|  |TAMS 0x00000000e3a00000| PB 0x00000000e3a00000| Untracked |  0
|  59|0x00000000e3b00000, 0x00000000e3b00000, 0x00000000e3c00000|  0%| F|  |TAMS 0x00000000e3b00000| PB 0x00000000e3b00000| Untracked |  0
|  60|0x00000000e3c00000, 0x00000000e3c00000, 0x00000000e3d00000|  0%| F|  |TAMS 0x00000000e3c00000| PB 0x00000000e3c00000| Untracked |  0
|  61|0x00000000e3d00000, 0x00000000e3d00000, 0x00000000e3e00000|  0%| F|  |TAMS 0x00000000e3d00000| PB 0x00000000e3d00000| Untracked |  0
|  62|0x00000000e3e00000, 0x00000000e3e00000, 0x00000000e3f00000|  0%| F|  |TAMS 0x00000000e3e00000| PB 0x00000000e3e00000| Untracked |  0
|  63|0x00000000e3f00000, 0x00000000e3f00000, 0x00000000e4000000|  0%| F|  |TAMS 0x00000000e3f00000| PB 0x00000000e3f00000| Untracked |  0
|  64|0x00000000e4000000, 0x00000000e4000000, 0x00000000e4100000|  0%| F|  |TAMS 0x00000000e4000000| PB 0x00000000e4000000| Untracked |  0
|  65|0x00000000e4100000, 0x00000000e4100000, 0x00000000e4200000|  0%| F|  |TAMS 0x00000000e4100000| PB 0x00000000e4100000| Untracked |  0
|  66|0x00000000e4200000, 0x00000000e4200000, 0x00000000e4300000|  0%| F|  |TAMS 0x00000000e4200000| PB 0x00000000e4200000| Untracked |  0
|  67|0x00000000e4300000, 0x00000000e4300000, 0x00000000e4400000|  0%| F|  |TAMS 0x00000000e4300000| PB 0x00000000e4300000| Untracked |  0
|  68|0x00000000e4400000, 0x00000000e4400000, 0x00000000e4500000|  0%| F|  |TAMS 0x00000000e4400000| PB 0x00000000e4400000| Untracked |  0
|  69|0x00000000e4500000, 0x00000000e4500000, 0x00000000e4600000|  0%| F|  |TAMS 0x00000000e4500000| PB 0x00000000e4500000| Untracked |  0
|  70|0x00000000e4600000, 0x00000000e4600000, 0x00000000e4700000|  0%| F|  |TAMS 0x00000000e4600000| PB 0x00000000e4600000| Untracked |  0
|  71|0x00000000e4700000, 0x00000000e4700000, 0x00000000e4800000|  0%| F|  |TAMS 0x00000000e4700000| PB 0x00000000e4700000| Untracked |  0
|  72|0x00000000e4800000, 0x00000000e4800000, 0x00000000e4900000|  0%| F|  |TAMS 0x00000000e4800000| PB 0x00000000e4800000| Untracked |  0
|  73|0x00000000e4900000, 0x00000000e4900000, 0x00000000e4a00000|  0%| F|  |TAMS 0x00000000e4900000| PB 0x00000000e4900000| Untracked |  0
|  74|0x00000000e4a00000, 0x00000000e4a00000, 0x00000000e4b00000|  0%| F|  |TAMS 0x00000000e4a00000| PB 0x00000000e4a00000| Untracked |  0
|  75|0x00000000e4b00000, 0x00000000e4b00000, 0x00000000e4c00000|  0%| F|  |TAMS 0x00000000e4b00000| PB 0x00000000e4b00000| Untracked |  0
|  76|0x00000000e4c00000, 0x00000000e4c00000, 0x00000000e4d00000|  0%| F|  |TAMS 0x00000000e4c00000| PB 0x00000000e4c00000| Untracked |  0
|  77|0x00000000e4d00000, 0x00000000e4d00000, 0x00000000e4e00000|  0%| F|  |TAMS 0x00000000e4d00000| PB 0x00000000e4d00000| Untracked |  0
|  78|0x00000000e4e00000, 0x00000000e4e00000, 0x00000000e4f00000|  0%| F|  |TAMS 0x00000000e4e00000| PB 0x00000000e4e00000| Untracked |  0
|  79|0x00000000e4f00000, 0x00000000e4f00000, 0x00000000e5000000|  0%| F|  |TAMS 0x00000000e4f00000| PB 0x00000000e4f00000| Untracked |  0
|  80|0x00000000e5000000, 0x00000000e5000000, 0x00000000e5100000|  0%| F|  |TAMS 0x00000000e5000000| PB 0x00000000e5000000| Untracked |  0
|  81|0x00000000e5100000, 0x00000000e5100000, 0x00000000e5200000|  0%| F|  |TAMS 0x00000000e5100000| PB 0x00000000e5100000| Untracked |  0
|  82|0x00000000e5200000, 0x00000000e5200000, 0x00000000e5300000|  0%| F|  |TAMS 0x00000000e5200000| PB 0x00000000e5200000| Untracked |  0
|  83|0x00000000e5300000, 0x00000000e5300000, 0x00000000e5400000|  0%| F|  |TAMS 0x00000000e5300000| PB 0x00000000e5300000| Untracked |  0
|  84|0x00000000e5400000, 0x00000000e5400000, 0x00000000e5500000|  0%| F|  |TAMS 0x00000000e5400000| PB 0x00000000e5400000| Untracked |  0
|  85|0x00000000e5500000, 0x00000000e5500000, 0x00000000e5600000|  0%| F|  |TAMS 0x00000000e5500000| PB 0x00000000e5500000| Untracked |  0
|  86|0x00000000e5600000, 0x00000000e5600000, 0x00000000e5700000|  0%| F|  |TAMS 0x00000000e5600000| PB 0x00000000e5600000| Untracked |  0
|  87|0x00000000e5700000, 0x00000000e5700000, 0x00000000e5800000|  0%| F|  |TAMS 0x00000000e5700000| PB 0x00000000e5700000| Untracked |  0
|  88|0x00000000e5800000, 0x00000000e5800000, 0x00000000e5900000|  0%| F|  |TAMS 0x00000000e5800000| PB 0x00000000e5800000| Untracked |  0
|  89|0x00000000e5900000, 0x00000000e5900000, 0x00000000e5a00000|  0%| F|  |TAMS 0x00000000e5900000| PB 0x00000000e5900000| Untracked |  0
|  90|0x00000000e5a00000, 0x00000000e5a00000, 0x00000000e5b00000|  0%| F|  |TAMS 0x00000000e5a00000| PB 0x00000000e5a00000| Untracked |  0
|  91|0x00000000e5b00000, 0x00000000e5b00000, 0x00000000e5c00000|  0%| F|  |TAMS 0x00000000e5b00000| PB 0x00000000e5b00000| Untracked |  0
|  92|0x00000000e5c00000, 0x00000000e5c00000, 0x00000000e5d00000|  0%| F|  |TAMS 0x00000000e5c00000| PB 0x00000000e5c00000| Untracked |  0
|  93|0x00000000e5d00000, 0x00000000e5d00000, 0x00000000e5e00000|  0%| F|  |TAMS 0x00000000e5d00000| PB 0x00000000e5d00000| Untracked |  0
|  94|0x00000000e5e00000, 0x00000000e5e00000, 0x00000000e5f00000|  0%| F|  |TAMS 0x00000000e5e00000| PB 0x00000000e5e00000| Untracked |  0
|  95|0x00000000e5f00000, 0x00000000e5f00000, 0x00000000e6000000|  0%| F|  |TAMS 0x00000000e5f00000| PB 0x00000000e5f00000| Untracked |  0
|  96|0x00000000e6000000, 0x00000000e6000000, 0x00000000e6100000|  0%| F|  |TAMS 0x00000000e6000000| PB 0x00000000e6000000| Untracked |  0
|  97|0x00000000e6100000, 0x00000000e6100000, 0x00000000e6200000|  0%| F|  |TAMS 0x00000000e6100000| PB 0x00000000e6100000| Untracked |  0
|  98|0x00000000e6200000, 0x00000000e6200000, 0x00000000e6300000|  0%| F|  |TAMS 0x00000000e6200000| PB 0x00000000e6200000| Untracked |  0
|  99|0x00000000e6300000, 0x00000000e6300000, 0x00000000e6400000|  0%| F|  |TAMS 0x00000000e6300000| PB 0x00000000e6300000| Untracked |  0
| 100|0x00000000e6400000, 0x00000000e6400000, 0x00000000e6500000|  0%| F|  |TAMS 0x00000000e6400000| PB 0x00000000e6400000| Untracked |  0
| 101|0x00000000e6500000, 0x00000000e6500000, 0x00000000e6600000|  0%| F|  |TAMS 0x00000000e6500000| PB 0x00000000e6500000| Untracked |  0
| 102|0x00000000e6600000, 0x00000000e6600000, 0x00000000e6700000|  0%| F|  |TAMS 0x00000000e6600000| PB 0x00000000e6600000| Untracked |  0
| 103|0x00000000e6700000, 0x00000000e6700000, 0x00000000e6800000|  0%| F|  |TAMS 0x00000000e6700000| PB 0x00000000e6700000| Untracked |  0
| 104|0x00000000e6800000, 0x00000000e6800000, 0x00000000e6900000|  0%| F|  |TAMS 0x00000000e6800000| PB 0x00000000e6800000| Untracked |  0
| 105|0x00000000e6900000, 0x00000000e6900000, 0x00000000e6a00000|  0%| F|  |TAMS 0x00000000e6900000| PB 0x00000000e6900000| Untracked |  0
| 106|0x00000000e6a00000, 0x00000000e6a00000, 0x00000000e6b00000|  0%| F|  |TAMS 0x00000000e6a00000| PB 0x00000000e6a00000| Untracked |  0
| 107|0x00000000e6b00000, 0x00000000e6b00000, 0x00000000e6c00000|  0%| F|  |TAMS 0x00000000e6b00000| PB 0x00000000e6b00000| Untracked |  0
| 108|0x00000000e6c00000, 0x00000000e6c00000, 0x00000000e6d00000|  0%| F|  |TAMS 0x00000000e6c00000| PB 0x00000000e6c00000| Untracked |  0
| 109|0x00000000e6d00000, 0x00000000e6d00000, 0x00000000e6e00000|  0%| F|  |TAMS 0x00000000e6d00000| PB 0x00000000e6d00000| Untracked |  0
| 110|0x00000000e6e00000, 0x00000000e6e00000, 0x00000000e6f00000|  0%| F|  |TAMS 0x00000000e6e00000| PB 0x00000000e6e00000| Untracked |  0
| 111|0x00000000e6f00000, 0x00000000e6f00000, 0x00000000e7000000|  0%| F|  |TAMS 0x00000000e6f00000| PB 0x00000000e6f00000| Untracked |  0
| 112|0x00000000e7000000, 0x00000000e7000000, 0x00000000e7100000|  0%| F|  |TAMS 0x00000000e7000000| PB 0x00000000e7000000| Untracked |  0
| 113|0x00000000e7100000, 0x00000000e7100000, 0x00000000e7200000|  0%| F|  |TAMS 0x00000000e7100000| PB 0x00000000e7100000| Untracked |  0
| 114|0x00000000e7200000, 0x00000000e7200000, 0x00000000e7300000|  0%| F|  |TAMS 0x00000000e7200000| PB 0x00000000e7200000| Untracked |  0
| 115|0x00000000e7300000, 0x00000000e7300000, 0x00000000e7400000|  0%| F|  |TAMS 0x00000000e7300000| PB 0x00000000e7300000| Untracked |  0
| 116|0x00000000e7400000, 0x00000000e7500000, 0x00000000e7500000|100%| E|  |TAMS 0x00000000e7400000| PB 0x00000000e7400000| Complete |  0
| 117|0x00000000e7500000, 0x00000000e7600000, 0x00000000e7600000|100%| E|CS|TAMS 0x00000000e7500000| PB 0x00000000e7500000| Complete |  0
| 118|0x00000000e7600000, 0x00000000e7700000, 0x00000000e7700000|100%| E|CS|TAMS 0x00000000e7600000| PB 0x00000000e7600000| Complete |  0
| 119|0x00000000e7700000, 0x00000000e7800000, 0x00000000e7800000|100%| E|CS|TAMS 0x00000000e7700000| PB 0x00000000e7700000| Complete |  0
| 120|0x00000000e7800000, 0x00000000e7900000, 0x00000000e7900000|100%| E|CS|TAMS 0x00000000e7800000| PB 0x00000000e7800000| Complete |  0
| 121|0x00000000e7900000, 0x00000000e7a00000, 0x00000000e7a00000|100%| E|CS|TAMS 0x00000000e7900000| PB 0x00000000e7900000| Complete |  0
| 122|0x00000000e7a00000, 0x00000000e7b00000, 0x00000000e7b00000|100%| E|CS|TAMS 0x00000000e7a00000| PB 0x00000000e7a00000| Complete |  0
| 123|0x00000000e7b00000, 0x00000000e7c00000, 0x00000000e7c00000|100%| E|CS|TAMS 0x00000000e7b00000| PB 0x00000000e7b00000| Complete |  0
| 124|0x00000000e7c00000, 0x00000000e7d00000, 0x00000000e7d00000|100%| E|CS|TAMS 0x00000000e7c00000| PB 0x00000000e7c00000| Complete |  0
| 125|0x00000000e7d00000, 0x00000000e7e00000, 0x00000000e7e00000|100%| E|CS|TAMS 0x00000000e7d00000| PB 0x00000000e7d00000| Complete |  0
| 126|0x00000000e7e00000, 0x00000000e7f00000, 0x00000000e7f00000|100%| E|CS|TAMS 0x00000000e7e00000| PB 0x00000000e7e00000| Complete |  0
| 127|0x00000000e7f00000, 0x00000000e8000000, 0x00000000e8000000|100%| E|CS|TAMS 0x00000000e7f00000| PB 0x00000000e7f00000| Complete |  0
| 510|0x00000000ffe00000, 0x00000000fff00000, 0x00000000fff00000|100%| O|  |TAMS 0x00000000ffe00000| PB 0x00000000ffe00000| Untracked |  0
| 511|0x00000000fff00000, 0x00000000fff1c288, 0x0000000100000000| 10%| O|  |TAMS 0x00000000fff00000| PB 0x00000000fff00000| Untracked |  0

Card table byte_map: [0x000002c7e3430000,0x000002c7e3530000] _byte_map_base: 0x000002c7e2d30000

Marking Bits: (CMBitMap*) 0x000002c7cb78baa0
 Bits: [0x000002c7e3530000, 0x000002c7e3d30000)

Polling page: 0x000002c7cadc0000

Metaspace:

Usage:
  Non-class:      3.72 MB used.
      Class:    395.77 KB used.
       Both:      4.11 MB used.

Virtual space:
  Non-class space:       64.00 MB reserved,       3.75 MB (  6%) committed,  1 nodes.
      Class space:        1.00 GB reserved,     512.00 KB ( <1%) committed,  1 nodes.
             Both:        1.06 GB reserved,       4.25 MB ( <1%) committed. 

Chunk freelists:
   Non-Class:  9.56 MB
       Class:  15.42 MB
        Both:  24.98 MB

MaxMetaspaceSize: unlimited
CompressedClassSpaceSize: 1.00 GB
Initial GC threshold: 21.00 MB
Current GC threshold: 21.00 MB
CDS: on
 - commit_granule_bytes: 65536.
 - commit_granule_words: 8192.
 - virtual_space_node_default_size: 8388608.
 - enlarge_chunks_in_place: 1.
UseCompressedClassPointers 1, UseCompactObjectHeaders 0
Narrow klass pointer bits 32, Max shift 3
Narrow klass base: 0x000002c780000000, Narrow klass shift: 0
Encoding Range: [0x000002c780000000 - 0x000002c880000000), (4294967296 bytes)
Klass Range:    [0x000002c780000000 - 0x000002c7c1000000), (1090519040 bytes)
Klass ID Range:  [8 - 1090519033) (1090519025)


Internal statistics:

num_allocs_failed_limit: 0.
num_arena_births: 74.
num_arena_deaths: 0.
num_vsnodes_births: 2.
num_vsnodes_deaths: 0.
num_space_committed: 69.
num_space_uncommitted: 0.
num_chunks_returned_to_freelist: 0.
num_chunks_taken_from_freelist: 192.
num_chunk_merges: 0.
num_chunk_splits: 140.
num_chunks_enlarged: 107.
num_inconsistent_stats: 0.

CodeHeap 'non-profiled nmethods': size=120064Kb used=185Kb max_used=185Kb free=119878Kb
 bounds [0x000002c7dbac0000, 0x000002c7dbd30000, 0x000002c7e3000000]
CodeHeap 'profiled nmethods': size=120000Kb used=1072Kb max_used=1072Kb free=118927Kb
 bounds [0x000002c7d4000000, 0x000002c7d4270000, 0x000002c7db530000]
CodeHeap 'non-nmethods': size=5696Kb used=1265Kb max_used=1269Kb free=4431Kb
 bounds [0x000002c7db530000, 0x000002c7db7a0000, 0x000002c7dbac0000]
CodeCache: size=245760Kb, used=2522Kb, max_used=2526Kb, free=243236Kb
 total_blobs=1154, nmethods=733, adapters=325, full_count=0
Compilation: enabled, stopped_count=0, restarted_count=0

Compilation events (20 events):
Event: 1.594 Thread 0x000002c7e67443a0 nmethod 587 0x000002c7d40bc188 code [0x000002c7d40bc380, 0x000002c7d40bd170]
Event: 1.594 Thread 0x000002c7e67443a0  588       3       java.util.ArrayList$Itr::checkForComodification (23 bytes)
Event: 1.595 Thread 0x000002c7e67443a0 nmethod 588 0x000002c7d40bd208 code [0x000002c7d40bd340, 0x000002c7d40bd500]
Event: 1.595 Thread 0x000002c7e67443a0  589       3       java.util.ArrayList$Itr::next (66 bytes)
Event: 1.595 Thread 0x000002c7e67443a0 nmethod 589 0x000002c7d40bd588 code [0x000002c7d40bd700, 0x000002c7d40bdb90]
Event: 1.595 Thread 0x000002c7e67443a0  590       3       java.io.ByteArrayOutputStream::ensureCapacity (32 bytes)
Event: 1.595 Thread 0x000002c7e67443a0 nmethod 590 0x000002c7d40bdc08 code [0x000002c7d40bdd60, 0x000002c7d40be0e0]
Event: 1.595 Thread 0x000002c7e67443a0  591  s    3       java.io.ByteArrayOutputStream::write (32 bytes)
Event: 1.595 Thread 0x000002c7e67443a0 nmethod 591 0x000002c7d40be108 code [0x000002c7d40be240, 0x000002c7d40be518]
Event: 1.595 Thread 0x000002c7e67443a0  593       3       com.adobe.flash.abc.ABCEmitter$ABCWriter::writeU30 (212 bytes)
Event: 1.597 Thread 0x000002c7e67443a0 nmethod 593 0x000002c7d40be588 code [0x000002c7d40be8e0, 0x000002c7d40c1738]
Event: 1.597 Thread 0x000002c7e67443a0  592       1       java.util.concurrent.locks.AbstractQueuedSynchronizer::getState (5 bytes)
Event: 1.597 Thread 0x000002c7e67443a0 nmethod 592 0x000002c7dbaeb208 code [0x000002c7dbaeb300, 0x000002c7dbaeb3c8]
Event: 1.597 Thread 0x000002c7e67443a0  594       3       java.util.zip.ZipFile::getZipEntry (251 bytes)
Event: 1.598 Thread 0x000002c7e67443a0 nmethod 594 0x000002c7d40c1788 code [0x000002c7d40c1a40, 0x000002c7d40c2cb0]
Event: 1.611 Thread 0x000002c7e67443a0  595   !   3       java.util.jar.JarFile::getManifestFromReference (197 bytes)
Event: 1.612 Thread 0x000002c7e6743ae0  596       4       java.lang.StringLatin1::replace (197 bytes)
Event: 1.612 Thread 0x000002c7e67443a0 nmethod 595 0x000002c7d40c2d88 code [0x000002c7d40c3020, 0x000002c7d40c4548]
Event: 1.621 Thread 0x000002c7e67443a0  597   !   3       jdk.internal.loader.BuiltinClassLoader::findClassOnClassPathOrNull (38 bytes)
Event: 1.622 Thread 0x000002c7e67443a0 nmethod 597 0x000002c7d40c4608 code [0x000002c7d40c4840, 0x000002c7d40c5bc8]

GC Heap History (0 events):
No events

Dll operation events (7 events):
Event: 0.018 Loaded shared library C:\Users\shang\.jdks\openjdk-24.0.1\bin\java.dll
Event: 0.056 Loaded shared library C:\Users\shang\.jdks\openjdk-24.0.1\bin\jsvml.dll
Event: 0.068 Loaded shared library C:\Users\shang\.jdks\openjdk-24.0.1\bin\net.dll
Event: 0.072 Loaded shared library C:\Users\shang\.jdks\openjdk-24.0.1\bin\nio.dll
Event: 0.085 Loaded shared library C:\Users\shang\.jdks\openjdk-24.0.1\bin\zip.dll
Event: 0.124 Loaded shared library C:\Users\shang\.jdks\openjdk-24.0.1\bin\verify.dll
Event: 0.174 Loaded shared library C:\Users\shang\.jdks\openjdk-24.0.1\bin\jimage.dll

Deoptimization events (20 events):
Event: 0.097 Thread 0x000002c7c9406420 DEOPT PACKING pc=0x000002c7d4005798 sp=0x000000df805fa340
Event: 0.097 Thread 0x000002c7c9406420 DEOPT UNPACKING pc=0x000002c7db585722 sp=0x000000df805f97b0 mode 0
Event: 0.097 Thread 0x000002c7c9406420 DEOPT PACKING pc=0x000002c7d4004340 sp=0x000000df805fa210
Event: 0.097 Thread 0x000002c7c9406420 DEOPT UNPACKING pc=0x000002c7db585722 sp=0x000000df805f9698 mode 0
Event: 0.097 Thread 0x000002c7c9406420 DEOPT PACKING pc=0x000002c7d4005798 sp=0x000000df805fa340
Event: 0.097 Thread 0x000002c7c9406420 DEOPT UNPACKING pc=0x000002c7db585722 sp=0x000000df805f97b0 mode 0
Event: 0.097 Thread 0x000002c7c9406420 DEOPT PACKING pc=0x000002c7d4004340 sp=0x000000df805fa210
Event: 0.097 Thread 0x000002c7c9406420 DEOPT UNPACKING pc=0x000002c7db585722 sp=0x000000df805f9698 mode 0
Event: 0.097 Thread 0x000002c7c9406420 DEOPT PACKING pc=0x000002c7d4005798 sp=0x000000df805fa340
Event: 0.097 Thread 0x000002c7c9406420 DEOPT UNPACKING pc=0x000002c7db585722 sp=0x000000df805f97b0 mode 0
Event: 0.097 Thread 0x000002c7c9406420 DEOPT PACKING pc=0x000002c7d4005798 sp=0x000000df805fa340
Event: 0.097 Thread 0x000002c7c9406420 DEOPT UNPACKING pc=0x000002c7db585722 sp=0x000000df805f97b0 mode 0
Event: 0.158 Thread 0x000002c7c9406420 Uncommon trap: trap_request=0xffffff4d fr.pc=0x000002c7dbac42d0 relative=0x0000000000000230
Event: 0.158 Thread 0x000002c7c9406420 Uncommon trap: reason=unstable_if action=reinterpret pc=0x000002c7dbac42d0 method=jdk.internal.util.ArraysSupport.hashCodeOfUnsigned([BIII)I @ 1 c2
Event: 0.158 Thread 0x000002c7c9406420 DEOPT PACKING pc=0x000002c7dbac42d0 sp=0x000000df805fbc20
Event: 0.158 Thread 0x000002c7c9406420 DEOPT UNPACKING pc=0x000002c7db645182 sp=0x000000df805fbba0 mode 2
Event: 1.185 Thread 0x000002c7c9406420 Uncommon trap: trap_request=0xffffff6e fr.pc=0x000002c7dbacc79c relative=0x000000000000017c
Event: 1.185 Thread 0x000002c7c9406420 Uncommon trap: reason=loop_limit_check action=maybe_recompile pc=0x000002c7dbacc79c method=java.lang.StringLatin1.lastIndexOf([BII)I @ 19 c2
Event: 1.185 Thread 0x000002c7c9406420 DEOPT PACKING pc=0x000002c7dbacc79c sp=0x000000df805fd1b0
Event: 1.185 Thread 0x000002c7c9406420 DEOPT UNPACKING pc=0x000002c7db645182 sp=0x000000df805fd130 mode 2

Classes loaded (20 events):
Event: 1.261 Loading class java/util/concurrent/FutureTask$WaitNode
Event: 1.261 Loading class java/util/concurrent/FutureTask$WaitNode done
Event: 1.261 Loading class java/util/concurrent/ThreadPoolExecutor$Worker
Event: 1.261 Loading class java/util/concurrent/ThreadPoolExecutor$Worker done
Event: 1.528 Loading class java/util/Vector
Event: 1.529 Loading class java/util/Vector done
Event: 1.540 Loading class java/util/NoSuchElementException
Event: 1.540 Loading class java/util/NoSuchElementException done
Event: 1.550 Loading class java/lang/invoke/DirectMethodHandle$StaticAccessor
Event: 1.550 Loading class java/lang/invoke/DirectMethodHandle$StaticAccessor done
Event: 1.550 Loading class jdk/internal/reflect/MethodHandleIntegerFieldAccessorImpl
Event: 1.551 Loading class jdk/internal/reflect/MethodHandleIntegerFieldAccessorImpl done
Event: 1.585 Loading class java/lang/NoSuchFieldError
Event: 1.585 Loading class java/lang/NoSuchFieldError done
Event: 1.588 Loading class java/util/ComparableTimSort
Event: 1.588 Loading class java/util/ComparableTimSort done
Event: 1.588 Loading class java/util/Vector$Itr
Event: 1.589 Loading class java/util/Vector$Itr done
Event: 1.590 Loading class java/util/Stack
Event: 1.591 Loading class java/util/Stack done

Classes unloaded (0 events):
No events

Classes redefined (0 events):
No events

Internal exceptions (10 events):
Event: 0.188 Thread 0x000002c7c9406420 Exception <a 'java/lang/NoSuchMethodError'{0x00000000e7b48bb0}: 'java.lang.Object java.lang.invoke.Invokers$Holder.invokeExact_MT(java.lang.Object, java.lang.Object, java.lang.Object, java.lang.Object, java.lang.Object)'> (0x00000000e7b48bb0) 
thrown [s\open\src\hotspot\share\interpreter\linkResolver.cpp, line 805]
Event: 0.193 Thread 0x000002c7c9406420 Exception <a 'java/lang/NoSuchMethodError'{0x00000000e7b6a7d0}: 'long java.lang.invoke.DelegatingMethodHandle$Holder.reinvoke_L(java.lang.Object, java.lang.Object, int)'> (0x00000000e7b6a7d0) 
thrown [s\open\src\hotspot\share\interpreter\linkResolver.cpp, line 805]
Event: 0.203 Thread 0x000002c7c9406420 Exception <a 'java/lang/NoSuchMethodError'{0x00000000e7b82588}: 'java.lang.Object java.lang.invoke.DirectMethodHandle$Holder.invokeStatic(java.lang.Object, java.lang.Object, java.lang.Object, java.lang.Object, int)'> (0x00000000e7b82588) 
thrown [s\open\src\hotspot\share\interpreter\linkResolver.cpp, line 805]
Event: 0.208 Thread 0x000002c7c9406420 Exception <a 'java/lang/NoSuchMethodError'{0x00000000e7ba4ba8}: 'java.lang.Object java.lang.invoke.DelegatingMethodHandle$Holder.reinvoke_L(java.lang.Object, java.lang.Object, java.lang.Object, java.lang.Object, long, int)'> (0x00000000e7ba4ba8) 
thrown [s\open\src\hotspot\share\interpreter\linkResolver.cpp, line 805]
Event: 0.256 Thread 0x000002c7c9406420 Exception <a 'java/lang/NoSuchMethodError'{0x00000000e7bf0dc8}: 'java.lang.Object java.lang.invoke.DirectMethodHandle$Holder.invokeStatic(java.lang.Object, java.lang.Object, java.lang.Object, java.lang.Object, java.lang.Object, java.lang.Object, java.lang.Object, java.lang.Object)'> (0x00000000e7bf0dc8) 
thrown [s\open\src\hotspot\share\interpreter\linkResolver.cpp, line 805]
Event: 0.259 Thread 0x000002c7c9406420 Exception <a 'java/lang/NoSuchMethodError'{0x00000000e7bfab78}: 'int java.lang.invoke.DirectMethodHandle$Holder.invokeSpecial(java.lang.Object, java.lang.Object, java.lang.Object)'> (0x00000000e7bfab78) 
thrown [s\open\src\hotspot\share\interpreter\linkResolver.cpp, line 805]
Event: 0.404 Thread 0x000002c7c9406420 Exception <a 'java/lang/NoSuchMethodError'{0x00000000e7a1da40}: 'java.lang.Object java.lang.invoke.DirectMethodHandle$Holder.invokeStatic(java.lang.Object, java.lang.Object, java.lang.Object, java.lang.Object, java.lang.Object, java.lang.Object, java.lang.Object, java.lang.Object, java.lang.Object)'> (0x00000000e7a1da40) 
thrown [s\open\src\hotspot\share\interpreter\linkResolver.cpp, line 805]
Event: 0.436 Thread 0x000002c7c9406420 Exception <a 'java/lang/NoSuchMethodError'{0x00000000e7a35800}: 'java.lang.Object java.lang.invoke.DirectMethodHandle$Holder.invokeStatic(java.lang.Object, java.lang.Object, int)'> (0x00000000e7a35800) 
thrown [s\open\src\hotspot\share\interpreter\linkResolver.cpp, line 805]
Event: 0.490 Thread 0x000002c7c9406420 Exception <a 'java/lang/NoSuchMethodError'{0x00000000e7a4e890}: 'void java.lang.invoke.DelegatingMethodHandle$Holder.delegate(java.lang.Object, java.lang.Object, int, java.lang.Object)'> (0x00000000e7a4e890) 
thrown [s\open\src\hotspot\share\interpreter\linkResolver.cpp, line 805]
Event: 1.551 Thread 0x000002c7c5240750 Exception <a 'java/lang/NoSuchMethodError'{0x00000000e77222a0}: 'int java.lang.invoke.Invokers$Holder.invokeExact_MT(java.lang.Object, java.lang.Object)'> (0x00000000e77222a0) 
thrown [s\open\src\hotspot\share\interpreter\linkResolver.cpp, line 805]

VM Operations (4 events):
Event: 0.425 Executing VM operation: HandshakeAllThreads (Deoptimize)
Event: 0.425 Executing VM operation: HandshakeAllThreads (Deoptimize) done
Event: 1.254 Executing VM operation: HandshakeAllThreads (Deoptimize)
Event: 1.254 Executing VM operation: HandshakeAllThreads (Deoptimize) done

Memory protections (0 events):
No events

Nmethod flushes (0 events):
No events

Events (16 events):
Event: 0.038 Thread 0x000002c7c9406420 Thread added: 0x000002c7c9406420
Event: 0.053 Thread 0x000002c7c9406420 Thread added: 0x000002c7e672ed80
Event: 0.053 Thread 0x000002c7c9406420 Thread added: 0x000002c7e672f5c0
Event: 0.053 Thread 0x000002c7c9406420 Thread added: 0x000002c7e673b6f0
Event: 0.053 Thread 0x000002c7c9406420 Thread added: 0x000002c7e673e230
Event: 0.053 Thread 0x000002c7c9406420 Thread added: 0x000002c7e673ed60
Event: 0.053 Thread 0x000002c7c9406420 Thread added: 0x000002c7e673f9c0
Event: 0.053 Thread 0x000002c7c9406420 Thread added: 0x000002c7e6743ae0
Event: 0.054 Thread 0x000002c7c9406420 Thread added: 0x000002c7e67443a0
Event: 0.060 Thread 0x000002c7c9406420 Thread added: 0x000002c7e6714d10
Event: 0.062 Thread 0x000002c7c9406420 Thread added: 0x000002c7c5051070
Event: 0.079 Thread 0x000002c7e67443a0 Thread added: 0x000002c7c50e7b80
Event: 0.397 Thread 0x000002c7c50e7b80 Thread exited: 0x000002c7c50e7b80
Event: 0.687 Thread 0x000002c7c9406420 Thread added: 0x000002c7c55d5310
Event: 1.223 Thread 0x000002c7c9406420 Thread added: 0x000002c7c58a95a0
Event: 1.261 Thread 0x000002c7c9406420 Thread added: 0x000002c7c5240750


Dynamic libraries:
0x00007ff660e90000 - 0x00007ff660e9e000 	C:\Users\shang\.jdks\openjdk-24.0.1\bin\java.exe
0x00007ffc96080000 - 0x00007ffc962e8000 	C:\WINDOWS\SYSTEM32\ntdll.dll
0x00007ffc95010000 - 0x00007ffc950d9000 	C:\WINDOWS\System32\KERNEL32.DLL
0x00007ffc931d0000 - 0x00007ffc935bd000 	C:\WINDOWS\System32\KERNELBASE.dll
0x00007ffc93960000 - 0x00007ffc93aab000 	C:\WINDOWS\System32\ucrtbase.dll
0x00007ffc79f90000 - 0x00007ffc79fab000 	C:\Users\shang\.jdks\openjdk-24.0.1\bin\VCRUNTIME140.dll
0x00007ffc79f70000 - 0x00007ffc79f86000 	C:\Users\shang\.jdks\openjdk-24.0.1\bin\jli.dll
0x00007ffc95920000 - 0x00007ffc95aec000 	C:\WINDOWS\System32\USER32.dll
0x00007ffc7aaa0000 - 0x00007ffc7ad3a000 	C:\WINDOWS\WinSxS\amd64_microsoft.windows.common-controls_6595b64144ccf1df_6.0.26100.4484_none_3e0e6d4ce32ef3b3\COMCTL32.dll
0x00007ffc93df0000 - 0x00007ffc93e17000 	C:\WINDOWS\System32\win32u.dll
0x00007ffc94620000 - 0x00007ffc946c9000 	C:\WINDOWS\System32\msvcrt.dll
0x00007ffc93e70000 - 0x00007ffc93e9b000 	C:\WINDOWS\System32\GDI32.dll
0x00007ffc93bf0000 - 0x00007ffc93d27000 	C:\WINDOWS\System32\gdi32full.dll
0x00007ffc93ab0000 - 0x00007ffc93b53000 	C:\WINDOWS\System32\msvcp_win.dll
0x00007ffc95290000 - 0x00007ffc952bf000 	C:\WINDOWS\System32\IMM32.DLL
0x00007ffc78e70000 - 0x00007ffc78e7c000 	C:\Users\shang\.jdks\openjdk-24.0.1\bin\vcruntime140_1.dll
0x00007ffc59170000 - 0x00007ffc591fe000 	C:\Users\shang\.jdks\openjdk-24.0.1\bin\msvcp140.dll
0x00007ffbe1dc0000 - 0x00007ffbe2b62000 	C:\Users\shang\.jdks\openjdk-24.0.1\bin\server\jvm.dll
0x00007ffc95bf0000 - 0x00007ffc95ca4000 	C:\WINDOWS\System32\ADVAPI32.dll
0x00007ffc94800000 - 0x00007ffc948a6000 	C:\WINDOWS\System32\sechost.dll
0x00007ffc95780000 - 0x00007ffc95898000 	C:\WINDOWS\System32\RPCRT4.dll
0x00007ffc93ea0000 - 0x00007ffc93f14000 	C:\WINDOWS\System32\WS2_32.dll
0x00007ffc91e50000 - 0x00007ffc91eae000 	C:\WINDOWS\SYSTEM32\POWRPROF.dll
0x00007ffc8c650000 - 0x00007ffc8c65b000 	C:\WINDOWS\SYSTEM32\VERSION.dll
0x00007ffc86a60000 - 0x00007ffc86a95000 	C:\WINDOWS\SYSTEM32\WINMM.dll
0x00007ffc91dd0000 - 0x00007ffc91de4000 	C:\WINDOWS\SYSTEM32\UMPDC.dll
0x00007ffc92090000 - 0x00007ffc920ab000 	C:\WINDOWS\SYSTEM32\kernel.appcore.dll
0x00007ffc73dc0000 - 0x00007ffc73dca000 	C:\Users\shang\.jdks\openjdk-24.0.1\bin\jimage.dll
0x00007ffc7e990000 - 0x00007ffc7ebd1000 	C:\WINDOWS\SYSTEM32\DBGHELP.DLL
0x00007ffc95cb0000 - 0x00007ffc96036000 	C:\WINDOWS\System32\combase.dll
0x00007ffc93f20000 - 0x00007ffc94000000 	C:\WINDOWS\System32\OLEAUT32.dll
0x00007ffc75f80000 - 0x00007ffc75fc3000 	C:\WINDOWS\SYSTEM32\dbgcore.DLL
0x00007ffc93740000 - 0x00007ffc937d9000 	C:\WINDOWS\System32\bcryptPrimitives.dll
0x00007ffc73d70000 - 0x00007ffc73d8e000 	C:\Users\shang\.jdks\openjdk-24.0.1\bin\java.dll
0x00007ffc94470000 - 0x00007ffc9460e000 	C:\WINDOWS\System32\ole32.dll
0x00007ffc948c0000 - 0x00007ffc9500a000 	C:\WINDOWS\System32\SHELL32.dll
0x00007ffc935c0000 - 0x00007ffc93734000 	C:\WINDOWS\System32\wintypes.dll
0x00007ffc90e50000 - 0x00007ffc916ab000 	C:\WINDOWS\SYSTEM32\windows.storage.dll
0x00007ffc95af0000 - 0x00007ffc95be5000 	C:\WINDOWS\System32\SHCORE.dll
0x00007ffc958b0000 - 0x00007ffc9591a000 	C:\WINDOWS\System32\shlwapi.dll
0x00007ffc930e0000 - 0x00007ffc9310f000 	C:\WINDOWS\SYSTEM32\profapi.dll
0x00007ffc36780000 - 0x00007ffc36857000 	C:\Users\shang\.jdks\openjdk-24.0.1\bin\jsvml.dll
0x00007ffc73db0000 - 0x00007ffc73dc0000 	C:\Users\shang\.jdks\openjdk-24.0.1\bin\net.dll
0x00007ffc92620000 - 0x00007ffc9268a000 	C:\WINDOWS\system32\mswsock.dll
0x00007ffc73d50000 - 0x00007ffc73d66000 	C:\Users\shang\.jdks\openjdk-24.0.1\bin\nio.dll
0x00007ffc73d30000 - 0x00007ffc73d47000 	C:\Users\shang\.jdks\openjdk-24.0.1\bin\zip.dll
0x00007ffc73ad0000 - 0x00007ffc73ae0000 	C:\Users\shang\.jdks\openjdk-24.0.1\bin\verify.dll

JVMTI agents: none

dbghelp: loaded successfully - version: 4.0.5 - missing functions: none
symbol engine: initialized successfully - sym options: 0x614 - pdb path: .;C:\Users\shang\.jdks\openjdk-24.0.1\bin;C:\WINDOWS\SYSTEM32;C:\WINDOWS\WinSxS\amd64_microsoft.windows.common-controls_6595b64144ccf1df_6.0.26100.4484_none_3e0e6d4ce32ef3b3;C:\Users\shang\.jdks\openjdk-24.0.1\bin\server

VM Arguments:
jvm_args: -Dapplication.home=C:\Users\shang\OneDrive\Desktop\AIRSDK_51.1.3 -Dfile.encoding=UTF-8 -Djava.awt.headless=true -Duser.language=en -Duser.region=en -Xmx512m 
java_command: com.adobe.flash.compiler.clients.MXMLC -load-config=C:\Users\shang\AppData\Local\JetBrains\IntelliJIdea2025.1\compile-server\webmain_3296dcc9\_temp_\IntelliJ_IDEA\idea-AEAB9808-45A3E760.xml -default-size 800 600 -default-frame-rate 60 -default-background-color #000000 -swf-version 15 -dump-config config.xml -optimize=true -use-direct-blit=true -keep-as3-metadata+=Inject -keep-as3-metadata+=Embed -keep-as3-metadata+=PostConstruct -keep-as3-metadata+=ArrayElementType
java_class_path (initial): C:\Users\shang\OneDrive\Desktop\AIRSDK_51.1.3\lib\compiler.jar
Launcher Type: SUN_STANDARD

[Global flags]
     intx CICompilerCount                          = 4                                         {product} {ergonomic}
     uint ConcGCThreads                            = 2                                         {product} {ergonomic}
     uint G1ConcRefinementThreads                  = 8                                         {product} {ergonomic}
   size_t G1HeapRegionSize                         = 1048576                                   {product} {ergonomic}
   size_t InitialHeapSize                          = 134217728                                 {product} {ergonomic}
   size_t MarkStackSize                            = 4194304                                   {product} {ergonomic}
   size_t MarkStackSizeMax                         = 536870912                                 {product} {ergonomic}
   size_t MaxHeapSize                              = 536870912                                 {product} {command line}
   size_t MaxNewSize                               = 321912832                                 {product} {ergonomic}
   size_t MinHeapDeltaBytes                        = 1048576                                   {product} {ergonomic}
   size_t MinHeapSize                              = 8388608                                   {product} {ergonomic}
    uintx NonNMethodCodeHeapSize                   = 5832704                                {pd product} {ergonomic}
    uintx NonProfiledCodeHeapSize                  = 122945536                              {pd product} {ergonomic}
    uintx ProfiledCodeHeapSize                     = 122880000                              {pd product} {ergonomic}
    uintx ReservedCodeCacheSize                    = 251658240                              {pd product} {ergonomic}
     bool SegmentedCodeCache                       = true                                      {product} {ergonomic}
   size_t SoftMaxHeapSize                          = 536870912                              {manageable} {ergonomic}
     bool UseCompressedOops                        = true                           {product lp64_product} {ergonomic}
     bool UseG1GC                                  = true                                      {product} {ergonomic}
     bool UseLargePagesIndividualAllocation        = false                                  {pd product} {ergonomic}

Logging:
Log output configuration:
 #0: stdout all=warning uptime,level,tags foldmultilines=false
 #1: stderr all=off uptime,level,tags foldmultilines=false

Environment Variables:
JAVA_HOME=C:\Program Files (x86)\Java\jre1.8.0_451
PATH=C:\Program Files (x86)\Java\jre1.8.0_451\bin;C:\Users\shang\Downloads\apache-ant-1.10.15-bin\apache-ant-1.10.15\bin;C:\Program Files (x86)\Razer Chroma SDK\bin;C:\Program Files\Razer Chroma SDK\bin;C:\Windows\system32;C:\Windows;C:\Windows\System32\Wbem;C:\Windows\System32\WindowsPowerShell\v1.0\;C:\Windows\System32\OpenSSH\;C:\Program Files (x86)\Razer\ChromaBroadcast\bin;C:\Program Files\Razer\ChromaBroadcast\bin;C:\Windows\system32\config\systemprofile\AppData\Local\Microsoft\WindowsApps;C:\WINDOWS\system32;C:\WINDOWS;C:\WINDOWS\System32\Wbem;C:\WINDOWS\System32\WindowsPowerShell\v1.0\;C:\WINDOWS\System32\OpenSSH\;C:\Users\shang\AppData\Local\Programs\Python\Python39\Scripts;C:\Program Files\Microsoft SQL Server\150\Tools\Binn\;C:\Program Files\dotnet\;C:\Users\shang\Downloads\apache-maven-3.9.8-bin (2)\apache-maven-3.9.8\bin;C:\Program Files (x86)\NVIDIA Corporation\PhysX\Common;C:\Program Files\PuTTY\;C:\Program Files\Git\cmd;C:\Program Files\Git LFS;C:\Program Files\CMake\bin;C:\Users\shang\AppData\Local\Programs\Python\Launcher\;C:\Program Files (x86)\Java\jre1.8.0_451\bin;C:\Users\shang\Downloads\apache-ant-1.10.15-bin\apache-ant-1.10.15\bin;C:\Program Files (x86)\Razer Chroma SDK\bin;C:\Program Files\Razer Chroma SDK\bin;C:\Windows\system32;C:\Windows;C:\Windows\System32\Wbem;C:\Windows\System32\WindowsPowerShell\v1.0\;C:\Windows\System32\OpenSSH\;C:\Program Files (x86)\Razer\ChromaBroadcast\bin;C:\Program Files\Razer\ChromaBroadcast\bin;C:\Windows\system32\config\systemprofile\AppData\Local\Microsoft\WindowsApps;C:\WINDOWS\system32;C:\WINDOWS;C:\WINDOWS\System32\Wbem;C:\WINDOWS\System32\WindowsPowerShell\v1.0\;C:\WINDOWS\System32\OpenSSH\;C:\Users\shang\AppData\Local\Programs\Python\Python39\Scripts;C:\Program Files\Microsoft SQL Server\150\Tools\Binn\;C:\Program Files\dotnet\;C:\Users\shang\Downloads\apache-maven-3.9.8-bin (2)\apache-maven-3.9.8\bin;C:\Program Files (x86)\NVIDIA Corporation\PhysX\Common;C:\Program Files\PuTTY\;C:\Program Files\Git\cmd;C:\Program Files\Git LFS;C:\Program Files\CMake\bin;C:\build tool\apache-maven-3.9.8\bin\bin;C:\Users\shang\AppData\Local\Microsoft\WindowsApps;C:\Users\shang\.dotnet\tools
USERNAME=shang
OS=Windows_NT
PROCESSOR_IDENTIFIER=AMD64 Family 23 Model 24 Stepping 1, AuthenticAMD
TMP=C:\Users\shang\AppData\Local\Temp
TEMP=C:\Users\shang\AppData\Local\Temp




Periodic native trim disabled

---------------  S Y S T E M  ---------------

OS:
 Windows 11 , 64 bit Build 26100 (10.0.26100.4484)
OS uptime: 8 days 21:48 hours

CPU: total 8 (initial active 8) (8 cores per cpu, 2 threads per core) family 23 model 24 stepping 1 microcode 0x8108109, cx8, cmov, fxsr, ht, mmx, 3dnowpref, sse, sse2, sse3, ssse3, sse4a, sse4.1, sse4.2, popcnt, lzcnt, tsc, tscinvbit, avx, avx2, aes, clmul, bmi1, bmi2, adx, sha, fma, vzeroupper, clflush, clflushopt, rdtscp, f16c
Processor Information for the first 8 processors :
  Max Mhz: 3700, Current Mhz: 3700, Mhz Limit: 3700

Memory: 4k page, system-wide physical 8128M (486M free)
TotalPageFile size 32704M (AvailPageFile size 0M)
current process WorkingSet (physical memory assigned to process): 64M, peak: 64M
current process commit charge ("private bytes"): 224M, peak: 224M

vm_info: OpenJDK 64-Bit Server VM (24.0.1+9-30) for windows-amd64 JRE (24.0.1+9-30), built on 2025-03-05T07:23:45Z with MS VC++ 17.6 (VS2022)

END.
