#
# There is insufficient memory for the Java Runtime Environment to continue.
# Native memory allocation (malloc) failed to allocate 2412440 bytes. Error detail: Chunk::new
# Possible reasons:
#   The system is out of physical RAM or swap space
#   This process is running with CompressedOops enabled, and the Java Heap may be blocking the growth of the native heap
# Possible solutions:
#   Reduce memory load on the system
#   Increase physical memory or swap space
#   Check if swap backing store is full
#   Decrease Java heap size (-Xmx/-Xms)
#   Decrease number of Java threads
#   Decrease Java thread stack sizes (-Xss)
#   Set larger code cache with -XX:ReservedCodeCacheSize=
#   JVM is running with Unscaled Compressed Oops mode in which the Java heap is
#     placed in the first 4GB address space. The Java Heap base address is the
#     maximum limit for the native heap growth. Please use -XX:HeapBaseMinAddress
#     to set the Java Heap base and to place the Java Heap above 4GB virtual address.
# This output file may be truncated or incomplete.
#
#  Out of Memory Error (arena.cpp:162), pid=38832, tid=2148
#
# JRE version: OpenJDK Runtime Environment (24.0.1+9) (build 24.0.1+9-30)
# Java VM: OpenJDK 64-Bit Server VM (24.0.1+9-30, mixed mode, sharing, tiered, compressed oops, compressed class ptrs, g1 gc, windows-amd64)
# No core dump will be written. Minidumps are not enabled by default on client versions of Windows
#

---------------  S U M M A R Y ------------

Command Line: -Dapplication.home=C:\Users\shang\OneDrive\Desktop\AIRSDK_51.1.3 -Dfile.encoding=UTF-8 -Djava.awt.headless=true -Duser.language=en -Duser.region=en -Xmx512m com.adobe.flash.compiler.clients.MXMLC -load-config=C:\Users\shang\AppData\Local\JetBrains\IntelliJIdea2025.1\compile-server\webmain_3296dcc9\_temp_\IntelliJ_IDEA\idea-AEAB9808-45A3E760.xml -default-size 800 600 -default-frame-rate 60 -default-background-color #000000 -swf-version 15 -dump-config config.xml -optimize=true -use-direct-blit=true -keep-as3-metadata+=Inject -keep-as3-metadata+=Embed -keep-as3-metadata+=PostConstruct -keep-as3-metadata+=ArrayElementType

Host: AMD Ryzen 5 3400G with Radeon Vega Graphics    , 8 cores, 7G,  Windows 11 , 64 bit Build 26100 (10.0.26100.4484)
Time: Thu Jul 24 10:26:05 2025 Västeuropa, sommartid elapsed time: 31.089116 seconds (0d 0h 0m 31s)

---------------  T H R E A D  ---------------

Current thread (0x0000026cfe0de160):  JavaThread "C2 CompilerThread0" daemon [_thread_in_native, id=2148, stack(0x000000d360a00000,0x000000d360b00000) (1024K)]


Current CompileTask:
C2:31089 8404       4       com.adobe.flash.abc.ABCParser::readCode (1825 bytes)

Stack: [0x000000d360a00000,0x000000d360b00000]
Native frames: (J=compiled Java code, j=interpreted, Vv=VM code, C=native code)
V  [jvm.dll+0x730739]  (no source info available)
V  [jvm.dll+0x8d9b23]  (no source info available)
V  [jvm.dll+0x8dc00d]  (no source info available)
V  [jvm.dll+0x8dc683]  (no source info available)
V  [jvm.dll+0x2aa086]  (no source info available)
V  [jvm.dll+0xcedef]  (no source info available)
V  [jvm.dll+0xcf04f]  (no source info available)
V  [jvm.dll+0x3f373c]  (no source info available)
V  [jvm.dll+0x206085]  (no source info available)
V  [jvm.dll+0x26f7f0]  (no source info available)
V  [jvm.dll+0x26ea3f]  (no source info available)
V  [jvm.dll+0x1e9d60]  (no source info available)
V  [jvm.dll+0x27e1fb]  (no source info available)
V  [jvm.dll+0x27c49a]  (no source info available)
V  [jvm.dll+0x42f456]  (no source info available)
V  [jvm.dll+0x87d76b]  (no source info available)
V  [jvm.dll+0x72ee55]  (no source info available)
C  [ucrtbase.dll+0x37b0]  (no source info available)
C  [KERNEL32.DLL+0x2e8d7]  (no source info available)
C  [ntdll.dll+0x3c34c]  (no source info available)

Lock stack of current Java thread (top to bottom):


---------------  P R O C E S S  ---------------

Threads class SMR info:
_java_thread_list=0x0000026cc9e4d490, length=30, elements={
0x0000026ce0dd6390, 0x0000026cfe0ce780, 0x0000026cfe0cfc30, 0x0000026cfe0d5d70,
0x0000026cfe0d88b0, 0x0000026cfe0d9f50, 0x0000026cfe0dbd90, 0x0000026cfe0de160,
0x0000026cfe0eb470, 0x0000026cc50467d0, 0x0000026cc504e160, 0x0000026cc52af600,
0x0000026cc51e2b90, 0x0000026cc5274190, 0x0000026cc5f768c0, 0x0000026cc5bac7b0,
0x0000026cc5bae4f0, 0x0000026cc5bac060, 0x0000026cc5bad650, 0x0000026cc5bacf00,
0x0000026cc5badda0, 0x0000026cc5baec40, 0x0000026cc5c500f0, 0x0000026cc5c50840,
0x0000026cc5c50f90, 0x0000026cc5c4dc60, 0x0000026cc5c516e0, 0x0000026cc5c4f250,
0x0000026cc5c4f9a0, 0x0000026cc7d5e130
}

Java Threads: ( => current thread )
  0x0000026ce0dd6390 JavaThread "main"                              [_thread_in_vm, id=20224, stack(0x000000d35fc00000,0x000000d35fd00000) (1024K)]
  0x0000026cfe0ce780 JavaThread "Reference Handler"          daemon [_thread_blocked, id=32316, stack(0x000000d360400000,0x000000d360500000) (1024K)]
  0x0000026cfe0cfc30 JavaThread "Finalizer"                  daemon [_thread_blocked, id=30140, stack(0x000000d360500000,0x000000d360600000) (1024K)]
  0x0000026cfe0d5d70 JavaThread "Signal Dispatcher"          daemon [_thread_blocked, id=34212, stack(0x000000d360600000,0x000000d360700000) (1024K)]
  0x0000026cfe0d88b0 JavaThread "Attach Listener"            daemon [_thread_blocked, id=35792, stack(0x000000d360700000,0x000000d360800000) (1024K)]
  0x0000026cfe0d9f50 JavaThread "Service Thread"             daemon [_thread_blocked, id=22688, stack(0x000000d360800000,0x000000d360900000) (1024K)]
  0x0000026cfe0dbd90 JavaThread "Monitor Deflation Thread"   daemon [_thread_blocked, id=41692, stack(0x000000d360900000,0x000000d360a00000) (1024K)]
=>0x0000026cfe0de160 JavaThread "C2 CompilerThread0"         daemon [_thread_in_native, id=2148, stack(0x000000d360a00000,0x000000d360b00000) (1024K)]
  0x0000026cfe0eb470 JavaThread "C1 CompilerThread0"         daemon [_thread_blocked, id=23760, stack(0x000000d360b00000,0x000000d360c00000) (1024K)]
  0x0000026cc50467d0 JavaThread "Notification Thread"        daemon [_thread_blocked, id=33268, stack(0x000000d360c00000,0x000000d360d00000) (1024K)]
  0x0000026cc504e160 JavaThread "Common-Cleaner"             daemon [_thread_blocked, id=41500, stack(0x000000d360d00000,0x000000d360e00000) (1024K)]
  0x0000026cc52af600 JavaThread "com.google.common.base.internal.Finalizer" daemon [_thread_blocked, id=43040, stack(0x000000d360e00000,0x000000d360f00000) (1024K)]
  0x0000026cc51e2b90 JavaThread "com.google.common.base.internal.Finalizer" daemon [_thread_blocked, id=42472, stack(0x000000d360f00000,0x000000d361000000) (1024K)]
  0x0000026cc5274190 JavaThread "pool-1-thread-1"                   [_thread_blocked, id=32364, stack(0x000000d361000000,0x000000d361100000) (1024K)]
  0x0000026cc5f768c0 JavaThread "pool-1-thread-2"                   [_thread_blocked, id=20284, stack(0x000000d361700000,0x000000d361800000) (1024K)]
  0x0000026cc5bac7b0 JavaThread "pool-1-thread-3"                   [_thread_blocked, id=21876, stack(0x000000d361800000,0x000000d361900000) (1024K)]
  0x0000026cc5bae4f0 JavaThread "pool-1-thread-4"                   [_thread_blocked, id=36052, stack(0x000000d361900000,0x000000d361a00000) (1024K)]
  0x0000026cc5bac060 JavaThread "pool-1-thread-5"                   [_thread_blocked, id=41432, stack(0x000000d361a00000,0x000000d361b00000) (1024K)]
  0x0000026cc5bad650 JavaThread "pool-1-thread-6"                   [_thread_blocked, id=36104, stack(0x000000d361b00000,0x000000d361c00000) (1024K)]
  0x0000026cc5bacf00 JavaThread "pool-1-thread-7"                   [_thread_blocked, id=24652, stack(0x000000d361c00000,0x000000d361d00000) (1024K)]
  0x0000026cc5badda0 JavaThread "pool-1-thread-8"                   [_thread_blocked, id=27584, stack(0x000000d361d00000,0x000000d361e00000) (1024K)]
  0x0000026cc5baec40 JavaThread "pool-1-thread-9"                   [_thread_blocked, id=1592, stack(0x000000d361e00000,0x000000d361f00000) (1024K)]
  0x0000026cc5c500f0 JavaThread "pool-1-thread-10"                  [_thread_blocked, id=42392, stack(0x000000d361f00000,0x000000d362000000) (1024K)]
  0x0000026cc5c50840 JavaThread "pool-1-thread-11"                  [_thread_blocked, id=23280, stack(0x000000d362000000,0x000000d362100000) (1024K)]
  0x0000026cc5c50f90 JavaThread "pool-1-thread-12"                  [_thread_blocked, id=18780, stack(0x000000d362100000,0x000000d362200000) (1024K)]
  0x0000026cc5c4dc60 JavaThread "pool-1-thread-13"                  [_thread_blocked, id=25808, stack(0x000000d362200000,0x000000d362300000) (1024K)]
  0x0000026cc5c516e0 JavaThread "pool-1-thread-14"                  [_thread_blocked, id=14696, stack(0x000000d362300000,0x000000d362400000) (1024K)]
  0x0000026cc5c4f250 JavaThread "pool-1-thread-15"                  [_thread_blocked, id=20576, stack(0x000000d362400000,0x000000d362500000) (1024K)]
  0x0000026cc5c4f9a0 JavaThread "pool-1-thread-16"                  [_thread_blocked, id=32620, stack(0x000000d362500000,0x000000d362600000) (1024K)]
  0x0000026cc7d5e130 JavaThread "C2 CompilerThread1"         daemon [_thread_in_native, id=38048, stack(0x000000d362600000,0x000000d362700000) (1024K)]
Total: 30

Other Threads:
  0x0000026cfe0c00d0 VMThread "VM Thread"                           [id=35056, stack(0x000000d360300000,0x000000d360400000) (1024K)]
  0x0000026cfe0abd90 WatcherThread "VM Periodic Task Thread"        [id=33328, stack(0x000000d360200000,0x000000d360300000) (1024K)]
  0x0000026ce311d620 WorkerThread "GC Thread#0"                     [id=16076, stack(0x000000d35fd00000,0x000000d35fe00000) (1024K)]
  0x0000026cc5bbdac0 WorkerThread "GC Thread#1"                     [id=26668, stack(0x000000d361100000,0x000000d361200000) (1024K)]
  0x0000026cc5bbde70 WorkerThread "GC Thread#2"                     [id=35124, stack(0x000000d361200000,0x000000d361300000) (1024K)]
  0x0000026cc6103390 WorkerThread "GC Thread#3"                     [id=37948, stack(0x000000d361300000,0x000000d361400000) (1024K)]
  0x0000026cc5d53500 WorkerThread "GC Thread#4"                     [id=13556, stack(0x000000d361400000,0x000000d361500000) (1024K)]
  0x0000026cc5d538b0 WorkerThread "GC Thread#5"                     [id=43268, stack(0x000000d361500000,0x000000d361600000) (1024K)]
  0x0000026cc5d53c60 WorkerThread "GC Thread#6"                     [id=2616, stack(0x000000d361600000,0x000000d361700000) (1024K)]
  0x0000026cc5f733a0 WorkerThread "GC Thread#7"                     [id=40900, stack(0x000000d362700000,0x000000d362800000) (1024K)]
  0x0000026ce31242f0 ConcurrentGCThread "G1 Main Marker"            [id=40128, stack(0x000000d35fe00000,0x000000d35ff00000) (1024K)]
  0x0000026ce31254b0 WorkerThread "G1 Conc#0"                       [id=22372, stack(0x000000d35ff00000,0x000000d360000000) (1024K)]
  0x0000026cc71dfd60 WorkerThread "G1 Conc#1"                       [id=31228, stack(0x000000d362800000,0x000000d362900000) (1024K)]
  0x0000026ce31ad770 ConcurrentGCThread "G1 Refine#0"               [id=42220, stack(0x000000d360000000,0x000000d360100000) (1024K)]
  0x0000026ce31ae200 ConcurrentGCThread "G1 Service"                [id=35388, stack(0x000000d360100000,0x000000d360200000) (1024K)]
Total: 15

Threads with active compile tasks:
C2 CompilerThread0  31315 8404       4       com.adobe.flash.abc.ABCParser::readCode (1825 bytes)
C2 CompilerThread1  31315 8471 %     4       com.adobe.flash.abc.ClassDependencySort::getSorted @ 60 (240 bytes)
Total: 2

VM state: not at safepoint (normal execution)

VM Mutex/Monitor currently owned by a thread: None

Heap address: 0x00000000e0000000, size: 512 MB, Compressed Oops mode: 32-bit

CDS archive(s) mapped at: [0x0000026c80000000-0x0000026c80d40000-0x0000026c80d40000), size 13893632, SharedBaseAddress: 0x0000026c80000000, ArchiveRelocationMode: 1.
Compressed class space mapped at: 0x0000026c81000000-0x0000026cc1000000, reserved size: 1073741824
UseCompressedClassPointers 1, UseCompactObjectHeaders 0
Narrow klass pointer bits 32, Max shift 3
Narrow klass base: 0x0000026c80000000, Narrow klass shift: 0
Encoding Range: [0x0000026c80000000 - 0x0000026d80000000), (4294967296 bytes)
Klass Range:    [0x0000026c80000000 - 0x0000026cc1000000), (1090519040 bytes)
Klass ID Range:  [8 - 1090519033) (1090519025)

GC Precious Log:
 CardTable entry size: 512
 Card Set container configuration: InlinePtr #cards 5 size 8 Array Of Cards #cards 10 size 36 Howl #buckets 4 coarsen threshold 1843 Howl Bitmap #cards 512 size 80 coarsen threshold 460 Card regions per heap region 1 cards per card region 2048
 CPUs: 8 total, 8 available
 Memory: 8128M
 Large Page Support: Disabled
 NUMA Support: Disabled
 Compressed Oops: Enabled (32-bit)
 Heap Region Size: 1M
 Heap Min Capacity: 8M
 Heap Initial Capacity: 128M
 Heap Max Capacity: 512M
 Pre-touch: Disabled
 Parallel Workers: 8
 Concurrent Workers: 2
 Concurrent Refinement Workers: 8
 Periodic GC: Disabled

Heap:
 garbage-first heap   total reserved 524288K, committed 154624K, used 109995K [0x00000000e0000000, 0x0000000100000000)
  region size 1024K, 4 young (4096K), 1 survivors (1024K)
 Metaspace       used 18049K, committed 18240K, reserved 1114112K
  class space    used 1558K, committed 1664K, reserved 1048576K

Heap Regions: E=young(eden), S=young(survivor), O=old, HS=humongous(starts), HC=humongous(continues), CS=collection set, F=free, TAMS=top-at-mark-start, PB=parsable bottom
|   0|0x00000000e0000000, 0x00000000e0100000, 0x00000000e0100000|100%| O|  |TAMS 0x00000000e0100000| PB 0x00000000e0000000| Untracked |  0
|   1|0x00000000e0100000, 0x00000000e0200000, 0x00000000e0200000|100%| O|  |TAMS 0x00000000e0200000| PB 0x00000000e0100000| Untracked |  0
|   2|0x00000000e0200000, 0x00000000e0300000, 0x00000000e0300000|100%| O|  |TAMS 0x00000000e0200000| PB 0x00000000e0200000| Untracked |  0
|   3|0x00000000e0300000, 0x00000000e0400000, 0x00000000e0400000|100%| O|  |TAMS 0x00000000e0400000| PB 0x00000000e0300000| Untracked |  0
|   4|0x00000000e0400000, 0x00000000e0500000, 0x00000000e0500000|100%| O|  |TAMS 0x00000000e0500000| PB 0x00000000e0400000| Untracked |  0
|   5|0x00000000e0500000, 0x00000000e0600000, 0x00000000e0600000|100%| O|  |TAMS 0x00000000e0600000| PB 0x00000000e0500000| Untracked |  0
|   6|0x00000000e0600000, 0x00000000e0700000, 0x00000000e0700000|100%| O|  |TAMS 0x00000000e0700000| PB 0x00000000e0600000| Untracked |  0
|   7|0x00000000e0700000, 0x00000000e0800000, 0x00000000e0800000|100%| O|  |TAMS 0x00000000e0800000| PB 0x00000000e0700000| Untracked |  0
|   8|0x00000000e0800000, 0x00000000e0900000, 0x00000000e0900000|100%| O|  |TAMS 0x00000000e0900000| PB 0x00000000e0800000| Untracked |  0
|   9|0x00000000e0900000, 0x00000000e0a00000, 0x00000000e0a00000|100%| O|  |TAMS 0x00000000e0a00000| PB 0x00000000e0900000| Untracked |  0
|  10|0x00000000e0a00000, 0x00000000e0b00000, 0x00000000e0b00000|100%| O|  |TAMS 0x00000000e0b00000| PB 0x00000000e0a00000| Untracked |  0
|  11|0x00000000e0b00000, 0x00000000e0c00000, 0x00000000e0c00000|100%| O|  |TAMS 0x00000000e0c00000| PB 0x00000000e0b00000| Untracked |  0
|  12|0x00000000e0c00000, 0x00000000e0d00000, 0x00000000e0d00000|100%| O|  |TAMS 0x00000000e0d00000| PB 0x00000000e0c00000| Untracked |  0
|  13|0x00000000e0d00000, 0x00000000e0e00000, 0x00000000e0e00000|100%| O|  |TAMS 0x00000000e0e00000| PB 0x00000000e0d00000| Untracked |  0
|  14|0x00000000e0e00000, 0x00000000e0f00000, 0x00000000e0f00000|100%| O|  |TAMS 0x00000000e0f00000| PB 0x00000000e0e00000| Untracked |  0
|  15|0x00000000e0f00000, 0x00000000e1000000, 0x00000000e1000000|100%| O|  |TAMS 0x00000000e1000000| PB 0x00000000e0f00000| Untracked |  0
|  16|0x00000000e1000000, 0x00000000e1100000, 0x00000000e1100000|100%| O|  |TAMS 0x00000000e1100000| PB 0x00000000e1000000| Untracked |  0
|  17|0x00000000e1100000, 0x00000000e1200000, 0x00000000e1200000|100%| O|  |TAMS 0x00000000e1200000| PB 0x00000000e1100000| Untracked |  0
|  18|0x00000000e1200000, 0x00000000e1300000, 0x00000000e1300000|100%| O|  |TAMS 0x00000000e1200000| PB 0x00000000e1200000| Untracked |  0
|  19|0x00000000e1300000, 0x00000000e1400000, 0x00000000e1400000|100%| O|  |TAMS 0x00000000e1400000| PB 0x00000000e1300000| Untracked |  0
|  20|0x00000000e1400000, 0x00000000e1500000, 0x00000000e1500000|100%| O|  |TAMS 0x00000000e1500000| PB 0x00000000e1400000| Untracked |  0
|  21|0x00000000e1500000, 0x00000000e1600000, 0x00000000e1600000|100%| O|  |TAMS 0x00000000e1600000| PB 0x00000000e1500000| Untracked |  0
|  22|0x00000000e1600000, 0x00000000e1700000, 0x00000000e1700000|100%| O|  |TAMS 0x00000000e1700000| PB 0x00000000e1600000| Untracked |  0
|  23|0x00000000e1700000, 0x00000000e1800000, 0x00000000e1800000|100%| O|  |TAMS 0x00000000e1800000| PB 0x00000000e1700000| Untracked |  0
|  24|0x00000000e1800000, 0x00000000e1900000, 0x00000000e1900000|100%| O|  |TAMS 0x00000000e1900000| PB 0x00000000e1800000| Untracked |  0
|  25|0x00000000e1900000, 0x00000000e1a00000, 0x00000000e1a00000|100%| O|  |TAMS 0x00000000e1900000| PB 0x00000000e1900000| Untracked |  0
|  26|0x00000000e1a00000, 0x00000000e1b00000, 0x00000000e1b00000|100%| O|  |TAMS 0x00000000e1b00000| PB 0x00000000e1a00000| Untracked |  0
|  27|0x00000000e1b00000, 0x00000000e1c00000, 0x00000000e1c00000|100%| O|  |TAMS 0x00000000e1b00000| PB 0x00000000e1b00000| Untracked |  0
|  28|0x00000000e1c00000, 0x00000000e1d00000, 0x00000000e1d00000|100%| O|  |TAMS 0x00000000e1d00000| PB 0x00000000e1c00000| Untracked |  0
|  29|0x00000000e1d00000, 0x00000000e1e00000, 0x00000000e1e00000|100%| O|  |TAMS 0x00000000e1e00000| PB 0x00000000e1d00000| Untracked |  0
|  30|0x00000000e1e00000, 0x00000000e1f00000, 0x00000000e1f00000|100%| O|  |TAMS 0x00000000e1f00000| PB 0x00000000e1e00000| Untracked |  0
|  31|0x00000000e1f00000, 0x00000000e2000000, 0x00000000e2000000|100%| O|  |TAMS 0x00000000e2000000| PB 0x00000000e1f00000| Untracked |  0
|  32|0x00000000e2000000, 0x00000000e2100000, 0x00000000e2100000|100%| O|  |TAMS 0x00000000e2100000| PB 0x00000000e2000000| Untracked |  0
|  33|0x00000000e2100000, 0x00000000e2200000, 0x00000000e2200000|100%| O|  |TAMS 0x00000000e2200000| PB 0x00000000e2100000| Untracked |  0
|  34|0x00000000e2200000, 0x00000000e2300000, 0x00000000e2300000|100%| O|  |TAMS 0x00000000e2300000| PB 0x00000000e2200000| Untracked |  0
|  35|0x00000000e2300000, 0x00000000e2400000, 0x00000000e2400000|100%| O|  |TAMS 0x00000000e2400000| PB 0x00000000e2300000| Untracked |  0
|  36|0x00000000e2400000, 0x00000000e2500000, 0x00000000e2500000|100%| O|  |TAMS 0x00000000e2500000| PB 0x00000000e2400000| Untracked |  0
|  37|0x00000000e2500000, 0x00000000e2600000, 0x00000000e2600000|100%| O|  |TAMS 0x00000000e2600000| PB 0x00000000e2500000| Untracked |  0
|  38|0x00000000e2600000, 0x00000000e2700000, 0x00000000e2700000|100%| O|  |TAMS 0x00000000e2700000| PB 0x00000000e2600000| Untracked |  0
|  39|0x00000000e2700000, 0x00000000e2800000, 0x00000000e2800000|100%| O|  |TAMS 0x00000000e2800000| PB 0x00000000e2700000| Untracked |  0
|  40|0x00000000e2800000, 0x00000000e2900000, 0x00000000e2900000|100%| O|  |TAMS 0x00000000e2900000| PB 0x00000000e2800000| Untracked |  0
|  41|0x00000000e2900000, 0x00000000e2a00000, 0x00000000e2a00000|100%| O|  |TAMS 0x00000000e2a00000| PB 0x00000000e2900000| Untracked |  0
|  42|0x00000000e2a00000, 0x00000000e2b00000, 0x00000000e2b00000|100%| O|  |TAMS 0x00000000e2b00000| PB 0x00000000e2a00000| Untracked |  0
|  43|0x00000000e2b00000, 0x00000000e2c00000, 0x00000000e2c00000|100%| O|  |TAMS 0x00000000e2c00000| PB 0x00000000e2b00000| Untracked |  0
|  44|0x00000000e2c00000, 0x00000000e2d00000, 0x00000000e2d00000|100%| O|  |TAMS 0x00000000e2d00000| PB 0x00000000e2c00000| Untracked |  0
|  45|0x00000000e2d00000, 0x00000000e2e00000, 0x00000000e2e00000|100%| O|  |TAMS 0x00000000e2e00000| PB 0x00000000e2d00000| Untracked |  0
|  46|0x00000000e2e00000, 0x00000000e2f00000, 0x00000000e2f00000|100%| O|  |TAMS 0x00000000e2f00000| PB 0x00000000e2e00000| Untracked |  0
|  47|0x00000000e2f00000, 0x00000000e3000000, 0x00000000e3000000|100%| O|  |TAMS 0x00000000e3000000| PB 0x00000000e2f00000| Untracked |  0
|  48|0x00000000e3000000, 0x00000000e3100000, 0x00000000e3100000|100%| O|  |TAMS 0x00000000e3000000| PB 0x00000000e3000000| Untracked |  0
|  49|0x00000000e3100000, 0x00000000e3200000, 0x00000000e3200000|100%| O|  |TAMS 0x00000000e3200000| PB 0x00000000e3100000| Untracked |  0
|  50|0x00000000e3200000, 0x00000000e3300000, 0x00000000e3300000|100%| O|  |TAMS 0x00000000e3300000| PB 0x00000000e3200000| Untracked |  0
|  51|0x00000000e3300000, 0x00000000e3400000, 0x00000000e3400000|100%| O|  |TAMS 0x00000000e3400000| PB 0x00000000e3300000| Untracked |  0
|  52|0x00000000e3400000, 0x00000000e3500000, 0x00000000e3500000|100%| O|  |TAMS 0x00000000e3500000| PB 0x00000000e3400000| Untracked |  0
|  53|0x00000000e3500000, 0x00000000e3600000, 0x00000000e3600000|100%| O|  |TAMS 0x00000000e3600000| PB 0x00000000e3500000| Untracked |  0
|  54|0x00000000e3600000, 0x00000000e3700000, 0x00000000e3700000|100%| O|  |TAMS 0x00000000e3700000| PB 0x00000000e3600000| Untracked |  0
|  55|0x00000000e3700000, 0x00000000e3800000, 0x00000000e3800000|100%| O|  |TAMS 0x00000000e3800000| PB 0x00000000e3700000| Untracked |  0
|  56|0x00000000e3800000, 0x00000000e3900000, 0x00000000e3900000|100%| O|  |TAMS 0x00000000e3900000| PB 0x00000000e3800000| Untracked |  0
|  57|0x00000000e3900000, 0x00000000e3a00000, 0x00000000e3a00000|100%| O|  |TAMS 0x00000000e3a00000| PB 0x00000000e3900000| Untracked |  0
|  58|0x00000000e3a00000, 0x00000000e3b00000, 0x00000000e3b00000|100%| O|  |TAMS 0x00000000e3b00000| PB 0x00000000e3a00000| Untracked |  0
|  59|0x00000000e3b00000, 0x00000000e3c00000, 0x00000000e3c00000|100%| O|  |TAMS 0x00000000e3c00000| PB 0x00000000e3b00000| Untracked |  0
|  60|0x00000000e3c00000, 0x00000000e3d00000, 0x00000000e3d00000|100%| O|  |TAMS 0x00000000e3c00000| PB 0x00000000e3c00000| Untracked |  0
|  61|0x00000000e3d00000, 0x00000000e3d00000, 0x00000000e3e00000|  0%| F|  |TAMS 0x00000000e3d00000| PB 0x00000000e3d00000| Untracked |  0
|  62|0x00000000e3e00000, 0x00000000e3e00000, 0x00000000e3f00000|  0%| F|  |TAMS 0x00000000e3e00000| PB 0x00000000e3e00000| Untracked |  0
|  63|0x00000000e3f00000, 0x00000000e4000000, 0x00000000e4000000|100%| O|  |TAMS 0x00000000e4000000| PB 0x00000000e3f00000| Untracked |  0
|  64|0x00000000e4000000, 0x00000000e4100000, 0x00000000e4100000|100%| O|  |TAMS 0x00000000e4100000| PB 0x00000000e4000000| Untracked |  0
|  65|0x00000000e4100000, 0x00000000e4200000, 0x00000000e4200000|100%| O|  |TAMS 0x00000000e4200000| PB 0x00000000e4100000| Untracked |  0
|  66|0x00000000e4200000, 0x00000000e4300000, 0x00000000e4300000|100%| O|  |TAMS 0x00000000e4300000| PB 0x00000000e4200000| Untracked |  0
|  67|0x00000000e4300000, 0x00000000e4400000, 0x00000000e4400000|100%| O|  |TAMS 0x00000000e4400000| PB 0x00000000e4300000| Untracked |  0
|  68|0x00000000e4400000, 0x00000000e4500000, 0x00000000e4500000|100%|HS|  |TAMS 0x00000000e4500000| PB 0x00000000e4400000| Complete |  0
|  69|0x00000000e4500000, 0x00000000e4600000, 0x00000000e4600000|100%|HC|  |TAMS 0x00000000e4600000| PB 0x00000000e4500000| Complete |  0
|  70|0x00000000e4600000, 0x00000000e4700000, 0x00000000e4700000|100%| O|  |TAMS 0x00000000e4700000| PB 0x00000000e4600000| Untracked |  0
|  71|0x00000000e4700000, 0x00000000e4800000, 0x00000000e4800000|100%| O|  |TAMS 0x00000000e4800000| PB 0x00000000e4700000| Untracked |  0
|  72|0x00000000e4800000, 0x00000000e4900000, 0x00000000e4900000|100%| O|  |TAMS 0x00000000e4900000| PB 0x00000000e4800000| Untracked |  0
|  73|0x00000000e4900000, 0x00000000e4a00000, 0x00000000e4a00000|100%| O|  |TAMS 0x00000000e4a00000| PB 0x00000000e4900000| Untracked |  0
|  74|0x00000000e4a00000, 0x00000000e4b00000, 0x00000000e4b00000|100%| O|  |TAMS 0x00000000e4b00000| PB 0x00000000e4a00000| Untracked |  0
|  75|0x00000000e4b00000, 0x00000000e4c00000, 0x00000000e4c00000|100%| O|  |TAMS 0x00000000e4c00000| PB 0x00000000e4b00000| Untracked |  0
|  76|0x00000000e4c00000, 0x00000000e4d00000, 0x00000000e4d00000|100%|HS|  |TAMS 0x00000000e4c00000| PB 0x00000000e4c00000| Complete |  0
|  77|0x00000000e4d00000, 0x00000000e4e00000, 0x00000000e4e00000|100%|HC|  |TAMS 0x00000000e4d00000| PB 0x00000000e4d00000| Complete |  0
|  78|0x00000000e4e00000, 0x00000000e4f00000, 0x00000000e4f00000|100%|HC|  |TAMS 0x00000000e4e00000| PB 0x00000000e4e00000| Complete |  0
|  79|0x00000000e4f00000, 0x00000000e5000000, 0x00000000e5000000|100%|HC|  |TAMS 0x00000000e4f00000| PB 0x00000000e4f00000| Complete |  0
|  80|0x00000000e5000000, 0x00000000e5100000, 0x00000000e5100000|100%|HC|  |TAMS 0x00000000e5000000| PB 0x00000000e5000000| Complete |  0
|  81|0x00000000e5100000, 0x00000000e5100000, 0x00000000e5200000|  0%| F|  |TAMS 0x00000000e5100000| PB 0x00000000e5100000| Untracked |  0
|  82|0x00000000e5200000, 0x00000000e5200000, 0x00000000e5300000|  0%| F|  |TAMS 0x00000000e5200000| PB 0x00000000e5200000| Untracked |  0
|  83|0x00000000e5300000, 0x00000000e5400000, 0x00000000e5400000|100%|HS|  |TAMS 0x00000000e5400000| PB 0x00000000e5300000| Complete |  0
|  84|0x00000000e5400000, 0x00000000e5500000, 0x00000000e5500000|100%|HC|  |TAMS 0x00000000e5500000| PB 0x00000000e5400000| Complete |  0
|  85|0x00000000e5500000, 0x00000000e5600000, 0x00000000e5600000|100%|HC|  |TAMS 0x00000000e5600000| PB 0x00000000e5500000| Complete |  0
|  86|0x00000000e5600000, 0x00000000e5700000, 0x00000000e5700000|100%|HS|  |TAMS 0x00000000e5700000| PB 0x00000000e5600000| Complete |  0
|  87|0x00000000e5700000, 0x00000000e5800000, 0x00000000e5800000|100%|HC|  |TAMS 0x00000000e5800000| PB 0x00000000e5700000| Complete |  0
|  88|0x00000000e5800000, 0x00000000e5800000, 0x00000000e5900000|  0%| F|  |TAMS 0x00000000e5800000| PB 0x00000000e5800000| Untracked |  0
|  89|0x00000000e5900000, 0x00000000e5900000, 0x00000000e5a00000|  0%| F|  |TAMS 0x00000000e5900000| PB 0x00000000e5900000| Untracked |  0
|  90|0x00000000e5a00000, 0x00000000e5b00000, 0x00000000e5b00000|100%| O|  |TAMS 0x00000000e5b00000| PB 0x00000000e5b00000| Untracked |  0
|  91|0x00000000e5b00000, 0x00000000e5c00000, 0x00000000e5c00000|100%|HS|  |TAMS 0x00000000e5b00000| PB 0x00000000e5b00000| Complete |  1
|  92|0x00000000e5c00000, 0x00000000e5d00000, 0x00000000e5d00000|100%|HC|  |TAMS 0x00000000e5c00000| PB 0x00000000e5c00000| Complete |  0
|  93|0x00000000e5d00000, 0x00000000e5e00000, 0x00000000e5e00000|100%|HC|  |TAMS 0x00000000e5d00000| PB 0x00000000e5d00000| Complete |  0
|  94|0x00000000e5e00000, 0x00000000e5f00000, 0x00000000e5f00000|100%|HC|  |TAMS 0x00000000e5e00000| PB 0x00000000e5e00000| Complete |  0
|  95|0x00000000e5f00000, 0x00000000e5f00000, 0x00000000e6000000|  0%| F|  |TAMS 0x00000000e5f00000| PB 0x00000000e5f00000| Untracked |  0
|  96|0x00000000e6000000, 0x00000000e6000000, 0x00000000e6100000|  0%| F|  |TAMS 0x00000000e6000000| PB 0x00000000e6000000| Untracked |  0
|  97|0x00000000e6100000, 0x00000000e6100000, 0x00000000e6200000|  0%| F|  |TAMS 0x00000000e6100000| PB 0x00000000e6100000| Untracked |  0
|  98|0x00000000e6200000, 0x00000000e6200000, 0x00000000e6300000|  0%| F|  |TAMS 0x00000000e6200000| PB 0x00000000e6200000| Untracked |  0
|  99|0x00000000e6300000, 0x00000000e6300000, 0x00000000e6400000|  0%| F|  |TAMS 0x00000000e6300000| PB 0x00000000e6300000| Untracked |  0
| 100|0x00000000e6400000, 0x00000000e6400000, 0x00000000e6500000|  0%| F|  |TAMS 0x00000000e6400000| PB 0x00000000e6400000| Untracked |  0
| 101|0x00000000e6500000, 0x00000000e6500000, 0x00000000e6600000|  0%| F|  |TAMS 0x00000000e6500000| PB 0x00000000e6500000| Untracked |  0
| 102|0x00000000e6600000, 0x00000000e6600000, 0x00000000e6700000|  0%| F|  |TAMS 0x00000000e6600000| PB 0x00000000e6600000| Untracked |  0
| 103|0x00000000e6700000, 0x00000000e6700000, 0x00000000e6800000|  0%| F|  |TAMS 0x00000000e6700000| PB 0x00000000e6700000| Untracked |  0
| 104|0x00000000e6800000, 0x00000000e6800000, 0x00000000e6900000|  0%| F|  |TAMS 0x00000000e6800000| PB 0x00000000e6800000| Untracked |  0
| 105|0x00000000e6900000, 0x00000000e6900000, 0x00000000e6a00000|  0%| F|  |TAMS 0x00000000e6900000| PB 0x00000000e6900000| Untracked |  0
| 106|0x00000000e6a00000, 0x00000000e6a00000, 0x00000000e6b00000|  0%| F|  |TAMS 0x00000000e6a00000| PB 0x00000000e6a00000| Untracked |  0
| 107|0x00000000e6b00000, 0x00000000e6b00000, 0x00000000e6c00000|  0%| F|  |TAMS 0x00000000e6b00000| PB 0x00000000e6b00000| Untracked |  0
| 108|0x00000000e6c00000, 0x00000000e6c00000, 0x00000000e6d00000|  0%| F|  |TAMS 0x00000000e6c00000| PB 0x00000000e6c00000| Untracked |  0
| 109|0x00000000e6d00000, 0x00000000e6d00000, 0x00000000e6e00000|  0%| F|  |TAMS 0x00000000e6d00000| PB 0x00000000e6d00000| Untracked |  0
| 110|0x00000000e6e00000, 0x00000000e6e00000, 0x00000000e6f00000|  0%| F|  |TAMS 0x00000000e6e00000| PB 0x00000000e6e00000| Untracked |  0
| 111|0x00000000e6f00000, 0x00000000e6f00000, 0x00000000e7000000|  0%| F|  |TAMS 0x00000000e6f00000| PB 0x00000000e6f00000| Untracked |  0
| 112|0x00000000e7000000, 0x00000000e7000000, 0x00000000e7100000|  0%| F|  |TAMS 0x00000000e7000000| PB 0x00000000e7000000| Untracked |  0
| 113|0x00000000e7100000, 0x00000000e7100000, 0x00000000e7200000|  0%| F|  |TAMS 0x00000000e7100000| PB 0x00000000e7100000| Untracked |  0
| 114|0x00000000e7200000, 0x00000000e7200000, 0x00000000e7300000|  0%| F|  |TAMS 0x00000000e7200000| PB 0x00000000e7200000| Untracked |  0
| 115|0x00000000e7300000, 0x00000000e7300000, 0x00000000e7400000|  0%| F|  |TAMS 0x00000000e7300000| PB 0x00000000e7300000| Untracked |  0
| 116|0x00000000e7400000, 0x00000000e7400000, 0x00000000e7500000|  0%| F|  |TAMS 0x00000000e7400000| PB 0x00000000e7400000| Untracked |  0
| 117|0x00000000e7500000, 0x00000000e7500000, 0x00000000e7600000|  0%| F|  |TAMS 0x00000000e7500000| PB 0x00000000e7500000| Untracked |  0
| 118|0x00000000e7600000, 0x00000000e7600000, 0x00000000e7700000|  0%| F|  |TAMS 0x00000000e7600000| PB 0x00000000e7600000| Untracked |  0
| 119|0x00000000e7700000, 0x00000000e7700000, 0x00000000e7800000|  0%| F|  |TAMS 0x00000000e7700000| PB 0x00000000e7700000| Untracked |  0
| 120|0x00000000e7800000, 0x00000000e7800000, 0x00000000e7900000|  0%| F|  |TAMS 0x00000000e7800000| PB 0x00000000e7800000| Untracked |  0
| 121|0x00000000e7900000, 0x00000000e7900000, 0x00000000e7a00000|  0%| F|  |TAMS 0x00000000e7900000| PB 0x00000000e7900000| Untracked |  0
| 122|0x00000000e7a00000, 0x00000000e7a00000, 0x00000000e7b00000|  0%| F|  |TAMS 0x00000000e7a00000| PB 0x00000000e7a00000| Untracked |  0
| 123|0x00000000e7b00000, 0x00000000e7b00000, 0x00000000e7c00000|  0%| F|  |TAMS 0x00000000e7b00000| PB 0x00000000e7b00000| Untracked |  0
| 124|0x00000000e7c00000, 0x00000000e7c00000, 0x00000000e7d00000|  0%| F|  |TAMS 0x00000000e7c00000| PB 0x00000000e7c00000| Untracked |  0
| 125|0x00000000e7d00000, 0x00000000e7d00000, 0x00000000e7e00000|  0%| F|  |TAMS 0x00000000e7d00000| PB 0x00000000e7d00000| Untracked |  0
| 126|0x00000000e7e00000, 0x00000000e7e00000, 0x00000000e7f00000|  0%| F|  |TAMS 0x00000000e7e00000| PB 0x00000000e7e00000| Untracked |  0
| 127|0x00000000e7f00000, 0x00000000e7f00000, 0x00000000e8000000|  0%| F|  |TAMS 0x00000000e7f00000| PB 0x00000000e7f00000| Untracked |  0
| 128|0x00000000e8000000, 0x00000000e8100000, 0x00000000e8100000|100%|HS|  |TAMS 0x00000000e8100000| PB 0x00000000e8000000| Complete |  0
| 129|0x00000000e8100000, 0x00000000e8200000, 0x00000000e8200000|100%|HC|  |TAMS 0x00000000e8200000| PB 0x00000000e8100000| Complete |  0
| 130|0x00000000e8200000, 0x00000000e8300000, 0x00000000e8300000|100%|HC|  |TAMS 0x00000000e8300000| PB 0x00000000e8200000| Complete |  0
| 131|0x00000000e8300000, 0x00000000e8300000, 0x00000000e8400000|  0%| F|  |TAMS 0x00000000e8300000| PB 0x00000000e8300000| Untracked |  0
| 132|0x00000000e8400000, 0x00000000e8400000, 0x00000000e8500000|  0%| F|  |TAMS 0x00000000e8400000| PB 0x00000000e8400000| Untracked |  0
| 133|0x00000000e8500000, 0x00000000e8500000, 0x00000000e8600000|  0%| F|  |TAMS 0x00000000e8500000| PB 0x00000000e8500000| Untracked |  0
| 134|0x00000000e8600000, 0x00000000e8700000, 0x00000000e8700000|100%| E|  |TAMS 0x00000000e8600000| PB 0x00000000e8600000| Complete |  0
| 135|0x00000000e8700000, 0x00000000e8800000, 0x00000000e8800000|100%| E|CS|TAMS 0x00000000e8700000| PB 0x00000000e8700000| Complete |  0
| 136|0x00000000e8800000, 0x00000000e8800000, 0x00000000e8900000|  0%| F|  |TAMS 0x00000000e8800000| PB 0x00000000e8800000| Untracked |  0
| 137|0x00000000e8900000, 0x00000000e8900000, 0x00000000e8a00000|  0%| F|  |TAMS 0x00000000e8900000| PB 0x00000000e8900000| Untracked |  0
| 138|0x00000000e8a00000, 0x00000000e8a00000, 0x00000000e8b00000|  0%| F|  |TAMS 0x00000000e8a00000| PB 0x00000000e8a00000| Untracked |  0
| 139|0x00000000e8b00000, 0x00000000e8b00000, 0x00000000e8c00000|  0%| F|  |TAMS 0x00000000e8b00000| PB 0x00000000e8b00000| Untracked |  0
| 140|0x00000000e8c00000, 0x00000000e8c00000, 0x00000000e8d00000|  0%| F|  |TAMS 0x00000000e8c00000| PB 0x00000000e8c00000| Untracked |  0
| 141|0x00000000e8d00000, 0x00000000e8d00000, 0x00000000e8e00000|  0%| F|  |TAMS 0x00000000e8d00000| PB 0x00000000e8d00000| Untracked |  0
| 142|0x00000000e8e00000, 0x00000000e8e00000, 0x00000000e8f00000|  0%| F|  |TAMS 0x00000000e8e00000| PB 0x00000000e8e00000| Untracked |  0
| 143|0x00000000e8f00000, 0x00000000e8f00000, 0x00000000e9000000|  0%| F|  |TAMS 0x00000000e8f00000| PB 0x00000000e8f00000| Untracked |  0
| 144|0x00000000e9000000, 0x00000000e9000000, 0x00000000e9100000|  0%| F|  |TAMS 0x00000000e9000000| PB 0x00000000e9000000| Untracked |  0
| 145|0x00000000e9100000, 0x00000000e9100000, 0x00000000e9200000|  0%| F|  |TAMS 0x00000000e9100000| PB 0x00000000e9100000| Untracked |  0
| 146|0x00000000e9200000, 0x00000000e9200000, 0x00000000e9300000|  0%| F|  |TAMS 0x00000000e9200000| PB 0x00000000e9200000| Untracked |  0
| 147|0x00000000e9300000, 0x00000000e9300000, 0x00000000e9400000|  0%| F|  |TAMS 0x00000000e9300000| PB 0x00000000e9300000| Untracked |  0
| 148|0x00000000e9400000, 0x00000000e9400000, 0x00000000e9500000|  0%| F|  |TAMS 0x00000000e9400000| PB 0x00000000e9400000| Untracked |  0
| 149|0x00000000e9500000, 0x00000000e9500000, 0x00000000e9600000|  0%| F|  |TAMS 0x00000000e9500000| PB 0x00000000e9500000| Untracked |  0
| 150|0x00000000e9600000, 0x00000000e9600000, 0x00000000e9700000|  0%| F|  |TAMS 0x00000000e9600000| PB 0x00000000e9600000| Untracked |  0
| 151|0x00000000e9700000, 0x00000000e9700000, 0x00000000e9800000|  0%| F|  |TAMS 0x00000000e9700000| PB 0x00000000e9700000| Untracked |  0
| 152|0x00000000e9800000, 0x00000000e9800000, 0x00000000e9900000|  0%| F|  |TAMS 0x00000000e9800000| PB 0x00000000e9800000| Untracked |  0
| 153|0x00000000e9900000, 0x00000000e9900000, 0x00000000e9a00000|  0%| F|  |TAMS 0x00000000e9900000| PB 0x00000000e9900000| Untracked |  0
| 154|0x00000000e9a00000, 0x00000000e9a00000, 0x00000000e9b00000|  0%| F|  |TAMS 0x00000000e9a00000| PB 0x00000000e9a00000| Untracked |  0
| 155|0x00000000e9b00000, 0x00000000e9b00000, 0x00000000e9c00000|  0%| F|  |TAMS 0x00000000e9b00000| PB 0x00000000e9b00000| Untracked |  0
| 156|0x00000000e9c00000, 0x00000000e9c00000, 0x00000000e9d00000|  0%| F|  |TAMS 0x00000000e9c00000| PB 0x00000000e9c00000| Untracked |  0
| 157|0x00000000e9d00000, 0x00000000e9d00000, 0x00000000e9e00000|  0%| F|  |TAMS 0x00000000e9d00000| PB 0x00000000e9d00000| Untracked |  0
| 158|0x00000000e9e00000, 0x00000000e9e00000, 0x00000000e9f00000|  0%| F|  |TAMS 0x00000000e9e00000| PB 0x00000000e9e00000| Untracked |  0
| 159|0x00000000e9f00000, 0x00000000e9f00000, 0x00000000ea000000|  0%| F|  |TAMS 0x00000000e9f00000| PB 0x00000000e9f00000| Untracked |  0
| 160|0x00000000ea000000, 0x00000000ea000000, 0x00000000ea100000|  0%| F|  |TAMS 0x00000000ea000000| PB 0x00000000ea000000| Untracked |  0
| 161|0x00000000ea100000, 0x00000000ea100000, 0x00000000ea200000|  0%| F|  |TAMS 0x00000000ea100000| PB 0x00000000ea100000| Untracked |  0
| 497|0x00000000ff100000, 0x00000000ff200000, 0x00000000ff200000|100%| O|  |TAMS 0x00000000ff1522d0| PB 0x00000000ff100000| Untracked |  0
| 498|0x00000000ff200000, 0x00000000ff300000, 0x00000000ff300000|100%| O|Cm|TAMS 0x00000000ff300000| PB 0x00000000ff200000| Updating |  0
| 499|0x00000000ff300000, 0x00000000ff400000, 0x00000000ff400000|100%| O|  |TAMS 0x00000000ff400000| PB 0x00000000ff300000| Untracked |  0
| 500|0x00000000ff400000, 0x00000000ff500000, 0x00000000ff500000|100%| O|Cm|TAMS 0x00000000ff500000| PB 0x00000000ff400000| Updating |  0
| 501|0x00000000ff500000, 0x00000000ff600000, 0x00000000ff600000|100%| O|  |TAMS 0x00000000ff600000| PB 0x00000000ff500000| Untracked |  0
| 502|0x00000000ff600000, 0x00000000ff700000, 0x00000000ff700000|100%| O|  |TAMS 0x00000000ff700000| PB 0x00000000ff600000| Untracked |  0
| 503|0x00000000ff700000, 0x00000000ff800000, 0x00000000ff800000|100%| O|  |TAMS 0x00000000ff800000| PB 0x00000000ff800000| Untracked |  0
| 504|0x00000000ff800000, 0x00000000ff900000, 0x00000000ff900000|100%| O|  |TAMS 0x00000000ff900000| PB 0x00000000ff900000| Untracked |  0
| 505|0x00000000ff900000, 0x00000000ffa00000, 0x00000000ffa00000|100%| O|  |TAMS 0x00000000ffa00000| PB 0x00000000ffa00000| Untracked |  0
| 506|0x00000000ffa00000, 0x00000000ffb00000, 0x00000000ffb00000|100%| O|  |TAMS 0x00000000ffb00000| PB 0x00000000ffb00000| Untracked |  0
| 507|0x00000000ffb00000, 0x00000000ffc00000, 0x00000000ffc00000|100%| O|  |TAMS 0x00000000ffc00000| PB 0x00000000ffc00000| Untracked |  0
| 508|0x00000000ffc00000, 0x00000000ffd00000, 0x00000000ffd00000|100%| O|  |TAMS 0x00000000ffd00000| PB 0x00000000ffd00000| Untracked |  0
| 509|0x00000000ffd00000, 0x00000000ffd6aeb0, 0x00000000ffe00000| 41%| S|CS|TAMS 0x00000000ffd00000| PB 0x00000000ffd00000| Complete |  0
| 510|0x00000000ffe00000, 0x00000000fff00000, 0x00000000fff00000|100%| O|  |TAMS 0x00000000fff00000| PB 0x00000000fff00000| Untracked |  0
| 511|0x00000000fff00000, 0x0000000100000000, 0x0000000100000000|100%| E|CS|TAMS 0x00000000fff00000| PB 0x00000000fff00000| Complete |  0

Card table byte_map: [0x0000026cfadc0000,0x0000026cfaec0000] _byte_map_base: 0x0000026cfa6c0000

Marking Bits: (CMBitMap*) 0x0000026ce311dc40
 Bits: [0x0000026cfaec0000, 0x0000026cfb6c0000)

Polling page: 0x0000026ce2730000

Metaspace:

Usage:
  Non-class:     16.11 MB used.
      Class:      1.52 MB used.
       Both:     17.63 MB used.

Virtual space:
  Non-class space:       64.00 MB reserved,      16.19 MB ( 25%) committed,  1 nodes.
      Class space:        1.00 GB reserved,       1.62 MB ( <1%) committed,  1 nodes.
             Both:        1.06 GB reserved,      17.81 MB (  2%) committed. 

Chunk freelists:
   Non-Class:  15.57 MB
       Class:  14.26 MB
        Both:  29.83 MB

MaxMetaspaceSize: unlimited
CompressedClassSpaceSize: 1.00 GB
Initial GC threshold: 21.00 MB
Current GC threshold: 29.69 MB
CDS: on
 - commit_granule_bytes: 65536.
 - commit_granule_words: 8192.
 - virtual_space_node_default_size: 8388608.
 - enlarge_chunks_in_place: 1.
UseCompressedClassPointers 1, UseCompactObjectHeaders 0
Narrow klass pointer bits 32, Max shift 3
Narrow klass base: 0x0000026c80000000, Narrow klass shift: 0
Encoding Range: [0x0000026c80000000 - 0x0000026d80000000), (4294967296 bytes)
Klass Range:    [0x0000026c80000000 - 0x0000026cc1000000), (1090519040 bytes)
Klass ID Range:  [8 - 1090519033) (1090519025)


Internal statistics:

num_allocs_failed_limit: 0.
num_arena_births: 162.
num_arena_deaths: 0.
num_vsnodes_births: 2.
num_vsnodes_deaths: 0.
num_space_committed: 285.
num_space_uncommitted: 0.
num_chunks_returned_to_freelist: 0.
num_chunks_taken_from_freelist: 636.
num_chunk_merges: 0.
num_chunk_splits: 509.
num_chunks_enlarged: 429.
num_inconsistent_stats: 0.

CodeHeap 'non-profiled nmethods': size=120064Kb used=3890Kb max_used=4077Kb free=116173Kb
 bounds [0x0000026cf3450000, 0x0000026cf3850000, 0x0000026cfa990000]
CodeHeap 'profiled nmethods': size=120000Kb used=9038Kb max_used=14906Kb free=110961Kb
 bounds [0x0000026ceb990000, 0x0000026cec820000, 0x0000026cf2ec0000]
CodeHeap 'non-nmethods': size=5696Kb used=1364Kb max_used=1522Kb free=4331Kb
 bounds [0x0000026cf2ec0000, 0x0000026cf3130000, 0x0000026cf3450000]
CodeCache: size=245760Kb, used=14292Kb, max_used=20505Kb, free=231465Kb
 total_blobs=6435, nmethods=5911, adapters=428, full_count=0
Compilation: enabled, stopped_count=0, restarted_count=0

Compilation events (20 events):
Event: 29.838 Thread 0x0000026cfe0eb470 8466       3       com.adobe.flash.abc.ClassDependencySort$DependencyTracker::establishDependency (219 bytes)
Event: 29.839 Thread 0x0000026cfe0eb470 nmethod 8466 0x0000026cebf58408 code [0x0000026cebf58620, 0x0000026cebf59040]
Event: 29.840 Thread 0x0000026cfe0eb470 8467 %     3       com.adobe.flash.abc.ClassDependencySort::getSorted @ 60 (240 bytes)
Event: 29.842 Thread 0x0000026cfe0eb470 nmethod 8467% 0x0000026cebc48188 code [0x0000026cebc485e0, 0x0000026cebc4b728]
Event: 29.842 Thread 0x0000026cfe0eb470 8469       3       com.adobe.flash.abc.ClassDependencySort::getSorted (240 bytes)
Event: 29.844 Thread 0x0000026cfe0eb470 nmethod 8469 0x0000026cec03a288 code [0x0000026cec03a6e0, 0x0000026cec03d668]
Event: 29.872 Thread 0x0000026cfe0eb470 8470       2       com.adobe.flash.abc.ClassDependencySort$DependencyTracker::makeDependentOf (42 bytes)
Event: 29.873 Thread 0x0000026cfe0eb470 nmethod 8470 0x0000026cec039f08 code [0x0000026cec03a040, 0x0000026cec03a1c0]
Event: 30.074 Thread 0x0000026cfe0eb470 8474 %     3       com.adobe.flash.abc.ABCEmitter::getClassId @ 12 (76 bytes)
Event: 31.046 Thread 0x0000026cfe0eb470 nmethod 8474% 0x0000026cebfd0a88 code [0x0000026cebfd0ca0, 0x0000026cebfd1bd8]
Event: 31.056 Thread 0x0000026cfe0eb470 8477       2       com.google.common.collect.AbstractBiMap::remove (18 bytes)
Event: 31.056 Thread 0x0000026cfe0eb470 nmethod 8477 0x0000026cebdd6908 code [0x0000026cebdd6a40, 0x0000026cebdd6c48]
Event: 31.056 Thread 0x0000026cfe0eb470 8480       2       com.adobe.flash.swf.tags.SymbolClassTag::getSymbol (14 bytes)
Event: 31.057 Thread 0x0000026cfe0eb470 nmethod 8480 0x0000026cebddf788 code [0x0000026cebddf8c0, 0x0000026cebddfac0]
Event: 31.057 Thread 0x0000026cfe0eb470 8478       2       com.adobe.flash.swf.tags.SymbolClassTag::addSymbol (77 bytes)
Event: 31.057 Thread 0x0000026cfe0eb470 nmethod 8478 0x0000026cebe57408 code [0x0000026cebe57540, 0x0000026cebe576f8]
Event: 31.057 Thread 0x0000026cfe0eb470 8479       2       com.adobe.flash.swf.tags.SymbolClassTag::removeSymbol (17 bytes)
Event: 31.057 Thread 0x0000026cfe0eb470 nmethod 8479 0x0000026cebf23708 code [0x0000026cebf23840, 0x0000026cebf239a0]
Event: 31.057 Thread 0x0000026cfe0eb470 8481       2       com.google.common.collect.ForwardingMap::get (11 bytes)
Event: 31.057 Thread 0x0000026cfe0eb470 nmethod 8481 0x0000026cebf23408 code [0x0000026cebf23540, 0x0000026cebf236a0]

GC Heap History (20 events):
Event: 16.110 GC heap before
{Heap before GC invocations=26 (full 0):
 garbage-first heap   total reserved 524288K, committed 133120K, used 116302K [0x00000000e0000000, 0x0000000100000000)
  region size 1024K, 59 young (60416K), 7 survivors (7168K)
 Metaspace       used 17293K, committed 17536K, reserved 1114112K
  class space    used 1509K, committed 1600K, reserved 1048576K
}
Event: 16.123 GC heap after
{Heap after GC invocations=27 (full 0):
 garbage-first heap   total reserved 524288K, committed 133120K, used 67591K [0x00000000e0000000, 0x0000000100000000)
  region size 1024K, 8 young (8192K), 8 survivors (8192K)
 Metaspace       used 17293K, committed 17536K, reserved 1114112K
  class space    used 1509K, committed 1600K, reserved 1048576K
}
Event: 16.887 GC heap before
{Heap before GC invocations=27 (full 0):
 garbage-first heap   total reserved 524288K, committed 133120K, used 114695K [0x00000000e0000000, 0x0000000100000000)
  region size 1024K, 55 young (56320K), 8 survivors (8192K)
 Metaspace       used 17319K, committed 17536K, reserved 1114112K
  class space    used 1510K, committed 1600K, reserved 1048576K
}
Event: 16.901 GC heap after
{Heap after GC invocations=28 (full 0):
 garbage-first heap   total reserved 524288K, committed 133120K, used 69451K [0x00000000e0000000, 0x0000000100000000)
  region size 1024K, 3 young (3072K), 3 survivors (3072K)
 Metaspace       used 17319K, committed 17536K, reserved 1114112K
  class space    used 1510K, committed 1600K, reserved 1048576K
}
Event: 18.910 GC heap before
{Heap before GC invocations=29 (full 0):
 garbage-first heap   total reserved 524288K, committed 133120K, used 120651K [0x00000000e0000000, 0x0000000100000000)
  region size 1024K, 54 young (55296K), 3 survivors (3072K)
 Metaspace       used 17375K, committed 17600K, reserved 1114112K
  class space    used 1511K, committed 1600K, reserved 1048576K
}
Event: 18.927 GC heap after
{Heap after GC invocations=30 (full 0):
 garbage-first heap   total reserved 524288K, committed 133120K, used 71872K [0x00000000e0000000, 0x0000000100000000)
  region size 1024K, 6 young (6144K), 6 survivors (6144K)
 Metaspace       used 17375K, committed 17600K, reserved 1114112K
  class space    used 1511K, committed 1600K, reserved 1048576K
}
Event: 19.704 GC heap before
{Heap before GC invocations=30 (full 0):
 garbage-first heap   total reserved 524288K, committed 133120K, used 116928K [0x00000000e0000000, 0x0000000100000000)
  region size 1024K, 51 young (52224K), 6 survivors (6144K)
 Metaspace       used 17377K, committed 17600K, reserved 1114112K
  class space    used 1511K, committed 1600K, reserved 1048576K
}
Event: 19.721 GC heap after
{Heap after GC invocations=31 (full 0):
 garbage-first heap   total reserved 524288K, committed 133120K, used 65695K [0x00000000e0000000, 0x0000000100000000)
  region size 1024K, 5 young (5120K), 5 survivors (5120K)
 Metaspace       used 17377K, committed 17600K, reserved 1114112K
  class space    used 1511K, committed 1600K, reserved 1048576K
}
Event: 20.243 GC heap before
{Heap before GC invocations=31 (full 0):
 garbage-first heap   total reserved 524288K, committed 133120K, used 118943K [0x00000000e0000000, 0x0000000100000000)
  region size 1024K, 58 young (59392K), 5 survivors (5120K)
 Metaspace       used 17421K, committed 17664K, reserved 1114112K
  class space    used 1514K, committed 1600K, reserved 1048576K
}
Event: 20.256 GC heap after
{Heap after GC invocations=32 (full 0):
 garbage-first heap   total reserved 524288K, committed 134144K, used 68061K [0x00000000e0000000, 0x0000000100000000)
  region size 1024K, 7 young (7168K), 7 survivors (7168K)
 Metaspace       used 17421K, committed 17664K, reserved 1114112K
  class space    used 1514K, committed 1600K, reserved 1048576K
}
Event: 21.199 GC heap before
{Heap before GC invocations=32 (full 0):
 garbage-first heap   total reserved 524288K, committed 134144K, used 116189K [0x00000000e0000000, 0x0000000100000000)
  region size 1024K, 55 young (56320K), 7 survivors (7168K)
 Metaspace       used 17441K, committed 17664K, reserved 1114112K
  class space    used 1514K, committed 1600K, reserved 1048576K
}
Event: 21.211 GC heap after
{Heap after GC invocations=33 (full 0):
 garbage-first heap   total reserved 524288K, committed 134144K, used 71000K [0x00000000e0000000, 0x0000000100000000)
  region size 1024K, 4 young (4096K), 4 survivors (4096K)
 Metaspace       used 17441K, committed 17664K, reserved 1114112K
  class space    used 1514K, committed 1600K, reserved 1048576K
}
Event: 23.906 GC heap before
{Heap before GC invocations=34 (full 0):
 garbage-first heap   total reserved 524288K, committed 134144K, used 120152K [0x00000000e0000000, 0x0000000100000000)
  region size 1024K, 53 young (54272K), 4 survivors (4096K)
 Metaspace       used 17457K, committed 17728K, reserved 1114112K
  class space    used 1515K, committed 1664K, reserved 1048576K
}
Event: 23.917 GC heap after
{Heap after GC invocations=35 (full 0):
 garbage-first heap   total reserved 524288K, committed 134144K, used 73240K [0x00000000e0000000, 0x0000000100000000)
  region size 1024K, 6 young (6144K), 6 survivors (6144K)
 Metaspace       used 17457K, committed 17728K, reserved 1114112K
  class space    used 1515K, committed 1664K, reserved 1048576K
}
Event: 25.061 GC heap before
{Heap before GC invocations=35 (full 0):
 garbage-first heap   total reserved 524288K, committed 134144K, used 118296K [0x00000000e0000000, 0x0000000100000000)
  region size 1024K, 51 young (52224K), 6 survivors (6144K)
 Metaspace       used 17471K, committed 17792K, reserved 1114112K
  class space    used 1515K, committed 1664K, reserved 1048576K
}
Event: 25.081 GC heap after
{Heap after GC invocations=36 (full 0):
 garbage-first heap   total reserved 524288K, committed 134144K, used 68032K [0x00000000e0000000, 0x0000000100000000)
  region size 1024K, 6 young (6144K), 6 survivors (6144K)
 Metaspace       used 17471K, committed 17792K, reserved 1114112K
  class space    used 1515K, committed 1664K, reserved 1048576K
}
Event: 26.902 GC heap before
{Heap before GC invocations=36 (full 0):
 garbage-first heap   total reserved 524288K, committed 134144K, used 118208K [0x00000000e0000000, 0x0000000100000000)
  region size 1024K, 56 young (57344K), 6 survivors (6144K)
 Metaspace       used 17494K, committed 17792K, reserved 1114112K
  class space    used 1517K, committed 1664K, reserved 1048576K
}
Event: 26.910 GC heap after
{Heap after GC invocations=37 (full 0):
 garbage-first heap   total reserved 524288K, committed 134144K, used 71609K [0x00000000e0000000, 0x0000000100000000)
  region size 1024K, 6 young (6144K), 6 survivors (6144K)
 Metaspace       used 17494K, committed 17792K, reserved 1114112K
  class space    used 1517K, committed 1664K, reserved 1048576K
}
Event: 27.935 GC heap before
{Heap before GC invocations=38 (full 0):
 garbage-first heap   total reserved 524288K, committed 134144K, used 118713K [0x00000000e0000000, 0x0000000100000000)
  region size 1024K, 52 young (53248K), 6 survivors (6144K)
 Metaspace       used 17819K, committed 18048K, reserved 1114112K
  class space    used 1545K, committed 1664K, reserved 1048576K
}
Event: 27.968 GC heap after
{Heap after GC invocations=39 (full 0):
 garbage-first heap   total reserved 524288K, committed 135168K, used 81213K [0x00000000e0000000, 0x0000000100000000)
  region size 1024K, 7 young (7168K), 7 survivors (7168K)
 Metaspace       used 17819K, committed 18048K, reserved 1114112K
  class space    used 1545K, committed 1664K, reserved 1048576K
}

Dll operation events (7 events):
Event: 0.021 Loaded shared library C:\Users\shang\.jdks\openjdk-24.0.1\bin\java.dll
Event: 0.074 Loaded shared library C:\Users\shang\.jdks\openjdk-24.0.1\bin\jsvml.dll
Event: 0.091 Loaded shared library C:\Users\shang\.jdks\openjdk-24.0.1\bin\net.dll
Event: 0.099 Loaded shared library C:\Users\shang\.jdks\openjdk-24.0.1\bin\nio.dll
Event: 0.122 Loaded shared library C:\Users\shang\.jdks\openjdk-24.0.1\bin\zip.dll
Event: 0.198 Loaded shared library C:\Users\shang\.jdks\openjdk-24.0.1\bin\verify.dll
Event: 0.322 Loaded shared library C:\Users\shang\.jdks\openjdk-24.0.1\bin\jimage.dll

Deoptimization events (20 events):
Event: 27.483 Thread 0x0000026ce0dd6390 Uncommon trap: trap_request=0xffffff4d fr.pc=0x0000026cf37866d8 relative=0x0000000000000398
Event: 27.483 Thread 0x0000026ce0dd6390 Uncommon trap: reason=unstable_if action=reinterpret pc=0x0000026cf37866d8 method=com.adobe.flash.abc.ABCEmitter.poolOperands(Lcom/adobe/flash/abc/semantics/MethodBodyInfo;)V @ 74 c2
Event: 27.484 Thread 0x0000026ce0dd6390 DEOPT PACKING pc=0x0000026cf37866d8 sp=0x000000d35fcfe870
Event: 27.484 Thread 0x0000026ce0dd6390 DEOPT UNPACKING pc=0x0000026cf2fd5982 sp=0x000000d35fcfe830 mode 2
Event: 27.490 Thread 0x0000026ce0dd6390 DEOPT PACKING pc=0x0000026cebe31428 sp=0x000000d35fcfe930
Event: 27.490 Thread 0x0000026ce0dd6390 DEOPT UNPACKING pc=0x0000026cf2f15722 sp=0x000000d35fcfdde0 mode 0
Event: 27.886 Thread 0x0000026ce0dd6390 Uncommon trap: trap_request=0xffffff4d fr.pc=0x0000026cf35d5870 relative=0x0000000000000210
Event: 27.886 Thread 0x0000026ce0dd6390 Uncommon trap: reason=unstable_if action=reinterpret pc=0x0000026cf35d5870 method=com.adobe.flash.abc.semantics.Name.hashCode()I @ 59 c2
Event: 27.886 Thread 0x0000026ce0dd6390 DEOPT PACKING pc=0x0000026cf35d5870 sp=0x000000d35fcfe690
Event: 27.886 Thread 0x0000026ce0dd6390 DEOPT UNPACKING pc=0x0000026cf2fd5982 sp=0x000000d35fcfe610 mode 2
Event: 29.755 Thread 0x0000026ce0dd6390 Uncommon trap: trap_request=0xffffff4d fr.pc=0x0000026cf3728044 relative=0x00000000000006c4
Event: 29.755 Thread 0x0000026ce0dd6390 Uncommon trap: reason=unstable_if action=reinterpret pc=0x0000026cf3728044 method=com.adobe.flash.abc.semantics.Name.isEqualTo(Lcom/adobe/flash/abc/semantics/Name;)Z @ 23 c2
Event: 29.755 Thread 0x0000026ce0dd6390 DEOPT PACKING pc=0x0000026cf3728044 sp=0x000000d35fcfe7b0
Event: 29.755 Thread 0x0000026ce0dd6390 DEOPT UNPACKING pc=0x0000026cf2fd5982 sp=0x000000d35fcfe6d8 mode 2
Event: 29.755 Thread 0x0000026ce0dd6390 Uncommon trap: trap_request=0xffffff4d fr.pc=0x0000026cf372d170 relative=0x0000000000000290
Event: 29.755 Thread 0x0000026ce0dd6390 Uncommon trap: reason=unstable_if action=reinterpret pc=0x0000026cf372d170 method=com.adobe.flash.abc.semantics.Name.isEqualTo(Lcom/adobe/flash/abc/semantics/Name;)Z @ 23 c2
Event: 29.755 Thread 0x0000026ce0dd6390 DEOPT PACKING pc=0x0000026cf372d170 sp=0x000000d35fcfe630
Event: 29.755 Thread 0x0000026ce0dd6390 DEOPT UNPACKING pc=0x0000026cf2fd5982 sp=0x000000d35fcfe5c0 mode 2
Event: 29.842 Thread 0x0000026ce0dd6390 DEOPT PACKING pc=0x0000026cec513e85 sp=0x000000d35fcfe930
Event: 29.842 Thread 0x0000026ce0dd6390 DEOPT UNPACKING pc=0x0000026cf2f15722 sp=0x000000d35fcfde68 mode 0

Classes loaded (20 events):
Event: 26.936 Loading class javax/xml/stream/XMLOutputFactory
Event: 26.936 Loading class javax/xml/stream/XMLOutputFactory done
Event: 26.937 Loading class com/sun/xml/internal/stream/XMLOutputFactoryImpl
Event: 26.939 Loading class com/sun/xml/internal/stream/XMLOutputFactoryImpl done
Event: 26.944 Loading class javax/xml/transform/stream/StreamResult
Event: 26.951 Loading class javax/xml/transform/Result
Event: 26.953 Loading class javax/xml/transform/Result done
Event: 26.953 Loading class javax/xml/transform/stream/StreamResult done
Event: 26.953 Loading class com/sun/xml/internal/stream/writers/XMLStreamWriterImpl
Event: 26.954 Loading class com/sun/xml/internal/stream/writers/XMLStreamWriterBase
Event: 26.958 Loading class com/sun/xml/internal/stream/writers/XMLStreamWriterBase done
Event: 26.959 Loading class com/sun/xml/internal/stream/writers/XMLStreamWriterImpl done
Event: 26.959 Loading class com/sun/xml/internal/stream/writers/XMLStreamWriterImpl$ElementStack
Event: 26.961 Loading class com/sun/xml/internal/stream/writers/XMLStreamWriterImpl$ElementStack done
Event: 26.961 Loading class com/sun/xml/internal/stream/writers/XMLStreamWriterImpl$ElementState
Event: 26.961 Loading class com/sun/xml/internal/stream/writers/XMLStreamWriterImpl$ElementState done
Event: 26.964 Loading class com/sun/xml/internal/stream/util/ReadOnlyIterator
Event: 26.965 Loading class com/sun/xml/internal/stream/util/ReadOnlyIterator done
Event: 26.965 Loading class com/sun/xml/internal/stream/writers/XMLStreamWriterImpl$NamespaceContextImpl
Event: 26.965 Loading class com/sun/xml/internal/stream/writers/XMLStreamWriterImpl$NamespaceContextImpl done

Classes unloaded (0 events):
No events

Classes redefined (0 events):
No events

Internal exceptions (20 events):
Event: 1.235 Thread 0x0000026ce0dd6390 Exception <a 'java/lang/NoSuchMethodError'{0x00000000e71709d0}: 'java.lang.Object java.lang.invoke.DirectMethodHandle$Holder.invokeInterface(java.lang.Object, java.lang.Object)'> (0x00000000e71709d0) 
thrown [s\open\src\hotspot\share\interpreter\linkResolver.cpp, line 805]
Event: 1.270 Thread 0x0000026ce0dd6390 Exception <a 'java/lang/NoSuchMethodError'{0x00000000e71a5240}: 'void java.lang.invoke.DirectMethodHandle$Holder.invokeStatic(java.lang.Object, java.lang.Object, java.lang.Object)'> (0x00000000e71a5240) 
thrown [s\open\src\hotspot\share\interpreter\linkResolver.cpp, line 805]
Event: 1.469 Thread 0x0000026ce0dd6390 Exception <a 'java/lang/NoSuchMethodError'{0x00000000e705e018}: 'void java.lang.invoke.DirectMethodHandle$Holder.invokeVirtual(java.lang.Object, java.lang.Object, java.lang.Object, java.lang.Object)'> (0x00000000e705e018) 
thrown [s\open\src\hotspot\share\interpreter\linkResolver.cpp, line 805]
Event: 1.470 Thread 0x0000026ce0dd6390 Exception <a 'java/lang/NoSuchMethodError'{0x00000000e70663e0}: 'void java.lang.invoke.DirectMethodHandle$Holder.invokeSpecial(java.lang.Object, java.lang.Object, java.lang.Object, java.lang.Object, java.lang.Object)'> (0x00000000e70663e0) 
thrown [s\open\src\hotspot\share\interpreter\linkResolver.cpp, line 805]
Event: 1.497 Thread 0x0000026ce0dd6390 Exception <a 'java/lang/NoSuchMethodError'{0x00000000e70eca80}: 'void java.lang.invoke.DelegatingMethodHandle$Holder.reinvoke_L(java.lang.Object, java.lang.Object, java.lang.Object, int, int)'> (0x00000000e70eca80) 
thrown [s\open\src\hotspot\share\interpreter\linkResolver.cpp, line 805]
Event: 1.504 Thread 0x0000026ce0dd6390 Exception <a 'java/lang/NoSuchMethodError'{0x00000000e6f19420}: 'java.lang.Object java.lang.invoke.Invokers$Holder.invokeExact_MT(java.lang.Object, java.lang.Object, java.lang.Object, java.lang.Object, java.lang.Object, java.lang.Object)'> (0x00000000e6f19420) 
thrown [s\open\src\hotspot\share\interpreter\linkResolver.cpp, line 805]
Event: 1.508 Thread 0x0000026ce0dd6390 Exception <a 'java/lang/NoSuchMethodError'{0x00000000e6f32230}: 'void java.lang.invoke.DelegatingMethodHandle$Holder.reinvoke_L(java.lang.Object, java.lang.Object, java.lang.Object, int)'> (0x00000000e6f32230) 
thrown [s\open\src\hotspot\share\interpreter\linkResolver.cpp, line 805]
Event: 3.111 Thread 0x0000026ce0dd6390 Implicit null exception at 0x0000026cf34dc63a to 0x0000026cf34dcdc0
Event: 4.127 Thread 0x0000026cc5c4f250 Implicit null exception at 0x0000026cf34f594f to 0x0000026cf34f68dc
Event: 4.127 Thread 0x0000026cc5c4f250 Implicit null exception at 0x0000026cf34fb3d9 to 0x0000026cf34fb9b4
Event: 4.136 Thread 0x0000026cc5c4f250 Implicit null exception at 0x0000026cf3492d9d to 0x0000026cf3492e19
Event: 4.141 Thread 0x0000026cc5c500f0 Implicit null exception at 0x0000026cf34ea888 to 0x0000026cf34eaaf8
Event: 4.142 Thread 0x0000026cc5c500f0 Implicit null exception at 0x0000026cf3495388 to 0x0000026cf3495620
Event: 5.170 Thread 0x0000026cc51e2b90 Exception <a 'java/lang/NoSuchMethodError'{0x00000000e756a798}: 'void java.lang.invoke.DirectMethodHandle$Holder.invokeInterface(java.lang.Object, java.lang.Object)'> (0x00000000e756a798) 
thrown [s\open\src\hotspot\share\interpreter\linkResolver.cpp, line 805]
Event: 7.617 Thread 0x0000026cc5c4f250 Exception <a 'java/lang/NoSuchMethodError'{0x00000000e65dd8d0}: 'java.lang.Object java.lang.invoke.DirectMethodHandle$Holder.invokeVirtual(java.lang.Object, java.lang.Object, java.lang.Object, java.lang.Object, int)'> (0x00000000e65dd8d0) 
thrown [s\open\src\hotspot\share\interpreter\linkResolver.cpp, line 805]
Event: 7.622 Thread 0x0000026cc5c4f250 Exception <a 'java/lang/NoSuchMethodError'{0x00000000e5aae5e0}: 'java.lang.Object java.lang.invoke.DirectMethodHandle$Holder.invokeSpecial(java.lang.Object, java.lang.Object, java.lang.Object, java.lang.Object, java.lang.Object, int)'> (0x00000000e5aae5e0) 
thrown [s\open\src\hotspot\share\interpreter\linkResolver.cpp, line 805]
Event: 15.161 Thread 0x0000026cc5c4dc60 Implicit null exception at 0x0000026cf36eb6af to 0x0000026cf36ebb9c
Event: 16.832 Thread 0x0000026cc5c50f90 Implicit null exception at 0x0000026cf36e09c8 to 0x0000026cf36e0a74
Event: 16.832 Thread 0x0000026cc5c50f90 Implicit null exception at 0x0000026cf35dab98 to 0x0000026cf35dac4c
Event: 27.222 Thread 0x0000026ce0dd6390 Implicit null exception at 0x0000026cf35d2cb8 to 0x0000026cf35d337c

VM Operations (20 events):
Event: 23.906 Executing VM operation: G1CollectForAllocation (G1 Evacuation Pause)
Event: 23.917 Executing VM operation: G1CollectForAllocation (G1 Evacuation Pause) done
Event: 25.061 Executing VM operation: G1CollectForAllocation (G1 Evacuation Pause)
Event: 25.081 Executing VM operation: G1CollectForAllocation (G1 Evacuation Pause) done
Event: 26.882 Executing VM operation: HandshakeAllThreads (Deoptimize)
Event: 26.882 Executing VM operation: HandshakeAllThreads (Deoptimize) done
Event: 26.902 Executing VM operation: G1CollectForAllocation (G1 Evacuation Pause)
Event: 26.910 Executing VM operation: G1CollectForAllocation (G1 Evacuation Pause) done
Event: 26.963 Executing VM operation: HandshakeAllThreads (Deoptimize)
Event: 26.963 Executing VM operation: HandshakeAllThreads (Deoptimize) done
Event: 26.968 Executing VM operation: HandshakeAllThreads (Deoptimize)
Event: 26.968 Executing VM operation: HandshakeAllThreads (Deoptimize) done
Event: 27.002 Executing VM operation: G1PauseRemark
Event: 27.008 Executing VM operation: G1PauseRemark done
Event: 27.054 Executing VM operation: G1PauseCleanup
Event: 27.054 Executing VM operation: G1PauseCleanup done
Event: 27.935 Executing VM operation: G1CollectForAllocation (G1 Evacuation Pause)
Event: 27.968 Executing VM operation: G1CollectForAllocation (G1 Evacuation Pause) done
Event: 31.047 Executing VM operation: HandshakeAllThreads (Deoptimize)
Event: 31.048 Executing VM operation: HandshakeAllThreads (Deoptimize) done

Memory protections (0 events):
No events

Nmethod flushes (20 events):
Event: 27.007 Thread 0x0000026cfe0c00d0 flushing  nmethod 0x0000026cec17a988
Event: 27.007 Thread 0x0000026cfe0c00d0 flushing  nmethod 0x0000026cec17fc88
Event: 27.007 Thread 0x0000026cfe0c00d0 flushing  nmethod 0x0000026cec17ff88
Event: 27.007 Thread 0x0000026cfe0c00d0 flushing  nmethod 0x0000026cec183408
Event: 27.007 Thread 0x0000026cfe0c00d0 flushing  nmethod 0x0000026cec413f08
Event: 27.007 Thread 0x0000026cfe0c00d0 flushing  nmethod 0x0000026cec72c588
Event: 27.007 Thread 0x0000026cfe0c00d0 flushing  nmethod 0x0000026cec7a4408
Event: 27.007 Thread 0x0000026cfe0c00d0 flushing  nmethod 0x0000026cec7d0208
Event: 27.007 Thread 0x0000026cfe0c00d0 flushing  nmethod 0x0000026cf37a0a88
Event: 27.007 Thread 0x0000026cfe0c00d0 flushing  nmethod 0x0000026ceb9aa188
Event: 27.007 Thread 0x0000026cfe0c00d0 flushing  nmethod 0x0000026cebcf9988
Event: 27.007 Thread 0x0000026cfe0c00d0 flushing  nmethod 0x0000026cebd4f208
Event: 27.007 Thread 0x0000026cfe0c00d0 flushing  nmethod 0x0000026cebfa0d08
Event: 27.007 Thread 0x0000026cfe0c00d0 flushing  nmethod 0x0000026cec22a708
Event: 27.007 Thread 0x0000026cfe0c00d0 flushing  nmethod 0x0000026cec2aad88
Event: 27.007 Thread 0x0000026cfe0c00d0 flushing  nmethod 0x0000026cec2ac288
Event: 27.007 Thread 0x0000026cfe0c00d0 flushing  nmethod 0x0000026cec30db08
Event: 27.007 Thread 0x0000026cfe0c00d0 flushing  nmethod 0x0000026cec30f988
Event: 27.007 Thread 0x0000026cfe0c00d0 flushing  nmethod 0x0000026cec391788
Event: 27.007 Thread 0x0000026cfe0c00d0 flushing  nmethod 0x0000026cec795308

Events (20 events):
Event: 0.820 Thread 0x0000026cfe0eb470 Thread added: 0x0000026cc5a30bf0
Event: 2.731 Thread 0x0000026cc5a30bf0 Thread exited: 0x0000026cc5a30bf0
Event: 3.143 Thread 0x0000026cc5274190 Thread added: 0x0000026cc5f768c0
Event: 3.638 Thread 0x0000026cc5274190 Thread added: 0x0000026cc5bac7b0
Event: 3.638 Thread 0x0000026ce0dd6390 Thread added: 0x0000026cc5bae4f0
Event: 3.638 Thread 0x0000026cc5274190 Thread added: 0x0000026cc5bac060
Event: 3.639 Thread 0x0000026cc5274190 Thread added: 0x0000026cc5bad650
Event: 3.639 Thread 0x0000026cc5274190 Thread added: 0x0000026cc5bacf00
Event: 3.639 Thread 0x0000026cc5274190 Thread added: 0x0000026cc5badda0
Event: 3.642 Thread 0x0000026cc5274190 Thread added: 0x0000026cc5baec40
Event: 3.643 Thread 0x0000026cc5274190 Thread added: 0x0000026cc5c500f0
Event: 3.643 Thread 0x0000026cc5274190 Thread added: 0x0000026cc5c50840
Event: 3.643 Thread 0x0000026cc5274190 Thread added: 0x0000026cc5c50f90
Event: 3.643 Thread 0x0000026cc5274190 Thread added: 0x0000026cc5c4dc60
Event: 3.643 Thread 0x0000026cc5274190 Thread added: 0x0000026cc5c516e0
Event: 3.643 Thread 0x0000026cc5274190 Thread added: 0x0000026cc5c4f250
Event: 3.643 Thread 0x0000026cc5274190 Thread added: 0x0000026cc5c4f9a0
Event: 4.561 Thread 0x0000026cfe0eb470 Thread added: 0x0000026cc61de580
Event: 27.078 Thread 0x0000026cc61de580 Thread exited: 0x0000026cc61de580
Event: 27.226 Thread 0x0000026cfe0eb470 Thread added: 0x0000026cc7d5e130


Dynamic libraries:
0x00007ff7b65b0000 - 0x00007ff7b65be000 	C:\Users\shang\.jdks\openjdk-24.0.1\bin\java.exe
0x00007ffc96080000 - 0x00007ffc962e8000 	C:\WINDOWS\SYSTEM32\ntdll.dll
0x00007ffc95010000 - 0x00007ffc950d9000 	C:\WINDOWS\System32\KERNEL32.DLL
0x00007ffc931d0000 - 0x00007ffc935bd000 	C:\WINDOWS\System32\KERNELBASE.dll
0x00007ffc93960000 - 0x00007ffc93aab000 	C:\WINDOWS\System32\ucrtbase.dll
0x00007ffc86a10000 - 0x00007ffc86a2b000 	C:\Users\shang\.jdks\openjdk-24.0.1\bin\VCRUNTIME140.dll
0x00007ffc73ad0000 - 0x00007ffc73ae6000 	C:\Users\shang\.jdks\openjdk-24.0.1\bin\jli.dll
0x00007ffc95920000 - 0x00007ffc95aec000 	C:\WINDOWS\System32\USER32.dll
0x00007ffc7aaa0000 - 0x00007ffc7ad3a000 	C:\WINDOWS\WinSxS\amd64_microsoft.windows.common-controls_6595b64144ccf1df_6.0.26100.4484_none_3e0e6d4ce32ef3b3\COMCTL32.dll
0x00007ffc93df0000 - 0x00007ffc93e17000 	C:\WINDOWS\System32\win32u.dll
0x00007ffc94620000 - 0x00007ffc946c9000 	C:\WINDOWS\System32\msvcrt.dll
0x00007ffc93e70000 - 0x00007ffc93e9b000 	C:\WINDOWS\System32\GDI32.dll
0x00007ffc93bf0000 - 0x00007ffc93d27000 	C:\WINDOWS\System32\gdi32full.dll
0x00007ffc93ab0000 - 0x00007ffc93b53000 	C:\WINDOWS\System32\msvcp_win.dll
0x00007ffc95290000 - 0x00007ffc952bf000 	C:\WINDOWS\System32\IMM32.DLL
0x00007ffc78e70000 - 0x00007ffc78e7c000 	C:\Users\shang\.jdks\openjdk-24.0.1\bin\vcruntime140_1.dll
0x00007ffc590f0000 - 0x00007ffc5917e000 	C:\Users\shang\.jdks\openjdk-24.0.1\bin\msvcp140.dll
0x00007ffbbf2a0000 - 0x00007ffbc0042000 	C:\Users\shang\.jdks\openjdk-24.0.1\bin\server\jvm.dll
0x00007ffc95bf0000 - 0x00007ffc95ca4000 	C:\WINDOWS\System32\ADVAPI32.dll
0x00007ffc94800000 - 0x00007ffc948a6000 	C:\WINDOWS\System32\sechost.dll
0x00007ffc95780000 - 0x00007ffc95898000 	C:\WINDOWS\System32\RPCRT4.dll
0x00007ffc93ea0000 - 0x00007ffc93f14000 	C:\WINDOWS\System32\WS2_32.dll
0x00007ffc86a60000 - 0x00007ffc86a95000 	C:\WINDOWS\SYSTEM32\WINMM.dll
0x00007ffc8c650000 - 0x00007ffc8c65b000 	C:\WINDOWS\SYSTEM32\VERSION.dll
0x00007ffc91e50000 - 0x00007ffc91eae000 	C:\WINDOWS\SYSTEM32\POWRPROF.dll
0x00007ffc91dd0000 - 0x00007ffc91de4000 	C:\WINDOWS\SYSTEM32\UMPDC.dll
0x00007ffc92090000 - 0x00007ffc920ab000 	C:\WINDOWS\SYSTEM32\kernel.appcore.dll
0x00007ffc73ac0000 - 0x00007ffc73aca000 	C:\Users\shang\.jdks\openjdk-24.0.1\bin\jimage.dll
0x00007ffc7e990000 - 0x00007ffc7ebd1000 	C:\WINDOWS\SYSTEM32\DBGHELP.DLL
0x00007ffc95cb0000 - 0x00007ffc96036000 	C:\WINDOWS\System32\combase.dll
0x00007ffc93f20000 - 0x00007ffc94000000 	C:\WINDOWS\System32\OLEAUT32.dll
0x00007ffc75f80000 - 0x00007ffc75fc3000 	C:\WINDOWS\SYSTEM32\dbgcore.DLL
0x00007ffc93740000 - 0x00007ffc937d9000 	C:\WINDOWS\System32\bcryptPrimitives.dll
0x00007ffc73a90000 - 0x00007ffc73aae000 	C:\Users\shang\.jdks\openjdk-24.0.1\bin\java.dll
0x00007ffc94470000 - 0x00007ffc9460e000 	C:\WINDOWS\System32\ole32.dll
0x00007ffc948c0000 - 0x00007ffc9500a000 	C:\WINDOWS\System32\SHELL32.dll
0x00007ffc935c0000 - 0x00007ffc93734000 	C:\WINDOWS\System32\wintypes.dll
0x00007ffc90e50000 - 0x00007ffc916ab000 	C:\WINDOWS\SYSTEM32\windows.storage.dll
0x00007ffc95af0000 - 0x00007ffc95be5000 	C:\WINDOWS\System32\SHCORE.dll
0x00007ffc958b0000 - 0x00007ffc9591a000 	C:\WINDOWS\System32\shlwapi.dll
0x00007ffc930e0000 - 0x00007ffc9310f000 	C:\WINDOWS\SYSTEM32\profapi.dll
0x00007ffc36780000 - 0x00007ffc36857000 	C:\Users\shang\.jdks\openjdk-24.0.1\bin\jsvml.dll
0x00007ffc73a80000 - 0x00007ffc73a90000 	C:\Users\shang\.jdks\openjdk-24.0.1\bin\net.dll
0x00007ffc92620000 - 0x00007ffc9268a000 	C:\WINDOWS\system32\mswsock.dll
0x00007ffc73a60000 - 0x00007ffc73a76000 	C:\Users\shang\.jdks\openjdk-24.0.1\bin\nio.dll
0x00007ffc68c50000 - 0x00007ffc68c67000 	C:\Users\shang\.jdks\openjdk-24.0.1\bin\zip.dll
0x00007ffc66760000 - 0x00007ffc66770000 	C:\Users\shang\.jdks\openjdk-24.0.1\bin\verify.dll

JVMTI agents: none

dbghelp: loaded successfully - version: 4.0.5 - missing functions: none
symbol engine: initialized successfully - sym options: 0x614 - pdb path: .;C:\Users\shang\.jdks\openjdk-24.0.1\bin;C:\WINDOWS\SYSTEM32;C:\WINDOWS\WinSxS\amd64_microsoft.windows.common-controls_6595b64144ccf1df_6.0.26100.4484_none_3e0e6d4ce32ef3b3;C:\Users\shang\.jdks\openjdk-24.0.1\bin\server

VM Arguments:
jvm_args: -Dapplication.home=C:\Users\shang\OneDrive\Desktop\AIRSDK_51.1.3 -Dfile.encoding=UTF-8 -Djava.awt.headless=true -Duser.language=en -Duser.region=en -Xmx512m 
java_command: com.adobe.flash.compiler.clients.MXMLC -load-config=C:\Users\shang\AppData\Local\JetBrains\IntelliJIdea2025.1\compile-server\webmain_3296dcc9\_temp_\IntelliJ_IDEA\idea-AEAB9808-45A3E760.xml -default-size 800 600 -default-frame-rate 60 -default-background-color #000000 -swf-version 15 -dump-config config.xml -optimize=true -use-direct-blit=true -keep-as3-metadata+=Inject -keep-as3-metadata+=Embed -keep-as3-metadata+=PostConstruct -keep-as3-metadata+=ArrayElementType
java_class_path (initial): C:\Users\shang\OneDrive\Desktop\AIRSDK_51.1.3\lib\compiler.jar
Launcher Type: SUN_STANDARD

[Global flags]
     intx CICompilerCount                          = 4                                         {product} {ergonomic}
     uint ConcGCThreads                            = 2                                         {product} {ergonomic}
     uint G1ConcRefinementThreads                  = 8                                         {product} {ergonomic}
   size_t G1HeapRegionSize                         = 1048576                                   {product} {ergonomic}
   size_t InitialHeapSize                          = 134217728                                 {product} {ergonomic}
   size_t MarkStackSize                            = 4194304                                   {product} {ergonomic}
   size_t MarkStackSizeMax                         = 536870912                                 {product} {ergonomic}
   size_t MaxHeapSize                              = 536870912                                 {product} {command line}
   size_t MaxNewSize                               = 321912832                                 {product} {ergonomic}
   size_t MinHeapDeltaBytes                        = 1048576                                   {product} {ergonomic}
   size_t MinHeapSize                              = 8388608                                   {product} {ergonomic}
    uintx NonNMethodCodeHeapSize                   = 5832704                                {pd product} {ergonomic}
    uintx NonProfiledCodeHeapSize                  = 122945536                              {pd product} {ergonomic}
    uintx ProfiledCodeHeapSize                     = 122880000                              {pd product} {ergonomic}
    uintx ReservedCodeCacheSize                    = 251658240                              {pd product} {ergonomic}
     bool SegmentedCodeCache                       = true                                      {product} {ergonomic}
   size_t SoftMaxHeapSize                          = 536870912                              {manageable} {ergonomic}
     bool UseCompressedOops                        = true                           {product lp64_product} {ergonomic}
     bool UseG1GC                                  = true                                      {product} {ergonomic}
     bool UseLargePagesIndividualAllocation        = false                                  {pd product} {ergonomic}

Logging:
Log output configuration:
 #0: stdout all=warning uptime,level,tags foldmultilines=false
 #1: stderr all=off uptime,level,tags foldmultilines=false

Environment Variables:
JAVA_HOME=C:\Program Files (x86)\Java\jre1.8.0_451
PATH=C:\Program Files (x86)\Java\jre1.8.0_451\bin;C:\Users\shang\Downloads\apache-ant-1.10.15-bin\apache-ant-1.10.15\bin;C:\Program Files (x86)\Razer Chroma SDK\bin;C:\Program Files\Razer Chroma SDK\bin;C:\Windows\system32;C:\Windows;C:\Windows\System32\Wbem;C:\Windows\System32\WindowsPowerShell\v1.0\;C:\Windows\System32\OpenSSH\;C:\Program Files (x86)\Razer\ChromaBroadcast\bin;C:\Program Files\Razer\ChromaBroadcast\bin;C:\Windows\system32\config\systemprofile\AppData\Local\Microsoft\WindowsApps;C:\WINDOWS\system32;C:\WINDOWS;C:\WINDOWS\System32\Wbem;C:\WINDOWS\System32\WindowsPowerShell\v1.0\;C:\WINDOWS\System32\OpenSSH\;C:\Users\shang\AppData\Local\Programs\Python\Python39\Scripts;C:\Program Files\Microsoft SQL Server\150\Tools\Binn\;C:\Program Files\dotnet\;C:\Users\shang\Downloads\apache-maven-3.9.8-bin (2)\apache-maven-3.9.8\bin;C:\Program Files (x86)\NVIDIA Corporation\PhysX\Common;C:\Program Files\PuTTY\;C:\Program Files\Git\cmd;C:\Program Files\Git LFS;C:\Program Files\CMake\bin;C:\Users\shang\AppData\Local\Programs\Python\Launcher\;C:\Program Files (x86)\Java\jre1.8.0_451\bin;C:\Users\shang\Downloads\apache-ant-1.10.15-bin\apache-ant-1.10.15\bin;C:\Program Files (x86)\Razer Chroma SDK\bin;C:\Program Files\Razer Chroma SDK\bin;C:\Windows\system32;C:\Windows;C:\Windows\System32\Wbem;C:\Windows\System32\WindowsPowerShell\v1.0\;C:\Windows\System32\OpenSSH\;C:\Program Files (x86)\Razer\ChromaBroadcast\bin;C:\Program Files\Razer\ChromaBroadcast\bin;C:\Windows\system32\config\systemprofile\AppData\Local\Microsoft\WindowsApps;C:\WINDOWS\system32;C:\WINDOWS;C:\WINDOWS\System32\Wbem;C:\WINDOWS\System32\WindowsPowerShell\v1.0\;C:\WINDOWS\System32\OpenSSH\;C:\Users\shang\AppData\Local\Programs\Python\Python39\Scripts;C:\Program Files\Microsoft SQL Server\150\Tools\Binn\;C:\Program Files\dotnet\;C:\Users\shang\Downloads\apache-maven-3.9.8-bin (2)\apache-maven-3.9.8\bin;C:\Program Files (x86)\NVIDIA Corporation\PhysX\Common;C:\Program Files\PuTTY\;C:\Program Files\Git\cmd;C:\Program Files\Git LFS;C:\Program Files\CMake\bin;C:\build tool\apache-maven-3.9.8\bin\bin;C:\Users\shang\AppData\Local\Microsoft\WindowsApps;C:\Users\shang\.dotnet\tools
USERNAME=shang
OS=Windows_NT
PROCESSOR_IDENTIFIER=AMD64 Family 23 Model 24 Stepping 1, AuthenticAMD
TMP=C:\Users\shang\AppData\Local\Temp
TEMP=C:\Users\shang\AppData\Local\Temp




Periodic native trim disabled

---------------  S Y S T E M  ---------------

OS:
 Windows 11 , 64 bit Build 26100 (10.0.26100.4484)
OS uptime: 8 days 4:01 hours

CPU: total 8 (initial active 8) (8 cores per cpu, 2 threads per core) family 23 model 24 stepping 1 microcode 0x8108109, cx8, cmov, fxsr, ht, mmx, 3dnowpref, sse, sse2, sse3, ssse3, sse4a, sse4.1, sse4.2, popcnt, lzcnt, tsc, tscinvbit, avx, avx2, aes, clmul, bmi1, bmi2, adx, sha, fma, vzeroupper, clflush, clflushopt, rdtscp, f16c
Processor Information for the first 8 processors :
  Max Mhz: 3700, Current Mhz: 3700, Mhz Limit: 3700

Memory: 4k page, system-wide physical 8128M (447M free)
TotalPageFile size 32704M (AvailPageFile size 5M)
current process WorkingSet (physical memory assigned to process): 269M, peak: 275M
current process commit charge ("private bytes"): 346M, peak: 346M

vm_info: OpenJDK 64-Bit Server VM (24.0.1+9-30) for windows-amd64 JRE (24.0.1+9-30), built on 2025-03-05T07:23:45Z with MS VC++ 17.6 (VS2022)

END.
