#
# There is insufficient memory for the Java Runtime Environment to continue.
# Native memory allocation (malloc) failed to allocate 4391312 bytes. Error detail: Chunk::new
# Possible reasons:
#   The system is out of physical RAM or swap space
#   This process is running with CompressedOops enabled, and the Java Heap may be blocking the growth of the native heap
# Possible solutions:
#   Reduce memory load on the system
#   Increase physical memory or swap space
#   Check if swap backing store is full
#   Decrease Java heap size (-Xmx/-Xms)
#   Decrease number of Java threads
#   Decrease Java thread stack sizes (-Xss)
#   Set larger code cache with -XX:ReservedCodeCacheSize=
#   JVM is running with Unscaled Compressed Oops mode in which the Java heap is
#     placed in the first 4GB address space. The Java Heap base address is the
#     maximum limit for the native heap growth. Please use -XX:HeapBaseMinAddress
#     to set the Java Heap base and to place the Java Heap above 4GB virtual address.
# This output file may be truncated or incomplete.
#
#  Out of Memory Error (arena.cpp:162), pid=27204, tid=32996
#
# JRE version: OpenJDK Runtime Environment (24.0.1+9) (build 24.0.1+9-30)
# Java VM: OpenJDK 64-Bit Server VM (24.0.1+9-30, mixed mode, sharing, tiered, compressed oops, compressed class ptrs, g1 gc, windows-amd64)
# No core dump will be written. Minidumps are not enabled by default on client versions of Windows
#

---------------  S U M M A R Y ------------

Command Line: -Dapplication.home=C:\Users\shang\OneDrive\Desktop\AIRSDK_51.1.3 -Dfile.encoding=UTF-8 -Djava.awt.headless=true -Duser.language=en -Duser.region=en -Xmx512m com.adobe.flash.compiler.clients.MXMLC -load-config=C:\Users\shang\AppData\Local\JetBrains\IntelliJIdea2025.1\compile-server\webmain_3296dcc9\_temp_\IntelliJ_IDEA\idea-AEAB9808-45A3E760.xml -default-size 800 600 -default-frame-rate 60 -default-background-color #000000 -swf-version 15 -dump-config config.xml -optimize=true -use-direct-blit=true -keep-as3-metadata+=Inject -keep-as3-metadata+=Embed -keep-as3-metadata+=PostConstruct -keep-as3-metadata+=ArrayElementType

Host: AMD Ryzen 5 3400G with Radeon Vega Graphics    , 8 cores, 7G,  Windows 11 , 64 bit Build 26100 (10.0.26100.4484)
Time: Thu Jul 24 05:56:40 2025 Västeuropa, sommartid elapsed time: 14.817871 seconds (0d 0h 0m 14s)

---------------  T H R E A D  ---------------

Current thread (0x000001e2f88a3aa0):  JavaThread "C2 CompilerThread1" daemon [_thread_in_native, id=32996, stack(0x000000d0d2900000,0x000000d0d2a00000) (1024K)]


Current CompileTask:
C2:14817 7232       4       com.adobe.flash.compiler.internal.tree.as.FullNameNode::getName (127 bytes)

Stack: [0x000000d0d2900000,0x000000d0d2a00000]
Native frames: (J=compiled Java code, j=interpreted, Vv=VM code, C=native code)
V  [jvm.dll+0x730739]  (no source info available)
V  [jvm.dll+0x8d9b23]  (no source info available)
V  [jvm.dll+0x8dc00d]  (no source info available)
V  [jvm.dll+0x8dc683]  (no source info available)
V  [jvm.dll+0x2aa086]  (no source info available)
V  [jvm.dll+0xcedef]  (no source info available)
V  [jvm.dll+0xcf04f]  (no source info available)
V  [jvm.dll+0x154d83]  (no source info available)
V  [jvm.dll+0x735f5f]  (no source info available)
V  [jvm.dll+0x26fa1c]  (no source info available)
V  [jvm.dll+0x26ea3f]  (no source info available)
V  [jvm.dll+0x1e9d60]  (no source info available)
V  [jvm.dll+0x27e1fb]  (no source info available)
V  [jvm.dll+0x27c49a]  (no source info available)
V  [jvm.dll+0x42f456]  (no source info available)
V  [jvm.dll+0x87d76b]  (no source info available)
V  [jvm.dll+0x72ee55]  (no source info available)
C  [ucrtbase.dll+0x37b0]  (no source info available)
C  [KERNEL32.DLL+0x2e8d7]  (no source info available)
C  [ntdll.dll+0x3c34c]  (no source info available)

Lock stack of current Java thread (top to bottom):


---------------  P R O C E S S  ---------------

Threads class SMR info:
_java_thread_list=0x000001e2f8c87dd0, length=30, elements={
0x000001e2957b67d0, 0x000001e2b2ba3e60, 0x000001e2b2ba46a0, 0x000001e2b2ba8b90,
0x000001e2b2bab6d0, 0x000001e2b2bac9a0, 0x000001e2b2bad600, 0x000001e2b2bb2da0,
0x000001e2b2bc4e70, 0x000001e2b2c39a40, 0x000001e2b2c569b0, 0x000001e2f855f350,
0x000001e2f82b4670, 0x000001e2f82cb1c0, 0x000001e2f88a3aa0, 0x000001e2f8925ce0,
0x000001e2f8c084a0, 0x000001e2f8c0a1e0, 0x000001e2f8c07d50, 0x000001e2f8c09a90,
0x000001e2f8c08bf0, 0x000001e2f8c0a930, 0x000001e2f8c0b080, 0x000001e2f8b930f0,
0x000001e2f8b929a0, 0x000001e2f8b94e30, 0x000001e2f8b95cd0, 0x000001e2f8b946e0,
0x000001e2f8b96420, 0x000001e2f8b96b70
}

Java Threads: ( => current thread )
  0x000001e2957b67d0 JavaThread "main"                              [_thread_blocked, id=14852, stack(0x000000d0d0e00000,0x000000d0d0f00000) (1024K)]
  0x000001e2b2ba3e60 JavaThread "Reference Handler"          daemon [_thread_blocked, id=42348, stack(0x000000d0d1600000,0x000000d0d1700000) (1024K)]
  0x000001e2b2ba46a0 JavaThread "Finalizer"                  daemon [_thread_blocked, id=23988, stack(0x000000d0d1700000,0x000000d0d1800000) (1024K)]
  0x000001e2b2ba8b90 JavaThread "Signal Dispatcher"          daemon [_thread_blocked, id=19592, stack(0x000000d0d1800000,0x000000d0d1900000) (1024K)]
  0x000001e2b2bab6d0 JavaThread "Attach Listener"            daemon [_thread_blocked, id=21156, stack(0x000000d0d1900000,0x000000d0d1a00000) (1024K)]
  0x000001e2b2bac9a0 JavaThread "Service Thread"             daemon [_thread_blocked, id=41280, stack(0x000000d0d1a00000,0x000000d0d1b00000) (1024K)]
  0x000001e2b2bad600 JavaThread "Monitor Deflation Thread"   daemon [_thread_blocked, id=22656, stack(0x000000d0d1b00000,0x000000d0d1c00000) (1024K)]
  0x000001e2b2bb2da0 JavaThread "C2 CompilerThread0"         daemon [_thread_in_native, id=24684, stack(0x000000d0d1c00000,0x000000d0d1d00000) (1024K)]
  0x000001e2b2bc4e70 JavaThread "C1 CompilerThread0"         daemon [_thread_blocked, id=43220, stack(0x000000d0d1d00000,0x000000d0d1e00000) (1024K)]
  0x000001e2b2c39a40 JavaThread "Notification Thread"        daemon [_thread_blocked, id=18216, stack(0x000000d0d1e00000,0x000000d0d1f00000) (1024K)]
  0x000001e2b2c569b0 JavaThread "Common-Cleaner"             daemon [_thread_blocked, id=16252, stack(0x000000d0d1f00000,0x000000d0d2000000) (1024K)]
  0x000001e2f855f350 JavaThread "com.google.common.base.internal.Finalizer" daemon [_thread_blocked, id=34436, stack(0x000000d0d2100000,0x000000d0d2200000) (1024K)]
  0x000001e2f82b4670 JavaThread "com.google.common.base.internal.Finalizer" daemon [_thread_blocked, id=37696, stack(0x000000d0d2200000,0x000000d0d2300000) (1024K)]
  0x000001e2f82cb1c0 JavaThread "pool-1-thread-1"                   [_thread_blocked, id=32604, stack(0x000000d0d2300000,0x000000d0d2400000) (1024K)]
=>0x000001e2f88a3aa0 JavaThread "C2 CompilerThread1"         daemon [_thread_in_native, id=32996, stack(0x000000d0d2900000,0x000000d0d2a00000) (1024K)]
  0x000001e2f8925ce0 JavaThread "pool-1-thread-2"                   [_thread_blocked, id=32856, stack(0x000000d0d2a00000,0x000000d0d2b00000) (1024K)]
  0x000001e2f8c084a0 JavaThread "pool-1-thread-3"                   [_thread_blocked, id=43372, stack(0x000000d0d2b00000,0x000000d0d2c00000) (1024K)]
  0x000001e2f8c0a1e0 JavaThread "pool-1-thread-4"                   [_thread_blocked, id=38184, stack(0x000000d0d2c00000,0x000000d0d2d00000) (1024K)]
  0x000001e2f8c07d50 JavaThread "pool-1-thread-5"                   [_thread_blocked, id=22344, stack(0x000000d0d2d00000,0x000000d0d2e00000) (1024K)]
  0x000001e2f8c09a90 JavaThread "pool-1-thread-6"                   [_thread_blocked, id=37712, stack(0x000000d0d2e00000,0x000000d0d2f00000) (1024K)]
  0x000001e2f8c08bf0 JavaThread "pool-1-thread-8"                   [_thread_blocked, id=28720, stack(0x000000d0d2f00000,0x000000d0d3000000) (1024K)]
  0x000001e2f8c0a930 JavaThread "pool-1-thread-7"                   [_thread_in_native, id=17440, stack(0x000000d0d3000000,0x000000d0d3100000) (1024K)]
  0x000001e2f8c0b080 JavaThread "pool-1-thread-9"                   [_thread_blocked, id=41648, stack(0x000000d0d3100000,0x000000d0d3200000) (1024K)]
  0x000001e2f8b930f0 JavaThread "pool-1-thread-10"                  [_thread_blocked, id=24008, stack(0x000000d0d3200000,0x000000d0d3300000) (1024K)]
  0x000001e2f8b929a0 JavaThread "pool-1-thread-11"                  [_thread_blocked, id=34588, stack(0x000000d0d3300000,0x000000d0d3400000) (1024K)]
  0x000001e2f8b94e30 JavaThread "pool-1-thread-12"                  [_thread_blocked, id=40692, stack(0x000000d0d3400000,0x000000d0d3500000) (1024K)]
  0x000001e2f8b95cd0 JavaThread "pool-1-thread-13"                  [_thread_blocked, id=42744, stack(0x000000d0d3500000,0x000000d0d3600000) (1024K)]
  0x000001e2f8b946e0 JavaThread "pool-1-thread-14"                  [_thread_blocked, id=30240, stack(0x000000d0d3600000,0x000000d0d3700000) (1024K)]
  0x000001e2f8b96420 JavaThread "pool-1-thread-15"                  [_thread_blocked, id=36688, stack(0x000000d0d3700000,0x000000d0d3800000) (1024K)]
  0x000001e2f8b96b70 JavaThread "pool-1-thread-16"                  [_thread_blocked, id=424, stack(0x000000d0d3800000,0x000000d0d3900000) (1024K)]
Total: 30

Other Threads:
  0x000001e2b2b96fe0 VMThread "VM Thread"                           [id=30092, stack(0x000000d0d1500000,0x000000d0d1600000) (1024K)]
  0x000001e2b2a57e30 WatcherThread "VM Periodic Task Thread"        [id=18028, stack(0x000000d0d1400000,0x000000d0d1500000) (1024K)]
  0x000001e297bcae30 WorkerThread "GC Thread#0"                     [id=3864, stack(0x000000d0d0f00000,0x000000d0d1000000) (1024K)]
  0x000001e2f882e190 WorkerThread "GC Thread#1"                     [id=8956, stack(0x000000d0d2000000,0x000000d0d2100000) (1024K)]
  0x000001e2f8944ff0 WorkerThread "GC Thread#2"                     [id=42192, stack(0x000000d0d2400000,0x000000d0d2500000) (1024K)]
  0x000001e2f89453a0 WorkerThread "GC Thread#3"                     [id=23040, stack(0x000000d0d2500000,0x000000d0d2600000) (1024K)]
  0x000001e2f889f640 WorkerThread "GC Thread#4"                     [id=14964, stack(0x000000d0d2600000,0x000000d0d2700000) (1024K)]
  0x000001e2f889f9f0 WorkerThread "GC Thread#5"                     [id=37036, stack(0x000000d0d2700000,0x000000d0d2800000) (1024K)]
  0x000001e2f889fda0 WorkerThread "GC Thread#6"                     [id=43700, stack(0x000000d0d2800000,0x000000d0d2900000) (1024K)]
  0x000001e2f889e780 WorkerThread "GC Thread#7"                     [id=30580, stack(0x000000d0d3900000,0x000000d0d3a00000) (1024K)]
  0x000001e297be0c80 ConcurrentGCThread "G1 Main Marker"            [id=4804, stack(0x000000d0d1000000,0x000000d0d1100000) (1024K)]
  0x000001e297be1e40 WorkerThread "G1 Conc#0"                       [id=28968, stack(0x000000d0d1100000,0x000000d0d1200000) (1024K)]
  0x000001e297c5e2e0 ConcurrentGCThread "G1 Refine#0"               [id=23536, stack(0x000000d0d1200000,0x000000d0d1300000) (1024K)]
  0x000001e2b2a4c150 ConcurrentGCThread "G1 Service"                [id=37064, stack(0x000000d0d1300000,0x000000d0d1400000) (1024K)]
Total: 14

Threads with active compile tasks:
C2 CompilerThread0  16089 7260       4       com.adobe.flash.compiler.internal.parsing.as.StreamingASTokenizer::nextTokenFromReader (314 bytes)
C2 CompilerThread1  16090 7232       4       com.adobe.flash.compiler.internal.tree.as.FullNameNode::getName (127 bytes)
Total: 2

VM state: not at safepoint (normal execution)

VM Mutex/Monitor currently owned by a thread: None

Heap address: 0x00000000e0000000, size: 512 MB, Compressed Oops mode: 32-bit

CDS archive(s) mapped at: [0x000001e2b3000000-0x000001e2b3d40000-0x000001e2b3d40000), size 13893632, SharedBaseAddress: 0x000001e2b3000000, ArchiveRelocationMode: 1.
Compressed class space mapped at: 0x000001e2b4000000-0x000001e2f4000000, reserved size: 1073741824
UseCompressedClassPointers 1, UseCompactObjectHeaders 0
Narrow klass pointer bits 32, Max shift 3
Narrow klass base: 0x000001e2b3000000, Narrow klass shift: 0
Encoding Range: [0x000001e2b3000000 - 0x000001e3b3000000), (4294967296 bytes)
Klass Range:    [0x000001e2b3000000 - 0x000001e2f4000000), (1090519040 bytes)
Klass ID Range:  [8 - 1090519033) (1090519025)

GC Precious Log:
 CardTable entry size: 512
 Card Set container configuration: InlinePtr #cards 5 size 8 Array Of Cards #cards 10 size 36 Howl #buckets 4 coarsen threshold 1843 Howl Bitmap #cards 512 size 80 coarsen threshold 460 Card regions per heap region 1 cards per card region 2048
 CPUs: 8 total, 8 available
 Memory: 8128M
 Large Page Support: Disabled
 NUMA Support: Disabled
 Compressed Oops: Enabled (32-bit)
 Heap Region Size: 1M
 Heap Min Capacity: 8M
 Heap Initial Capacity: 128M
 Heap Max Capacity: 512M
 Pre-touch: Disabled
 Parallel Workers: 8
 Concurrent Workers: 2
 Concurrent Refinement Workers: 8
 Periodic GC: Disabled

Heap:
 garbage-first heap   total reserved 524288K, committed 225280K, used 104100K [0x00000000e0000000, 0x0000000100000000)
  region size 1024K, 49 young (50176K), 12 survivors (12288K)
 Metaspace       used 17278K, committed 17472K, reserved 1114112K
  class space    used 1517K, committed 1600K, reserved 1048576K

Heap Regions: E=young(eden), S=young(survivor), O=old, HS=humongous(starts), HC=humongous(continues), CS=collection set, F=free, TAMS=top-at-mark-start, PB=parsable bottom
|   0|0x00000000e0000000, 0x00000000e0100000, 0x00000000e0100000|100%| O|  |TAMS 0x00000000e0000000| PB 0x00000000e0000000| Untracked |  0
|   1|0x00000000e0100000, 0x00000000e0200000, 0x00000000e0200000|100%| O|  |TAMS 0x00000000e0100000| PB 0x00000000e0100000| Untracked |  0
|   2|0x00000000e0200000, 0x00000000e0300000, 0x00000000e0300000|100%| O|  |TAMS 0x00000000e0200000| PB 0x00000000e0200000| Untracked |  0
|   3|0x00000000e0300000, 0x00000000e0400000, 0x00000000e0400000|100%| O|  |TAMS 0x00000000e0300000| PB 0x00000000e0300000| Untracked |  0
|   4|0x00000000e0400000, 0x00000000e0500000, 0x00000000e0500000|100%| O|  |TAMS 0x00000000e0400000| PB 0x00000000e0400000| Untracked |  0
|   5|0x00000000e0500000, 0x00000000e0600000, 0x00000000e0600000|100%| O|  |TAMS 0x00000000e0500000| PB 0x00000000e0500000| Untracked |  0
|   6|0x00000000e0600000, 0x00000000e0700000, 0x00000000e0700000|100%| O|  |TAMS 0x00000000e0600000| PB 0x00000000e0600000| Untracked |  0
|   7|0x00000000e0700000, 0x00000000e0800000, 0x00000000e0800000|100%| O|  |TAMS 0x00000000e0700000| PB 0x00000000e0700000| Untracked |  0
|   8|0x00000000e0800000, 0x00000000e0900000, 0x00000000e0900000|100%| O|  |TAMS 0x00000000e0800000| PB 0x00000000e0800000| Untracked |  0
|   9|0x00000000e0900000, 0x00000000e0a00000, 0x00000000e0a00000|100%| O|  |TAMS 0x00000000e0900000| PB 0x00000000e0900000| Untracked |  0
|  10|0x00000000e0a00000, 0x00000000e0b00000, 0x00000000e0b00000|100%| O|  |TAMS 0x00000000e0a00000| PB 0x00000000e0a00000| Untracked |  0
|  11|0x00000000e0b00000, 0x00000000e0c00000, 0x00000000e0c00000|100%| O|  |TAMS 0x00000000e0b00000| PB 0x00000000e0b00000| Untracked |  0
|  12|0x00000000e0c00000, 0x00000000e0d00000, 0x00000000e0d00000|100%| O|  |TAMS 0x00000000e0c00000| PB 0x00000000e0c00000| Untracked |  0
|  13|0x00000000e0d00000, 0x00000000e0e00000, 0x00000000e0e00000|100%| O|  |TAMS 0x00000000e0d00000| PB 0x00000000e0d00000| Untracked |  0
|  14|0x00000000e0e00000, 0x00000000e0f00000, 0x00000000e0f00000|100%| O|  |TAMS 0x00000000e0e00000| PB 0x00000000e0e00000| Untracked |  0
|  15|0x00000000e0f00000, 0x00000000e1000000, 0x00000000e1000000|100%| O|  |TAMS 0x00000000e0f00000| PB 0x00000000e0f00000| Untracked |  0
|  16|0x00000000e1000000, 0x00000000e1100000, 0x00000000e1100000|100%| O|  |TAMS 0x00000000e1000000| PB 0x00000000e1000000| Untracked |  0
|  17|0x00000000e1100000, 0x00000000e1200000, 0x00000000e1200000|100%| O|  |TAMS 0x00000000e1100000| PB 0x00000000e1100000| Untracked |  0
|  18|0x00000000e1200000, 0x00000000e1300000, 0x00000000e1300000|100%| O|  |TAMS 0x00000000e1200000| PB 0x00000000e1200000| Untracked |  0
|  19|0x00000000e1300000, 0x00000000e1400000, 0x00000000e1400000|100%| O|  |TAMS 0x00000000e1300000| PB 0x00000000e1300000| Untracked |  0
|  20|0x00000000e1400000, 0x00000000e1500000, 0x00000000e1500000|100%| O|  |TAMS 0x00000000e1400000| PB 0x00000000e1400000| Untracked |  0
|  21|0x00000000e1500000, 0x00000000e1600000, 0x00000000e1600000|100%| O|  |TAMS 0x00000000e1500000| PB 0x00000000e1500000| Untracked |  0
|  22|0x00000000e1600000, 0x00000000e1700000, 0x00000000e1700000|100%| O|  |TAMS 0x00000000e1600000| PB 0x00000000e1600000| Untracked |  0
|  23|0x00000000e1700000, 0x00000000e1800000, 0x00000000e1800000|100%| O|  |TAMS 0x00000000e1700000| PB 0x00000000e1700000| Untracked |  0
|  24|0x00000000e1800000, 0x00000000e1900000, 0x00000000e1900000|100%| O|  |TAMS 0x00000000e1800000| PB 0x00000000e1800000| Untracked |  0
|  25|0x00000000e1900000, 0x00000000e1a00000, 0x00000000e1a00000|100%| O|  |TAMS 0x00000000e1900000| PB 0x00000000e1900000| Untracked |  0
|  26|0x00000000e1a00000, 0x00000000e1b00000, 0x00000000e1b00000|100%| O|  |TAMS 0x00000000e1a00000| PB 0x00000000e1a00000| Untracked |  0
|  27|0x00000000e1b00000, 0x00000000e1c00000, 0x00000000e1c00000|100%| O|  |TAMS 0x00000000e1b00000| PB 0x00000000e1b00000| Untracked |  0
|  28|0x00000000e1c00000, 0x00000000e1d00000, 0x00000000e1d00000|100%| O|  |TAMS 0x00000000e1c00000| PB 0x00000000e1c00000| Untracked |  0
|  29|0x00000000e1d00000, 0x00000000e1e00000, 0x00000000e1e00000|100%| O|  |TAMS 0x00000000e1d00000| PB 0x00000000e1d00000| Untracked |  0
|  30|0x00000000e1e00000, 0x00000000e1f00000, 0x00000000e1f00000|100%| O|  |TAMS 0x00000000e1e00000| PB 0x00000000e1e00000| Untracked |  0
|  31|0x00000000e1f00000, 0x00000000e2000000, 0x00000000e2000000|100%| O|  |TAMS 0x00000000e1f00000| PB 0x00000000e1f00000| Untracked |  0
|  32|0x00000000e2000000, 0x00000000e2100000, 0x00000000e2100000|100%| O|  |TAMS 0x00000000e2000000| PB 0x00000000e2000000| Untracked |  0
|  33|0x00000000e2100000, 0x00000000e2200000, 0x00000000e2200000|100%| O|  |TAMS 0x00000000e2100000| PB 0x00000000e2100000| Untracked |  0
|  34|0x00000000e2200000, 0x00000000e2300000, 0x00000000e2300000|100%| O|  |TAMS 0x00000000e2200000| PB 0x00000000e2200000| Untracked |  0
|  35|0x00000000e2300000, 0x00000000e2400000, 0x00000000e2400000|100%| O|  |TAMS 0x00000000e2300000| PB 0x00000000e2300000| Untracked |  0
|  36|0x00000000e2400000, 0x00000000e2500000, 0x00000000e2500000|100%| O|  |TAMS 0x00000000e2400000| PB 0x00000000e2400000| Untracked |  0
|  37|0x00000000e2500000, 0x00000000e2600000, 0x00000000e2600000|100%| O|  |TAMS 0x00000000e2500000| PB 0x00000000e2500000| Untracked |  0
|  38|0x00000000e2600000, 0x00000000e2700000, 0x00000000e2700000|100%| O|  |TAMS 0x00000000e2600000| PB 0x00000000e2600000| Untracked |  0
|  39|0x00000000e2700000, 0x00000000e2800000, 0x00000000e2800000|100%| O|  |TAMS 0x00000000e2700000| PB 0x00000000e2700000| Untracked |  0
|  40|0x00000000e2800000, 0x00000000e2900000, 0x00000000e2900000|100%| O|  |TAMS 0x00000000e2800000| PB 0x00000000e2800000| Untracked |  0
|  41|0x00000000e2900000, 0x00000000e2a00000, 0x00000000e2a00000|100%| O|  |TAMS 0x00000000e2900000| PB 0x00000000e2900000| Untracked |  0
|  42|0x00000000e2a00000, 0x00000000e2b00000, 0x00000000e2b00000|100%| O|  |TAMS 0x00000000e2a00000| PB 0x00000000e2a00000| Untracked |  0
|  43|0x00000000e2b00000, 0x00000000e2c00000, 0x00000000e2c00000|100%| O|  |TAMS 0x00000000e2b00000| PB 0x00000000e2b00000| Untracked |  0
|  44|0x00000000e2c00000, 0x00000000e2d00000, 0x00000000e2d00000|100%| O|  |TAMS 0x00000000e2c00000| PB 0x00000000e2c00000| Untracked |  0
|  45|0x00000000e2d00000, 0x00000000e2e00000, 0x00000000e2e00000|100%| O|  |TAMS 0x00000000e2d00000| PB 0x00000000e2d00000| Untracked |  0
|  46|0x00000000e2e00000, 0x00000000e2f00000, 0x00000000e2f00000|100%| O|  |TAMS 0x00000000e2e00000| PB 0x00000000e2e00000| Untracked |  0
|  47|0x00000000e2f00000, 0x00000000e3000000, 0x00000000e3000000|100%| O|  |TAMS 0x00000000e2f00000| PB 0x00000000e2f00000| Untracked |  0
|  48|0x00000000e3000000, 0x00000000e3100000, 0x00000000e3100000|100%| O|  |TAMS 0x00000000e3000000| PB 0x00000000e3000000| Untracked |  0
|  49|0x00000000e3100000, 0x00000000e3200000, 0x00000000e3200000|100%| O|  |TAMS 0x00000000e3100000| PB 0x00000000e3100000| Untracked |  0
|  50|0x00000000e3200000, 0x00000000e3300000, 0x00000000e3300000|100%| O|  |TAMS 0x00000000e3200000| PB 0x00000000e3200000| Untracked |  0
|  51|0x00000000e3300000, 0x00000000e3400000, 0x00000000e3400000|100%| O|  |TAMS 0x00000000e3300000| PB 0x00000000e3300000| Untracked |  0
|  52|0x00000000e3400000, 0x00000000e3500000, 0x00000000e3500000|100%| O|  |TAMS 0x00000000e3400000| PB 0x00000000e3400000| Untracked |  0
|  53|0x00000000e3500000, 0x00000000e3529040, 0x00000000e3600000| 16%| O|  |TAMS 0x00000000e3500000| PB 0x00000000e3500000| Untracked |  0
|  54|0x00000000e3600000, 0x00000000e3600000, 0x00000000e3700000|  0%| F|  |TAMS 0x00000000e3600000| PB 0x00000000e3600000| Untracked |  0
|  55|0x00000000e3700000, 0x00000000e3700000, 0x00000000e3800000|  0%| F|  |TAMS 0x00000000e3700000| PB 0x00000000e3700000| Untracked |  0
|  56|0x00000000e3800000, 0x00000000e3800000, 0x00000000e3900000|  0%| F|  |TAMS 0x00000000e3800000| PB 0x00000000e3800000| Untracked |  0
|  57|0x00000000e3900000, 0x00000000e3900000, 0x00000000e3a00000|  0%| F|  |TAMS 0x00000000e3900000| PB 0x00000000e3900000| Untracked |  0
|  58|0x00000000e3a00000, 0x00000000e3a00000, 0x00000000e3b00000|  0%| F|  |TAMS 0x00000000e3a00000| PB 0x00000000e3a00000| Untracked |  0
|  59|0x00000000e3b00000, 0x00000000e3b00000, 0x00000000e3c00000|  0%| F|  |TAMS 0x00000000e3b00000| PB 0x00000000e3b00000| Untracked |  0
|  60|0x00000000e3c00000, 0x00000000e3c00000, 0x00000000e3d00000|  0%| F|  |TAMS 0x00000000e3c00000| PB 0x00000000e3c00000| Untracked |  0
|  61|0x00000000e3d00000, 0x00000000e3d00000, 0x00000000e3e00000|  0%| F|  |TAMS 0x00000000e3d00000| PB 0x00000000e3d00000| Untracked |  0
|  62|0x00000000e3e00000, 0x00000000e3e00000, 0x00000000e3f00000|  0%| F|  |TAMS 0x00000000e3e00000| PB 0x00000000e3e00000| Untracked |  0
|  63|0x00000000e3f00000, 0x00000000e3f00000, 0x00000000e4000000|  0%| F|  |TAMS 0x00000000e3f00000| PB 0x00000000e3f00000| Untracked |  0
|  64|0x00000000e4000000, 0x00000000e4000000, 0x00000000e4100000|  0%| F|  |TAMS 0x00000000e4000000| PB 0x00000000e4000000| Untracked |  0
|  65|0x00000000e4100000, 0x00000000e4100000, 0x00000000e4200000|  0%| F|  |TAMS 0x00000000e4100000| PB 0x00000000e4100000| Untracked |  0
|  66|0x00000000e4200000, 0x00000000e4200000, 0x00000000e4300000|  0%| F|  |TAMS 0x00000000e4200000| PB 0x00000000e4200000| Untracked |  0
|  67|0x00000000e4300000, 0x00000000e4300000, 0x00000000e4400000|  0%| F|  |TAMS 0x00000000e4300000| PB 0x00000000e4300000| Untracked |  0
|  68|0x00000000e4400000, 0x00000000e4400000, 0x00000000e4500000|  0%| F|  |TAMS 0x00000000e4400000| PB 0x00000000e4400000| Untracked |  0
|  69|0x00000000e4500000, 0x00000000e4500000, 0x00000000e4600000|  0%| F|  |TAMS 0x00000000e4500000| PB 0x00000000e4500000| Untracked |  0
|  70|0x00000000e4600000, 0x00000000e4600000, 0x00000000e4700000|  0%| F|  |TAMS 0x00000000e4600000| PB 0x00000000e4600000| Untracked |  0
|  71|0x00000000e4700000, 0x00000000e4700000, 0x00000000e4800000|  0%| F|  |TAMS 0x00000000e4700000| PB 0x00000000e4700000| Untracked |  0
|  72|0x00000000e4800000, 0x00000000e4800000, 0x00000000e4900000|  0%| F|  |TAMS 0x00000000e4800000| PB 0x00000000e4800000| Untracked |  0
|  73|0x00000000e4900000, 0x00000000e4900000, 0x00000000e4a00000|  0%| F|  |TAMS 0x00000000e4900000| PB 0x00000000e4900000| Untracked |  0
|  74|0x00000000e4a00000, 0x00000000e4a00000, 0x00000000e4b00000|  0%| F|  |TAMS 0x00000000e4a00000| PB 0x00000000e4a00000| Untracked |  0
|  75|0x00000000e4b00000, 0x00000000e4b00000, 0x00000000e4c00000|  0%| F|  |TAMS 0x00000000e4b00000| PB 0x00000000e4b00000| Untracked |  0
|  76|0x00000000e4c00000, 0x00000000e4c00000, 0x00000000e4d00000|  0%| F|  |TAMS 0x00000000e4c00000| PB 0x00000000e4c00000| Untracked |  0
|  77|0x00000000e4d00000, 0x00000000e4d00000, 0x00000000e4e00000|  0%| F|  |TAMS 0x00000000e4d00000| PB 0x00000000e4d00000| Untracked |  0
|  78|0x00000000e4e00000, 0x00000000e4e00000, 0x00000000e4f00000|  0%| F|  |TAMS 0x00000000e4e00000| PB 0x00000000e4e00000| Untracked |  0
|  79|0x00000000e4f00000, 0x00000000e4f00000, 0x00000000e5000000|  0%| F|  |TAMS 0x00000000e4f00000| PB 0x00000000e4f00000| Untracked |  0
|  80|0x00000000e5000000, 0x00000000e5000000, 0x00000000e5100000|  0%| F|  |TAMS 0x00000000e5000000| PB 0x00000000e5000000| Untracked |  0
|  81|0x00000000e5100000, 0x00000000e5100000, 0x00000000e5200000|  0%| F|  |TAMS 0x00000000e5100000| PB 0x00000000e5100000| Untracked |  0
|  82|0x00000000e5200000, 0x00000000e5200000, 0x00000000e5300000|  0%| F|  |TAMS 0x00000000e5200000| PB 0x00000000e5200000| Untracked |  0
|  83|0x00000000e5300000, 0x00000000e5300000, 0x00000000e5400000|  0%| F|  |TAMS 0x00000000e5300000| PB 0x00000000e5300000| Untracked |  0
|  84|0x00000000e5400000, 0x00000000e5400000, 0x00000000e5500000|  0%| F|  |TAMS 0x00000000e5400000| PB 0x00000000e5400000| Untracked |  0
|  85|0x00000000e5500000, 0x00000000e5564010, 0x00000000e5600000| 39%| S|CS|TAMS 0x00000000e5500000| PB 0x00000000e5500000| Complete |  0
|  86|0x00000000e5600000, 0x00000000e5700000, 0x00000000e5700000|100%| S|CS|TAMS 0x00000000e5600000| PB 0x00000000e5600000| Complete |  0
|  87|0x00000000e5700000, 0x00000000e5800000, 0x00000000e5800000|100%| S|CS|TAMS 0x00000000e5700000| PB 0x00000000e5700000| Complete |  0
|  88|0x00000000e5800000, 0x00000000e5900000, 0x00000000e5900000|100%| S|CS|TAMS 0x00000000e5800000| PB 0x00000000e5800000| Complete |  0
|  89|0x00000000e5900000, 0x00000000e5a00000, 0x00000000e5a00000|100%| S|CS|TAMS 0x00000000e5900000| PB 0x00000000e5900000| Complete |  0
|  90|0x00000000e5a00000, 0x00000000e5a00000, 0x00000000e5b00000|  0%| F|  |TAMS 0x00000000e5a00000| PB 0x00000000e5a00000| Untracked |  0
|  91|0x00000000e5b00000, 0x00000000e5b00000, 0x00000000e5c00000|  0%| F|  |TAMS 0x00000000e5b00000| PB 0x00000000e5b00000| Untracked |  0
|  92|0x00000000e5c00000, 0x00000000e5c00000, 0x00000000e5d00000|  0%| F|  |TAMS 0x00000000e5c00000| PB 0x00000000e5c00000| Untracked |  0
|  93|0x00000000e5d00000, 0x00000000e5d00000, 0x00000000e5e00000|  0%| F|  |TAMS 0x00000000e5d00000| PB 0x00000000e5d00000| Untracked |  0
|  94|0x00000000e5e00000, 0x00000000e5e00000, 0x00000000e5f00000|  0%| F|  |TAMS 0x00000000e5e00000| PB 0x00000000e5e00000| Untracked |  0
|  95|0x00000000e5f00000, 0x00000000e5f00000, 0x00000000e6000000|  0%| F|  |TAMS 0x00000000e5f00000| PB 0x00000000e5f00000| Untracked |  0
|  96|0x00000000e6000000, 0x00000000e6000000, 0x00000000e6100000|  0%| F|  |TAMS 0x00000000e6000000| PB 0x00000000e6000000| Untracked |  0
|  97|0x00000000e6100000, 0x00000000e6100000, 0x00000000e6200000|  0%| F|  |TAMS 0x00000000e6100000| PB 0x00000000e6100000| Untracked |  0
|  98|0x00000000e6200000, 0x00000000e6200000, 0x00000000e6300000|  0%| F|  |TAMS 0x00000000e6200000| PB 0x00000000e6200000| Untracked |  0
|  99|0x00000000e6300000, 0x00000000e6300000, 0x00000000e6400000|  0%| F|  |TAMS 0x00000000e6300000| PB 0x00000000e6300000| Untracked |  0
| 100|0x00000000e6400000, 0x00000000e6400000, 0x00000000e6500000|  0%| F|  |TAMS 0x00000000e6400000| PB 0x00000000e6400000| Untracked |  0
| 101|0x00000000e6500000, 0x00000000e6500000, 0x00000000e6600000|  0%| F|  |TAMS 0x00000000e6500000| PB 0x00000000e6500000| Untracked |  0
| 102|0x00000000e6600000, 0x00000000e6700000, 0x00000000e6700000|100%| S|CS|TAMS 0x00000000e6600000| PB 0x00000000e6600000| Complete |  0
| 103|0x00000000e6700000, 0x00000000e6800000, 0x00000000e6800000|100%| S|CS|TAMS 0x00000000e6700000| PB 0x00000000e6700000| Complete |  0
| 104|0x00000000e6800000, 0x00000000e6900000, 0x00000000e6900000|100%| S|CS|TAMS 0x00000000e6800000| PB 0x00000000e6800000| Complete |  0
| 105|0x00000000e6900000, 0x00000000e6a00000, 0x00000000e6a00000|100%| S|CS|TAMS 0x00000000e6900000| PB 0x00000000e6900000| Complete |  0
| 106|0x00000000e6a00000, 0x00000000e6b00000, 0x00000000e6b00000|100%| S|CS|TAMS 0x00000000e6a00000| PB 0x00000000e6a00000| Complete |  0
| 107|0x00000000e6b00000, 0x00000000e6c00000, 0x00000000e6c00000|100%| S|CS|TAMS 0x00000000e6b00000| PB 0x00000000e6b00000| Complete |  0
| 108|0x00000000e6c00000, 0x00000000e6d00000, 0x00000000e6d00000|100%| S|CS|TAMS 0x00000000e6c00000| PB 0x00000000e6c00000| Complete |  0
| 109|0x00000000e6d00000, 0x00000000e6d00000, 0x00000000e6e00000|  0%| F|  |TAMS 0x00000000e6d00000| PB 0x00000000e6d00000| Untracked |  0
| 110|0x00000000e6e00000, 0x00000000e6e00000, 0x00000000e6f00000|  0%| F|  |TAMS 0x00000000e6e00000| PB 0x00000000e6e00000| Untracked |  0
| 111|0x00000000e6f00000, 0x00000000e6f00000, 0x00000000e7000000|  0%| F|  |TAMS 0x00000000e6f00000| PB 0x00000000e6f00000| Untracked |  0
| 112|0x00000000e7000000, 0x00000000e7000000, 0x00000000e7100000|  0%| F|  |TAMS 0x00000000e7000000| PB 0x00000000e7000000| Untracked |  0
| 113|0x00000000e7100000, 0x00000000e7100000, 0x00000000e7200000|  0%| F|  |TAMS 0x00000000e7100000| PB 0x00000000e7100000| Untracked |  0
| 114|0x00000000e7200000, 0x00000000e7200000, 0x00000000e7300000|  0%| F|  |TAMS 0x00000000e7200000| PB 0x00000000e7200000| Untracked |  0
| 115|0x00000000e7300000, 0x00000000e7300000, 0x00000000e7400000|  0%| F|  |TAMS 0x00000000e7300000| PB 0x00000000e7300000| Untracked |  0
| 116|0x00000000e7400000, 0x00000000e7400000, 0x00000000e7500000|  0%| F|  |TAMS 0x00000000e7400000| PB 0x00000000e7400000| Untracked |  0
| 117|0x00000000e7500000, 0x00000000e7500000, 0x00000000e7600000|  0%| F|  |TAMS 0x00000000e7500000| PB 0x00000000e7500000| Untracked |  0
| 118|0x00000000e7600000, 0x00000000e7600000, 0x00000000e7700000|  0%| F|  |TAMS 0x00000000e7600000| PB 0x00000000e7600000| Untracked |  0
| 119|0x00000000e7700000, 0x00000000e7700000, 0x00000000e7800000|  0%| F|  |TAMS 0x00000000e7700000| PB 0x00000000e7700000| Untracked |  0
| 120|0x00000000e7800000, 0x00000000e7800000, 0x00000000e7900000|  0%| F|  |TAMS 0x00000000e7800000| PB 0x00000000e7800000| Untracked |  0
| 121|0x00000000e7900000, 0x00000000e7900000, 0x00000000e7a00000|  0%| F|  |TAMS 0x00000000e7900000| PB 0x00000000e7900000| Untracked |  0
| 122|0x00000000e7a00000, 0x00000000e7a00000, 0x00000000e7b00000|  0%| F|  |TAMS 0x00000000e7a00000| PB 0x00000000e7a00000| Untracked |  0
| 123|0x00000000e7b00000, 0x00000000e7b00000, 0x00000000e7c00000|  0%| F|  |TAMS 0x00000000e7b00000| PB 0x00000000e7b00000| Untracked |  0
| 124|0x00000000e7c00000, 0x00000000e7c00000, 0x00000000e7d00000|  0%| F|  |TAMS 0x00000000e7c00000| PB 0x00000000e7c00000| Untracked |  0
| 125|0x00000000e7d00000, 0x00000000e7d00000, 0x00000000e7e00000|  0%| F|  |TAMS 0x00000000e7d00000| PB 0x00000000e7d00000| Untracked |  0
| 126|0x00000000e7e00000, 0x00000000e7e00000, 0x00000000e7f00000|  0%| F|  |TAMS 0x00000000e7e00000| PB 0x00000000e7e00000| Untracked |  0
| 127|0x00000000e7f00000, 0x00000000e7f00000, 0x00000000e8000000|  0%| F|  |TAMS 0x00000000e7f00000| PB 0x00000000e7f00000| Untracked |  0
| 128|0x00000000e8000000, 0x00000000e8000000, 0x00000000e8100000|  0%| F|  |TAMS 0x00000000e8000000| PB 0x00000000e8000000| Untracked |  0
| 129|0x00000000e8100000, 0x00000000e8100000, 0x00000000e8200000|  0%| F|  |TAMS 0x00000000e8100000| PB 0x00000000e8100000| Untracked |  0
| 130|0x00000000e8200000, 0x00000000e8200000, 0x00000000e8300000|  0%| F|  |TAMS 0x00000000e8200000| PB 0x00000000e8200000| Untracked |  0
| 131|0x00000000e8300000, 0x00000000e8300000, 0x00000000e8400000|  0%| F|  |TAMS 0x00000000e8300000| PB 0x00000000e8300000| Untracked |  0
| 132|0x00000000e8400000, 0x00000000e8400000, 0x00000000e8500000|  0%| F|  |TAMS 0x00000000e8400000| PB 0x00000000e8400000| Untracked |  0
| 133|0x00000000e8500000, 0x00000000e8500000, 0x00000000e8600000|  0%| F|  |TAMS 0x00000000e8500000| PB 0x00000000e8500000| Untracked |  0
| 134|0x00000000e8600000, 0x00000000e8600000, 0x00000000e8700000|  0%| F|  |TAMS 0x00000000e8600000| PB 0x00000000e8600000| Untracked |  0
| 135|0x00000000e8700000, 0x00000000e8700000, 0x00000000e8800000|  0%| F|  |TAMS 0x00000000e8700000| PB 0x00000000e8700000| Untracked |  0
| 136|0x00000000e8800000, 0x00000000e8800000, 0x00000000e8900000|  0%| F|  |TAMS 0x00000000e8800000| PB 0x00000000e8800000| Untracked |  0
| 137|0x00000000e8900000, 0x00000000e8900000, 0x00000000e8a00000|  0%| F|  |TAMS 0x00000000e8900000| PB 0x00000000e8900000| Untracked |  0
| 138|0x00000000e8a00000, 0x00000000e8a00000, 0x00000000e8b00000|  0%| F|  |TAMS 0x00000000e8a00000| PB 0x00000000e8a00000| Untracked |  0
| 139|0x00000000e8b00000, 0x00000000e8b00000, 0x00000000e8c00000|  0%| F|  |TAMS 0x00000000e8b00000| PB 0x00000000e8b00000| Untracked |  0
| 140|0x00000000e8c00000, 0x00000000e8c00000, 0x00000000e8d00000|  0%| F|  |TAMS 0x00000000e8c00000| PB 0x00000000e8c00000| Untracked |  0
| 141|0x00000000e8d00000, 0x00000000e8d00000, 0x00000000e8e00000|  0%| F|  |TAMS 0x00000000e8d00000| PB 0x00000000e8d00000| Untracked |  0
| 142|0x00000000e8e00000, 0x00000000e8e00000, 0x00000000e8f00000|  0%| F|  |TAMS 0x00000000e8e00000| PB 0x00000000e8e00000| Untracked |  0
| 143|0x00000000e8f00000, 0x00000000e9000000, 0x00000000e9000000|100%| O|Cr|TAMS 0x00000000e8f00000| PB 0x00000000e8f00000| Complete |  2
| 144|0x00000000e9000000, 0x00000000e9000000, 0x00000000e9100000|  0%| F|  |TAMS 0x00000000e9000000| PB 0x00000000e9000000| Untracked |  0
| 145|0x00000000e9100000, 0x00000000e9100000, 0x00000000e9200000|  0%| F|  |TAMS 0x00000000e9100000| PB 0x00000000e9100000| Untracked |  0
| 146|0x00000000e9200000, 0x00000000e9200000, 0x00000000e9300000|  0%| F|  |TAMS 0x00000000e9200000| PB 0x00000000e9200000| Untracked |  0
| 147|0x00000000e9300000, 0x00000000e9300000, 0x00000000e9400000|  0%| F|  |TAMS 0x00000000e9300000| PB 0x00000000e9300000| Untracked |  0
| 148|0x00000000e9400000, 0x00000000e9400000, 0x00000000e9500000|  0%| F|  |TAMS 0x00000000e9400000| PB 0x00000000e9400000| Untracked |  0
| 149|0x00000000e9500000, 0x00000000e9500000, 0x00000000e9600000|  0%| F|  |TAMS 0x00000000e9500000| PB 0x00000000e9500000| Untracked |  0
| 150|0x00000000e9600000, 0x00000000e9600000, 0x00000000e9700000|  0%| F|  |TAMS 0x00000000e9600000| PB 0x00000000e9600000| Untracked |  0
| 151|0x00000000e9700000, 0x00000000e9700000, 0x00000000e9800000|  0%| F|  |TAMS 0x00000000e9700000| PB 0x00000000e9700000| Untracked |  0
| 152|0x00000000e9800000, 0x00000000e9800000, 0x00000000e9900000|  0%| F|  |TAMS 0x00000000e9800000| PB 0x00000000e9800000| Untracked |  0
| 153|0x00000000e9900000, 0x00000000e9900000, 0x00000000e9a00000|  0%| F|  |TAMS 0x00000000e9900000| PB 0x00000000e9900000| Untracked |  0
| 154|0x00000000e9a00000, 0x00000000e9a00000, 0x00000000e9b00000|  0%| F|  |TAMS 0x00000000e9a00000| PB 0x00000000e9a00000| Untracked |  0
| 155|0x00000000e9b00000, 0x00000000e9b00000, 0x00000000e9c00000|  0%| F|  |TAMS 0x00000000e9b00000| PB 0x00000000e9b00000| Untracked |  0
| 156|0x00000000e9c00000, 0x00000000e9c00000, 0x00000000e9d00000|  0%| F|  |TAMS 0x00000000e9c00000| PB 0x00000000e9c00000| Untracked |  0
| 157|0x00000000e9d00000, 0x00000000e9d00000, 0x00000000e9e00000|  0%| F|  |TAMS 0x00000000e9d00000| PB 0x00000000e9d00000| Untracked |  0
| 158|0x00000000e9e00000, 0x00000000e9e00000, 0x00000000e9f00000|  0%| F|  |TAMS 0x00000000e9e00000| PB 0x00000000e9e00000| Untracked |  0
| 159|0x00000000e9f00000, 0x00000000e9f00000, 0x00000000ea000000|  0%| F|  |TAMS 0x00000000e9f00000| PB 0x00000000e9f00000| Untracked |  0
| 160|0x00000000ea000000, 0x00000000ea000000, 0x00000000ea100000|  0%| F|  |TAMS 0x00000000ea000000| PB 0x00000000ea000000| Untracked |  0
| 161|0x00000000ea100000, 0x00000000ea100000, 0x00000000ea200000|  0%| F|  |TAMS 0x00000000ea100000| PB 0x00000000ea100000| Untracked |  0
| 162|0x00000000ea200000, 0x00000000ea200000, 0x00000000ea300000|  0%| F|  |TAMS 0x00000000ea200000| PB 0x00000000ea200000| Untracked |  0
| 163|0x00000000ea300000, 0x00000000ea300000, 0x00000000ea400000|  0%| F|  |TAMS 0x00000000ea300000| PB 0x00000000ea300000| Untracked |  0
| 164|0x00000000ea400000, 0x00000000ea400000, 0x00000000ea500000|  0%| F|  |TAMS 0x00000000ea400000| PB 0x00000000ea400000| Untracked |  0
| 165|0x00000000ea500000, 0x00000000ea500000, 0x00000000ea600000|  0%| F|  |TAMS 0x00000000ea500000| PB 0x00000000ea500000| Untracked |  0
| 166|0x00000000ea600000, 0x00000000ea600000, 0x00000000ea700000|  0%| F|  |TAMS 0x00000000ea600000| PB 0x00000000ea600000| Untracked |  0
| 167|0x00000000ea700000, 0x00000000ea700000, 0x00000000ea800000|  0%| F|  |TAMS 0x00000000ea700000| PB 0x00000000ea700000| Untracked |  0
| 168|0x00000000ea800000, 0x00000000ea800000, 0x00000000ea900000|  0%| F|  |TAMS 0x00000000ea800000| PB 0x00000000ea800000| Untracked |  0
| 169|0x00000000ea900000, 0x00000000ea900000, 0x00000000eaa00000|  0%| F|  |TAMS 0x00000000ea900000| PB 0x00000000ea900000| Untracked |  0
| 170|0x00000000eaa00000, 0x00000000eaa00000, 0x00000000eab00000|  0%| F|  |TAMS 0x00000000eaa00000| PB 0x00000000eaa00000| Untracked |  0
| 171|0x00000000eab00000, 0x00000000eab00000, 0x00000000eac00000|  0%| F|  |TAMS 0x00000000eab00000| PB 0x00000000eab00000| Untracked |  0
| 172|0x00000000eac00000, 0x00000000eac00000, 0x00000000ead00000|  0%| F|  |TAMS 0x00000000eac00000| PB 0x00000000eac00000| Untracked |  0
| 173|0x00000000ead00000, 0x00000000ead00000, 0x00000000eae00000|  0%| F|  |TAMS 0x00000000ead00000| PB 0x00000000ead00000| Untracked |  0
| 174|0x00000000eae00000, 0x00000000eae00000, 0x00000000eaf00000|  0%| F|  |TAMS 0x00000000eae00000| PB 0x00000000eae00000| Untracked |  0
| 175|0x00000000eaf00000, 0x00000000eaf00000, 0x00000000eb000000|  0%| F|  |TAMS 0x00000000eaf00000| PB 0x00000000eaf00000| Untracked |  0
| 176|0x00000000eb000000, 0x00000000eb000000, 0x00000000eb100000|  0%| F|  |TAMS 0x00000000eb000000| PB 0x00000000eb000000| Untracked |  0
| 177|0x00000000eb100000, 0x00000000eb100000, 0x00000000eb200000|  0%| F|  |TAMS 0x00000000eb100000| PB 0x00000000eb100000| Untracked |  0
| 178|0x00000000eb200000, 0x00000000eb200000, 0x00000000eb300000|  0%| F|  |TAMS 0x00000000eb200000| PB 0x00000000eb200000| Untracked |  0
| 179|0x00000000eb300000, 0x00000000eb300000, 0x00000000eb400000|  0%| F|  |TAMS 0x00000000eb300000| PB 0x00000000eb300000| Untracked |  0
| 180|0x00000000eb400000, 0x00000000eb4ed538, 0x00000000eb500000| 92%| E|  |TAMS 0x00000000eb400000| PB 0x00000000eb400000| Complete |  0
| 181|0x00000000eb500000, 0x00000000eb600000, 0x00000000eb600000|100%| E|  |TAMS 0x00000000eb500000| PB 0x00000000eb500000| Complete |  0
| 182|0x00000000eb600000, 0x00000000eb700000, 0x00000000eb700000|100%| E|CS|TAMS 0x00000000eb600000| PB 0x00000000eb600000| Complete |  0
| 183|0x00000000eb700000, 0x00000000eb800000, 0x00000000eb800000|100%| E|CS|TAMS 0x00000000eb700000| PB 0x00000000eb700000| Complete |  0
| 184|0x00000000eb800000, 0x00000000eb900000, 0x00000000eb900000|100%| E|CS|TAMS 0x00000000eb800000| PB 0x00000000eb800000| Complete |  0
| 185|0x00000000eb900000, 0x00000000eba00000, 0x00000000eba00000|100%| E|CS|TAMS 0x00000000eb900000| PB 0x00000000eb900000| Complete |  0
| 186|0x00000000eba00000, 0x00000000ebb00000, 0x00000000ebb00000|100%| E|CS|TAMS 0x00000000eba00000| PB 0x00000000eba00000| Complete |  0
| 187|0x00000000ebb00000, 0x00000000ebc00000, 0x00000000ebc00000|100%| E|CS|TAMS 0x00000000ebb00000| PB 0x00000000ebb00000| Complete |  0
| 188|0x00000000ebc00000, 0x00000000ebd00000, 0x00000000ebd00000|100%| E|CS|TAMS 0x00000000ebc00000| PB 0x00000000ebc00000| Complete |  0
| 189|0x00000000ebd00000, 0x00000000ebe00000, 0x00000000ebe00000|100%| E|CS|TAMS 0x00000000ebd00000| PB 0x00000000ebd00000| Complete |  0
| 190|0x00000000ebe00000, 0x00000000ebf00000, 0x00000000ebf00000|100%| E|CS|TAMS 0x00000000ebe00000| PB 0x00000000ebe00000| Complete |  0
| 191|0x00000000ebf00000, 0x00000000ec000000, 0x00000000ec000000|100%| E|CS|TAMS 0x00000000ebf00000| PB 0x00000000ebf00000| Complete |  0
| 192|0x00000000ec000000, 0x00000000ec100000, 0x00000000ec100000|100%| E|CS|TAMS 0x00000000ec000000| PB 0x00000000ec000000| Complete |  0
| 193|0x00000000ec100000, 0x00000000ec200000, 0x00000000ec200000|100%| E|CS|TAMS 0x00000000ec100000| PB 0x00000000ec100000| Complete |  0
| 194|0x00000000ec200000, 0x00000000ec300000, 0x00000000ec300000|100%| E|CS|TAMS 0x00000000ec200000| PB 0x00000000ec200000| Complete |  0
| 195|0x00000000ec300000, 0x00000000ec400000, 0x00000000ec400000|100%| E|CS|TAMS 0x00000000ec300000| PB 0x00000000ec300000| Complete |  0
| 196|0x00000000ec400000, 0x00000000ec500000, 0x00000000ec500000|100%| E|CS|TAMS 0x00000000ec400000| PB 0x00000000ec400000| Complete |  0
| 197|0x00000000ec500000, 0x00000000ec600000, 0x00000000ec600000|100%| E|CS|TAMS 0x00000000ec500000| PB 0x00000000ec500000| Complete |  0
| 198|0x00000000ec600000, 0x00000000ec700000, 0x00000000ec700000|100%| E|CS|TAMS 0x00000000ec600000| PB 0x00000000ec600000| Complete |  0
| 199|0x00000000ec700000, 0x00000000ec800000, 0x00000000ec800000|100%| E|CS|TAMS 0x00000000ec700000| PB 0x00000000ec700000| Complete |  0
| 200|0x00000000ec800000, 0x00000000ec900000, 0x00000000ec900000|100%| E|CS|TAMS 0x00000000ec800000| PB 0x00000000ec800000| Complete |  0
| 201|0x00000000ec900000, 0x00000000eca00000, 0x00000000eca00000|100%| E|CS|TAMS 0x00000000ec900000| PB 0x00000000ec900000| Complete |  0
| 202|0x00000000eca00000, 0x00000000ecb00000, 0x00000000ecb00000|100%| E|CS|TAMS 0x00000000eca00000| PB 0x00000000eca00000| Complete |  0
| 203|0x00000000ecb00000, 0x00000000ecc00000, 0x00000000ecc00000|100%| E|CS|TAMS 0x00000000ecb00000| PB 0x00000000ecb00000| Complete |  0
| 204|0x00000000ecc00000, 0x00000000ecd00000, 0x00000000ecd00000|100%| E|CS|TAMS 0x00000000ecc00000| PB 0x00000000ecc00000| Complete |  0
| 205|0x00000000ecd00000, 0x00000000ece00000, 0x00000000ece00000|100%| E|CS|TAMS 0x00000000ecd00000| PB 0x00000000ecd00000| Complete |  0
| 206|0x00000000ece00000, 0x00000000ecf00000, 0x00000000ecf00000|100%| E|CS|TAMS 0x00000000ece00000| PB 0x00000000ece00000| Complete |  0
| 207|0x00000000ecf00000, 0x00000000ed000000, 0x00000000ed000000|100%| E|CS|TAMS 0x00000000ecf00000| PB 0x00000000ecf00000| Complete |  0
| 208|0x00000000ed000000, 0x00000000ed100000, 0x00000000ed100000|100%| E|CS|TAMS 0x00000000ed000000| PB 0x00000000ed000000| Complete |  0
| 209|0x00000000ed100000, 0x00000000ed200000, 0x00000000ed200000|100%| E|CS|TAMS 0x00000000ed100000| PB 0x00000000ed100000| Complete |  0
| 210|0x00000000ed200000, 0x00000000ed300000, 0x00000000ed300000|100%| E|CS|TAMS 0x00000000ed200000| PB 0x00000000ed200000| Complete |  0
| 211|0x00000000ed300000, 0x00000000ed400000, 0x00000000ed400000|100%| E|CS|TAMS 0x00000000ed300000| PB 0x00000000ed300000| Complete |  0
| 212|0x00000000ed400000, 0x00000000ed500000, 0x00000000ed500000|100%| E|CS|TAMS 0x00000000ed400000| PB 0x00000000ed400000| Complete |  0
| 213|0x00000000ed500000, 0x00000000ed600000, 0x00000000ed600000|100%| E|CS|TAMS 0x00000000ed500000| PB 0x00000000ed500000| Complete |  0
| 214|0x00000000ed600000, 0x00000000ed700000, 0x00000000ed700000|100%| E|CS|TAMS 0x00000000ed600000| PB 0x00000000ed600000| Complete |  0
| 215|0x00000000ed700000, 0x00000000ed800000, 0x00000000ed800000|100%| E|CS|TAMS 0x00000000ed700000| PB 0x00000000ed700000| Complete |  0
| 216|0x00000000ed800000, 0x00000000ed900000, 0x00000000ed900000|100%| E|CS|TAMS 0x00000000ed800000| PB 0x00000000ed800000| Complete |  0
| 217|0x00000000ed900000, 0x00000000eda00000, 0x00000000eda00000|100%| E|CS|TAMS 0x00000000ed900000| PB 0x00000000ed900000| Complete |  0
| 510|0x00000000ffe00000, 0x00000000fff00000, 0x00000000fff00000|100%| O|  |TAMS 0x00000000ffe00000| PB 0x00000000ffe00000| Untracked |  0
| 511|0x00000000fff00000, 0x00000000fff1c288, 0x0000000100000000| 10%| O|  |TAMS 0x00000000fff00000| PB 0x00000000fff00000| Untracked |  0

Card table byte_map: [0x000001e2af870000,0x000001e2af970000] _byte_map_base: 0x000001e2af170000

Marking Bits: (CMBitMap*) 0x000001e297bcb450
 Bits: [0x000001e2af970000, 0x000001e2b0170000)

Polling page: 0x000001e295960000

Metaspace:

Usage:
  Non-class:     15.39 MB used.
      Class:      1.48 MB used.
       Both:     16.87 MB used.

Virtual space:
  Non-class space:       64.00 MB reserved,      15.50 MB ( 24%) committed,  1 nodes.
      Class space:        1.00 GB reserved,       1.56 MB ( <1%) committed,  1 nodes.
             Both:        1.06 GB reserved,      17.06 MB (  2%) committed. 

Chunk freelists:
   Non-Class:  192.00 KB
       Class:  14.31 MB
        Both:  14.50 MB

MaxMetaspaceSize: unlimited
CompressedClassSpaceSize: 1.00 GB
Initial GC threshold: 21.00 MB
Current GC threshold: 21.00 MB
CDS: on
 - commit_granule_bytes: 65536.
 - commit_granule_words: 8192.
 - virtual_space_node_default_size: 8388608.
 - enlarge_chunks_in_place: 1.
UseCompressedClassPointers 1, UseCompactObjectHeaders 0
Narrow klass pointer bits 32, Max shift 3
Narrow klass base: 0x000001e2b3000000, Narrow klass shift: 0
Encoding Range: [0x000001e2b3000000 - 0x000001e3b3000000), (4294967296 bytes)
Klass Range:    [0x000001e2b3000000 - 0x000001e2f4000000), (1090519040 bytes)
Klass ID Range:  [8 - 1090519033) (1090519025)


Internal statistics:

num_allocs_failed_limit: 0.
num_arena_births: 158.
num_arena_deaths: 0.
num_vsnodes_births: 2.
num_vsnodes_deaths: 0.
num_space_committed: 273.
num_space_uncommitted: 0.
num_chunks_returned_to_freelist: 0.
num_chunks_taken_from_freelist: 599.
num_chunk_merges: 0.
num_chunk_splits: 483.
num_chunks_enlarged: 414.
num_inconsistent_stats: 0.

CodeHeap 'non-profiled nmethods': size=120064Kb used=2569Kb max_used=2569Kb free=117494Kb
 bounds [0x000001e2a7f00000, 0x000001e2a8190000, 0x000001e2af440000]
CodeHeap 'profiled nmethods': size=120000Kb used=14397Kb max_used=14397Kb free=105602Kb
 bounds [0x000001e2a0440000, 0x000001e2a1250000, 0x000001e2a7970000]
CodeHeap 'non-nmethods': size=5696Kb used=1370Kb max_used=1511Kb free=4325Kb
 bounds [0x000001e2a7970000, 0x000001e2a7be0000, 0x000001e2a7f00000]
CodeCache: size=245760Kb, used=18336Kb, max_used=18477Kb, free=227421Kb
 total_blobs=7761, nmethods=7241, adapters=422, full_count=0
Compilation: enabled, stopped_count=0, restarted_count=0

Compilation events (20 events):
Event: 13.744 Thread 0x000001e2b2bb2da0 nmethod 5846 0x000001e2a8180f88 code [0x000001e2a81810c0, 0x000001e2a8181230]
Event: 13.744 Thread 0x000001e2b2bb2da0 2726       4       com.adobe.flash.compiler.internal.scopes.ASScopeBase::getLocalDefinitionSetByName (11 bytes)
Event: 13.745 Thread 0x000001e2b2bb2da0 nmethod 2726 0x000001e2a8181288 code [0x000001e2a8181380, 0x000001e2a8181420]
Event: 13.745 Thread 0x000001e2b2bb2da0 3210       4       com.adobe.flash.compiler.internal.as.codegen.CmcEmitter$JBurgAnnotation::getOperator (10 bytes)
Event: 13.746 Thread 0x000001e2b2bb2da0 nmethod 3210 0x000001e2a8181588 code [0x000001e2a8181680, 0x000001e2a8181720]
Event: 13.746 Thread 0x000001e2b2bb2da0 6755       4       com.adobe.flash.fonts.ADFMathUtils::ADF_ABS (13 bytes)
Event: 13.747 Thread 0x000001e2b2bb2da0 nmethod 6755 0x000001e2a8181888 code [0x000001e2a8181980, 0x000001e2a81819f8]
Event: 13.747 Thread 0x000001e2b2bb2da0 3199       4       com.adobe.flash.compiler.internal.definitions.NamespaceDefinition::resolveNamespaceReference (2 bytes)
Event: 13.748 Thread 0x000001e2b2bb2da0 nmethod 3199 0x000001e2a8181b88 code [0x000001e2a8181c80, 0x000001e2a8181cf8]
Event: 13.748 Thread 0x000001e2b2bb2da0 5867       4       java.lang.Math::abs (11 bytes)
Event: 13.748 Thread 0x000001e2b2bb2da0 nmethod 5867 0x000001e2a8181e88 code [0x000001e2a8181f80, 0x000001e2a8181ff8]
Event: 13.748 Thread 0x000001e2b2bb2da0 6403       4       com.adobe.flash.compiler.internal.definitions.DefinitionBase::resolveType (8 bytes)
Event: 13.751 Thread 0x000001e2b2bb2da0 nmethod 6403 0x000001e2a8182188 code [0x000001e2a81822a0, 0x000001e2a81823f8]
Event: 13.751 Thread 0x000001e2b2bb2da0 7260       4       com.adobe.flash.compiler.internal.parsing.as.StreamingASTokenizer::nextTokenFromReader (314 bytes)
Event: 13.775 Thread 0x000001e2b2bc4e70 nmethod 7255% 0x000001e2a119af08 code [0x000001e2a119d0c0, 0x000001e2a11c0830]
Event: 13.775 Thread 0x000001e2b2bc4e70 7258       3       com.adobe.flash.compiler.internal.as.codegen.ABCGenerator::createMethodInfoWithOptionalDefaultArgumentValues (266 bytes)
Event: 13.780 Thread 0x000001e2b2bc4e70 nmethod 7258 0x000001e2a11c0988 code [0x000001e2a11c0de0, 0x000001e2a11c4260]
Event: 13.780 Thread 0x000001e2b2bc4e70 7257   !   3       com.adobe.flash.compiler.internal.tree.as.FunctionNode::parseFunctionBody (469 bytes)
Event: 13.785 Thread 0x000001e2b2bc4e70 nmethod 7257 0x000001e2a11c4408 code [0x000001e2a11c48e0, 0x000001e2a11c7b20]
Event: 13.785 Thread 0x000001e2b2bc4e70 7268       3       com.adobe.flash.compiler.internal.parsing.as.RawASTokenizer::nextToken (5263 bytes)

GC Heap History (20 events):
Event: 10.216 GC heap before
{Heap before GC invocations=12 (full 0):
 garbage-first heap   total reserved 524288K, committed 133120K, used 114052K [0x00000000e0000000, 0x0000000100000000)
  region size 1024K, 76 young (77824K), 5 survivors (5120K)
 Metaspace       used 16971K, committed 17216K, reserved 1114112K
  class space    used 1510K, committed 1600K, reserved 1048576K
}
Event: 10.236 GC heap after
{Heap after GC invocations=13 (full 0):
 garbage-first heap   total reserved 524288K, committed 133120K, used 44219K [0x00000000e0000000, 0x0000000100000000)
  region size 1024K, 6 young (6144K), 6 survivors (6144K)
 Metaspace       used 16971K, committed 17216K, reserved 1114112K
  class space    used 1510K, committed 1600K, reserved 1048576K
}
Event: 10.418 GC heap before
{Heap before GC invocations=13 (full 0):
 garbage-first heap   total reserved 524288K, committed 133120K, used 114875K [0x00000000e0000000, 0x0000000100000000)
  region size 1024K, 76 young (77824K), 6 survivors (6144K)
 Metaspace       used 16983K, committed 17216K, reserved 1114112K
  class space    used 1510K, committed 1600K, reserved 1048576K
}
Event: 10.430 GC heap after
{Heap after GC invocations=14 (full 0):
 garbage-first heap   total reserved 524288K, committed 133120K, used 45852K [0x00000000e0000000, 0x0000000100000000)
  region size 1024K, 7 young (7168K), 7 survivors (7168K)
 Metaspace       used 16983K, committed 17216K, reserved 1114112K
  class space    used 1510K, committed 1600K, reserved 1048576K
}
Event: 10.760 GC heap before
{Heap before GC invocations=14 (full 0):
 garbage-first heap   total reserved 524288K, committed 133120K, used 115484K [0x00000000e0000000, 0x0000000100000000)
  region size 1024K, 76 young (77824K), 7 survivors (7168K)
 Metaspace       used 17033K, committed 17280K, reserved 1114112K
  class space    used 1512K, committed 1600K, reserved 1048576K
}
Event: 10.902 GC heap after
{Heap after GC invocations=15 (full 0):
 garbage-first heap   total reserved 524288K, committed 149504K, used 49626K [0x00000000e0000000, 0x0000000100000000)
  region size 1024K, 10 young (10240K), 10 survivors (10240K)
 Metaspace       used 17033K, committed 17280K, reserved 1114112K
  class space    used 1512K, committed 1600K, reserved 1048576K
}
Event: 11.134 GC heap before
{Heap before GC invocations=15 (full 0):
 garbage-first heap   total reserved 524288K, committed 149504K, used 128474K [0x00000000e0000000, 0x0000000100000000)
  region size 1024K, 87 young (89088K), 10 survivors (10240K)
 Metaspace       used 17041K, committed 17280K, reserved 1114112K
  class space    used 1512K, committed 1600K, reserved 1048576K
}
Event: 11.146 GC heap after
{Heap after GC invocations=16 (full 0):
 garbage-first heap   total reserved 524288K, committed 149504K, used 51029K [0x00000000e0000000, 0x0000000100000000)
  region size 1024K, 6 young (6144K), 6 survivors (6144K)
 Metaspace       used 17041K, committed 17280K, reserved 1114112K
  class space    used 1512K, committed 1600K, reserved 1048576K
}
Event: 11.572 GC heap before
{Heap before GC invocations=16 (full 0):
 garbage-first heap   total reserved 524288K, committed 149504K, used 128853K [0x00000000e0000000, 0x0000000100000000)
  region size 1024K, 83 young (84992K), 6 survivors (6144K)
 Metaspace       used 17089K, committed 17344K, reserved 1114112K
  class space    used 1512K, committed 1600K, reserved 1048576K
}
Event: 11.591 GC heap after
{Heap after GC invocations=17 (full 0):
 garbage-first heap   total reserved 524288K, committed 149504K, used 52129K [0x00000000e0000000, 0x0000000100000000)
  region size 1024K, 7 young (7168K), 7 survivors (7168K)
 Metaspace       used 17089K, committed 17344K, reserved 1114112K
  class space    used 1512K, committed 1600K, reserved 1048576K
}
Event: 11.776 GC heap before
{Heap before GC invocations=17 (full 0):
 garbage-first heap   total reserved 524288K, committed 149504K, used 132001K [0x00000000e0000000, 0x0000000100000000)
  region size 1024K, 86 young (88064K), 7 survivors (7168K)
 Metaspace       used 17098K, committed 17344K, reserved 1114112K
  class space    used 1512K, committed 1600K, reserved 1048576K
}
Event: 11.794 GC heap after
{Heap after GC invocations=18 (full 0):
 garbage-first heap   total reserved 524288K, committed 149504K, used 52900K [0x00000000e0000000, 0x0000000100000000)
  region size 1024K, 4 young (4096K), 4 survivors (4096K)
 Metaspace       used 17098K, committed 17344K, reserved 1114112K
  class space    used 1512K, committed 1600K, reserved 1048576K
}
Event: 11.972 GC heap before
{Heap before GC invocations=18 (full 0):
 garbage-first heap   total reserved 524288K, committed 149504K, used 132772K [0x00000000e0000000, 0x0000000100000000)
  region size 1024K, 83 young (84992K), 4 survivors (4096K)
 Metaspace       used 17124K, committed 17344K, reserved 1114112K
  class space    used 1513K, committed 1600K, reserved 1048576K
}
Event: 11.979 GC heap after
{Heap after GC invocations=19 (full 0):
 garbage-first heap   total reserved 524288K, committed 149504K, used 53913K [0x00000000e0000000, 0x0000000100000000)
  region size 1024K, 5 young (5120K), 5 survivors (5120K)
 Metaspace       used 17124K, committed 17344K, reserved 1114112K
  class space    used 1513K, committed 1600K, reserved 1048576K
}
Event: 12.130 GC heap before
{Heap before GC invocations=19 (full 0):
 garbage-first heap   total reserved 524288K, committed 149504K, used 132761K [0x00000000e0000000, 0x0000000100000000)
  region size 1024K, 83 young (84992K), 5 survivors (5120K)
 Metaspace       used 17131K, committed 17344K, reserved 1114112K
  class space    used 1515K, committed 1600K, reserved 1048576K
}
Event: 12.142 GC heap after
{Heap after GC invocations=20 (full 0):
 garbage-first heap   total reserved 524288K, committed 149504K, used 56871K [0x00000000e0000000, 0x0000000100000000)
  region size 1024K, 7 young (7168K), 7 survivors (7168K)
 Metaspace       used 17131K, committed 17344K, reserved 1114112K
  class space    used 1515K, committed 1600K, reserved 1048576K
}
Event: 12.215 GC heap before
{Heap before GC invocations=20 (full 0):
 garbage-first heap   total reserved 524288K, committed 149504K, used 131623K [0x00000000e0000000, 0x0000000100000000)
  region size 1024K, 81 young (82944K), 7 survivors (7168K)
 Metaspace       used 17134K, committed 17344K, reserved 1114112K
  class space    used 1515K, committed 1600K, reserved 1048576K
}
Event: 12.226 GC heap after
{Heap after GC invocations=21 (full 0):
 garbage-first heap   total reserved 524288K, committed 225280K, used 59675K [0x00000000e0000000, 0x0000000100000000)
  region size 1024K, 9 young (9216K), 9 survivors (9216K)
 Metaspace       used 17134K, committed 17344K, reserved 1114112K
  class space    used 1515K, committed 1600K, reserved 1048576K
}
Event: 13.280 GC heap before
{Heap before GC invocations=21 (full 0):
 garbage-first heap   total reserved 524288K, committed 225280K, used 177435K [0x00000000e0000000, 0x0000000100000000)
  region size 1024K, 125 young (128000K), 9 survivors (9216K)
 Metaspace       used 17254K, committed 17472K, reserved 1114112K
  class space    used 1515K, committed 1600K, reserved 1048576K
}
Event: 13.296 GC heap after
{Heap after GC invocations=22 (full 0):
 garbage-first heap   total reserved 524288K, committed 225280K, used 63299K [0x00000000e0000000, 0x0000000100000000)
  region size 1024K, 12 young (12288K), 12 survivors (12288K)
 Metaspace       used 17254K, committed 17472K, reserved 1114112K
  class space    used 1515K, committed 1600K, reserved 1048576K
}

Dll operation events (7 events):
Event: 0.015 Loaded shared library C:\Users\shang\.jdks\openjdk-24.0.1\bin\java.dll
Event: 0.582 Loaded shared library C:\Users\shang\.jdks\openjdk-24.0.1\bin\jsvml.dll
Event: 0.595 Loaded shared library C:\Users\shang\.jdks\openjdk-24.0.1\bin\net.dll
Event: 0.600 Loaded shared library C:\Users\shang\.jdks\openjdk-24.0.1\bin\nio.dll
Event: 0.662 Loaded shared library C:\Users\shang\.jdks\openjdk-24.0.1\bin\zip.dll
Event: 0.715 Loaded shared library C:\Users\shang\.jdks\openjdk-24.0.1\bin\verify.dll
Event: 0.813 Loaded shared library C:\Users\shang\.jdks\openjdk-24.0.1\bin\jimage.dll

Deoptimization events (20 events):
Event: 13.720 Thread 0x000001e2f8b95cd0 Uncommon trap: trap_request=0xffffff45 fr.pc=0x000001e2a8091a88 relative=0x00000000000012e8
Event: 13.720 Thread 0x000001e2f8b95cd0 Uncommon trap: reason=unstable_fused_if action=reinterpret pc=0x000001e2a8091a88 method=com.adobe.flash.compiler.internal.parsing.as.RawASTokenizer.nextToken()Lcom/adobe/flash/compiler/internal/parsing/as/ASToken; @ 72 c2
Event: 13.720 Thread 0x000001e2f8b95cd0 DEOPT PACKING pc=0x000001e2a8091a88 sp=0x000000d0d35fe4b0
Event: 13.720 Thread 0x000001e2f8b95cd0 DEOPT UNPACKING pc=0x000001e2a7a86482 sp=0x000000d0d35fe440 mode 2
Event: 13.749 Thread 0x000001e2f8b95cd0 Uncommon trap: trap_request=0xffffff45 fr.pc=0x000001e2a8039924 relative=0x0000000000001484
Event: 13.749 Thread 0x000001e2f8b95cd0 Uncommon trap: reason=unstable_fused_if action=reinterpret pc=0x000001e2a8039924 method=com.adobe.flash.compiler.internal.parsing.as.RawASTokenizer.nextToken()Lcom/adobe/flash/compiler/internal/parsing/as/ASToken; @ 72 c2
Event: 13.749 Thread 0x000001e2f8b95cd0 DEOPT PACKING pc=0x000001e2a8039924 sp=0x000000d0d35fdf20
Event: 13.749 Thread 0x000001e2f8b95cd0 DEOPT UNPACKING pc=0x000001e2a7a86482 sp=0x000000d0d35fdef0 mode 2
Event: 13.780 Thread 0x000001e2f8c08bf0 Uncommon trap: trap_request=0xffffff4d fr.pc=0x000001e2a7fa7970 relative=0x0000000000000250
Event: 13.780 Thread 0x000001e2f8c08bf0 Uncommon trap: reason=unstable_if action=reinterpret pc=0x000001e2a7fa7970 method=java.lang.String.getChars(II[CI)V @ 24 c2
Event: 13.780 Thread 0x000001e2f8c08bf0 DEOPT PACKING pc=0x000001e2a7fa7970 sp=0x000000d0d2ffd9d0
Event: 13.780 Thread 0x000001e2f8c08bf0 DEOPT UNPACKING pc=0x000001e2a7a86482 sp=0x000000d0d2ffd968 mode 2
Event: 13.863 Thread 0x000001e2f8b946e0 Uncommon trap: trap_request=0xffffff4d fr.pc=0x000001e2a80e144c relative=0x00000000000004ec
Event: 13.881 Thread 0x000001e2f8b95cd0 Uncommon trap: trap_request=0xffffff4d fr.pc=0x000001e2a817b51c relative=0x00000000000008bc
Event: 14.033 Thread 0x000001e2f8c08bf0 Uncommon trap: trap_request=0xffffff4d fr.pc=0x000001e2a80d6494 relative=0x00000000000007b4
Event: 14.114 Thread 0x000001e2f8925ce0 Uncommon trap: trap_request=0xffffff4d fr.pc=0x000001e2a80e144c relative=0x00000000000004ec
Event: 14.814 Thread 0x000001e2f8b946e0 Uncommon trap: reason=unstable_if action=reinterpret pc=0x000001e2a80e144c method=com.adobe.flash.compiler.internal.semantics.SemanticUtils.getNthChild(Lcom/adobe/flash/compiler/tree/as/IASNode;I)Lcom/adobe/flash/compiler/tree/as/IASNode; @ 15 c2
Event: 14.814 Thread 0x000001e2f8b95cd0 Uncommon trap: reason=unstable_if action=reinterpret pc=0x000001e2a817b51c method=com.google.common.collect.ComputingConcurrentHashMap.waitForValue(Lcom/google/common/collect/CustomConcurrentHashMap$ReferenceEntry;)Ljava/lang/Object; @ 11 c2
Event: 14.814 Thread 0x000001e2f8c08bf0 Uncommon trap: reason=unstable_if action=reinterpret pc=0x000001e2a80d6494 method=com.adobe.flash.compiler.internal.as.codegen.CmcEmitter$JBurgAnnotation_MemberAccessExpressionID_2.getCost(I)I @ 1 c2
Event: 14.814 Thread 0x000001e2f8925ce0 Uncommon trap: reason=unstable_if action=reinterpret pc=0x000001e2a80e144c method=com.adobe.flash.compiler.internal.semantics.SemanticUtils.getNthChild(Lcom/adobe/flash/compiler/tree/as/IASNode;I)Lcom/adobe/flash/compiler/tree/as/IASNode; @ 15 c2

Classes loaded (20 events):
Event: 7.022 Loading class sun/security/provider/ByteArrayAccess
Event: 7.023 Loading class sun/security/provider/ByteArrayAccess done
Event: 7.024 Loading class sun/security/provider/ByteArrayAccess$BE
Event: 7.024 Loading class sun/security/provider/ByteArrayAccess$BE done
Event: 7.715 Loading class java/nio/charset/UnmappableCharacterException
Event: 7.715 Loading class java/nio/charset/CharacterCodingException
Event: 7.715 Loading class java/nio/charset/CharacterCodingException done
Event: 7.716 Loading class java/nio/charset/UnmappableCharacterException done
Event: 7.716 Loading class java/nio/charset/MalformedInputException
Event: 7.717 Loading class java/nio/charset/MalformedInputException done
Event: 7.717 Loading class java/nio/charset/CoderMalfunctionError
Event: 7.717 Loading class java/nio/charset/CoderMalfunctionError done
Event: 7.821 Loading class java/io/SequenceInputStream
Event: 7.822 Loading class java/io/SequenceInputStream done
Event: 8.184 Loading class java/util/regex/Pattern$SliceI
Event: 8.185 Loading class java/util/regex/Pattern$SliceI done
Event: 8.509 Loading class java/lang/FdLibm$Acos
Event: 8.510 Loading class java/lang/FdLibm$Acos done
Event: 8.510 Loading class java/lang/FdLibm
Event: 8.516 Loading class java/lang/FdLibm done

Classes unloaded (0 events):
No events

Classes redefined (0 events):
No events

Internal exceptions (20 events):
Event: 0.919 Thread 0x000001e2957b67d0 Exception <a 'java/lang/NoSuchMethodError'{0x00000000e7a4e890}: 'void java.lang.invoke.DelegatingMethodHandle$Holder.delegate(java.lang.Object, java.lang.Object, int, java.lang.Object)'> (0x00000000e7a4e890) 
thrown [s\open\src\hotspot\share\interpreter\linkResolver.cpp, line 805]
Event: 1.093 Thread 0x000001e2f82cb1c0 Exception <a 'java/lang/NoSuchMethodError'{0x00000000e77222a0}: 'int java.lang.invoke.Invokers$Holder.invokeExact_MT(java.lang.Object, java.lang.Object)'> (0x00000000e77222a0) 
thrown [s\open\src\hotspot\share\interpreter\linkResolver.cpp, line 805]
Event: 1.253 Thread 0x000001e2957b67d0 Exception <a 'java/lang/NoSuchMethodError'{0x00000000e7551048}: 'java.lang.Object java.lang.invoke.DirectMethodHandle$Holder.invokeStaticInit(java.lang.Object)'> (0x00000000e7551048) 
thrown [s\open\src\hotspot\share\interpreter\linkResolver.cpp, line 805]
Event: 1.361 Thread 0x000001e2957b67d0 Exception <a 'java/lang/NoSuchMethodError'{0x00000000e7323e80}: 'void java.lang.invoke.DirectMethodHandle$Holder.invokeSpecial(java.lang.Object, java.lang.Object, java.lang.Object)'> (0x00000000e7323e80) 
thrown [s\open\src\hotspot\share\interpreter\linkResolver.cpp, line 805]
Event: 1.499 Thread 0x000001e2957b67d0 Exception <a 'java/lang/NoSuchMethodError'{0x00000000e71709f8}: 'java.lang.Object java.lang.invoke.DirectMethodHandle$Holder.invokeInterface(java.lang.Object, java.lang.Object)'> (0x00000000e71709f8) 
thrown [s\open\src\hotspot\share\interpreter\linkResolver.cpp, line 805]
Event: 1.503 Thread 0x000001e2957b67d0 Exception <a 'java/lang/NoSuchMethodError'{0x00000000e71a5240}: 'void java.lang.invoke.DirectMethodHandle$Holder.invokeStatic(java.lang.Object, java.lang.Object, java.lang.Object)'> (0x00000000e71a5240) 
thrown [s\open\src\hotspot\share\interpreter\linkResolver.cpp, line 805]
Event: 1.577 Thread 0x000001e2957b67d0 Exception <a 'java/lang/NoSuchMethodError'{0x00000000e705e018}: 'void java.lang.invoke.DirectMethodHandle$Holder.invokeVirtual(java.lang.Object, java.lang.Object, java.lang.Object, java.lang.Object)'> (0x00000000e705e018) 
thrown [s\open\src\hotspot\share\interpreter\linkResolver.cpp, line 805]
Event: 1.578 Thread 0x000001e2957b67d0 Exception <a 'java/lang/NoSuchMethodError'{0x00000000e70663e0}: 'void java.lang.invoke.DirectMethodHandle$Holder.invokeSpecial(java.lang.Object, java.lang.Object, java.lang.Object, java.lang.Object, java.lang.Object)'> (0x00000000e70663e0) 
thrown [s\open\src\hotspot\share\interpreter\linkResolver.cpp, line 805]
Event: 1.592 Thread 0x000001e2957b67d0 Exception <a 'java/lang/NoSuchMethodError'{0x00000000e70c72b0}: 'void java.lang.invoke.DelegatingMethodHandle$Holder.reinvoke_L(java.lang.Object, java.lang.Object, java.lang.Object, int)'> (0x00000000e70c72b0) 
thrown [s\open\src\hotspot\share\interpreter\linkResolver.cpp, line 805]
Event: 1.619 Thread 0x000001e2957b67d0 Exception <a 'java/lang/NoSuchMethodError'{0x00000000e6f3d350}: 'void java.lang.invoke.DelegatingMethodHandle$Holder.reinvoke_L(java.lang.Object, java.lang.Object, java.lang.Object, int, int)'> (0x00000000e6f3d350) 
thrown [s\open\src\hotspot\share\interpreter\linkResolver.cpp, line 805]
Event: 1.629 Thread 0x000001e2957b67d0 Exception <a 'java/lang/NoSuchMethodError'{0x00000000e6f686e0}: 'java.lang.Object java.lang.invoke.Invokers$Holder.invokeExact_MT(java.lang.Object, java.lang.Object, java.lang.Object, java.lang.Object, java.lang.Object, java.lang.Object)'> (0x00000000e6f686e0) 
thrown [s\open\src\hotspot\share\interpreter\linkResolver.cpp, line 805]
Event: 3.371 Thread 0x000001e2957b67d0 Implicit null exception at 0x000001e2a7f84a3a to 0x000001e2a7f851c0
Event: 3.988 Thread 0x000001e2f82cb1c0 Implicit null exception at 0x000001e2a7fa524f to 0x000001e2a7fa6218
Event: 3.988 Thread 0x000001e2f82cb1c0 Implicit null exception at 0x000001e2a7fab959 to 0x000001e2a7fabf38
Event: 3.990 Thread 0x000001e2f8b94e30 Implicit null exception at 0x000001e2a7f44b9d to 0x000001e2a7f44c19
Event: 3.998 Thread 0x000001e2f8c0b080 Implicit null exception at 0x000001e2a7f46508 to 0x000001e2a7f467a8
Event: 4.694 Thread 0x000001e2f82b4670 Exception <a 'java/lang/NoSuchMethodError'{0x00000000e7ed2378}: 'void java.lang.invoke.DirectMethodHandle$Holder.invokeInterface(java.lang.Object, java.lang.Object)'> (0x00000000e7ed2378) 
thrown [s\open\src\hotspot\share\interpreter\linkResolver.cpp, line 805]
Event: 8.246 Thread 0x000001e2f8b929a0 Exception <a 'java/lang/NoSuchMethodError'{0x00000000e455e1c0}: 'java.lang.Object java.lang.invoke.DirectMethodHandle$Holder.invokeVirtual(java.lang.Object, java.lang.Object, java.lang.Object, java.lang.Object, int)'> (0x00000000e455e1c0) 
thrown [s\open\src\hotspot\share\interpreter\linkResolver.cpp, line 805]
Event: 8.263 Thread 0x000001e2f8b929a0 Exception <a 'java/lang/NoSuchMethodError'{0x00000000e4567438}: 'java.lang.Object java.lang.invoke.DirectMethodHandle$Holder.invokeSpecial(java.lang.Object, java.lang.Object, java.lang.Object, java.lang.Object, java.lang.Object, int)'> (0x00000000e4567438) 
thrown [s\open\src\hotspot\share\interpreter\linkResolver.cpp, line 805]
Event: 12.129 Thread 0x000001e2f8c08bf0 Implicit null exception at 0x000001e2a8074018 to 0x000001e2a80740cc

VM Operations (20 events):
Event: 10.430 Executing VM operation: G1CollectForAllocation (G1 Evacuation Pause) done
Event: 10.760 Executing VM operation: G1CollectForAllocation (G1 Evacuation Pause)
Event: 10.902 Executing VM operation: G1CollectForAllocation (G1 Evacuation Pause) done
Event: 11.123 Executing VM operation: G1CollectForAllocation (G1 Evacuation Pause)
Event: 11.146 Executing VM operation: G1CollectForAllocation (G1 Evacuation Pause) done
Event: 11.558 Executing VM operation: G1CollectForAllocation (G1 Evacuation Pause)
Event: 11.591 Executing VM operation: G1CollectForAllocation (G1 Evacuation Pause) done
Event: 11.776 Executing VM operation: G1CollectForAllocation (G1 Evacuation Pause)
Event: 11.794 Executing VM operation: G1CollectForAllocation (G1 Evacuation Pause) done
Event: 11.887 Executing VM operation: HandshakeAllThreads (Deoptimize)
Event: 11.897 Executing VM operation: HandshakeAllThreads (Deoptimize) done
Event: 11.972 Executing VM operation: G1CollectForAllocation (G1 Evacuation Pause)
Event: 11.979 Executing VM operation: G1CollectForAllocation (G1 Evacuation Pause) done
Event: 12.130 Executing VM operation: G1CollectForAllocation (G1 Evacuation Pause)
Event: 12.142 Executing VM operation: G1CollectForAllocation (G1 Evacuation Pause) done
Event: 12.215 Executing VM operation: G1CollectForAllocation (G1 Evacuation Pause)
Event: 12.228 Executing VM operation: G1CollectForAllocation (G1 Evacuation Pause) done
Event: 13.280 Executing VM operation: G1CollectForAllocation (G1 Evacuation Pause)
Event: 13.296 Executing VM operation: G1CollectForAllocation (G1 Evacuation Pause) done
Event: 14.513 Executing VM operation: G1CollectForAllocation (G1 Evacuation Pause)

Memory protections (0 events):
No events

Nmethod flushes (0 events):
No events

Events (20 events):
Event: 1.054 Thread 0x000001e2957b67d0 Thread added: 0x000001e2f82cb1c0
Event: 1.893 Thread 0x000001e2b2cd2bf0 Thread exited: 0x000001e2b2cd2bf0
Event: 1.985 Thread 0x000001e2b2bc4e70 Thread added: 0x000001e2f882df20
Event: 3.276 Thread 0x000001e2f882df20 Thread exited: 0x000001e2f882df20
Event: 3.360 Thread 0x000001e2b2bc4e70 Thread added: 0x000001e2f88a3aa0
Event: 3.399 Thread 0x000001e2f82cb1c0 Thread added: 0x000001e2f8925ce0
Event: 3.703 Thread 0x000001e2f82cb1c0 Thread added: 0x000001e2f8c084a0
Event: 3.704 Thread 0x000001e2f82cb1c0 Thread added: 0x000001e2f8c0a1e0
Event: 3.704 Thread 0x000001e2f82cb1c0 Thread added: 0x000001e2f8c07d50
Event: 3.705 Thread 0x000001e2f82cb1c0 Thread added: 0x000001e2f8c09a90
Event: 3.708 Thread 0x000001e2f82cb1c0 Thread added: 0x000001e2f8c08bf0
Event: 3.709 Thread 0x000001e2957b67d0 Thread added: 0x000001e2f8c0a930
Event: 3.709 Thread 0x000001e2f82cb1c0 Thread added: 0x000001e2f8c0b080
Event: 3.709 Thread 0x000001e2f82cb1c0 Thread added: 0x000001e2f8b930f0
Event: 3.709 Thread 0x000001e2f82cb1c0 Thread added: 0x000001e2f8b929a0
Event: 3.709 Thread 0x000001e2f82cb1c0 Thread added: 0x000001e2f8b94e30
Event: 3.710 Thread 0x000001e2f82cb1c0 Thread added: 0x000001e2f8b95cd0
Event: 3.710 Thread 0x000001e2f82cb1c0 Thread added: 0x000001e2f8b946e0
Event: 3.711 Thread 0x000001e2f82cb1c0 Thread added: 0x000001e2f8b96420
Event: 3.712 Thread 0x000001e2f82cb1c0 Thread added: 0x000001e2f8b96b70


Dynamic libraries:
0x00007ff7b65b0000 - 0x00007ff7b65be000 	C:\Users\shang\.jdks\openjdk-24.0.1\bin\java.exe
0x00007ffc96080000 - 0x00007ffc962e8000 	C:\WINDOWS\SYSTEM32\ntdll.dll
0x00007ffc95010000 - 0x00007ffc950d9000 	C:\WINDOWS\System32\KERNEL32.DLL
0x00007ffc931d0000 - 0x00007ffc935bd000 	C:\WINDOWS\System32\KERNELBASE.dll
0x00007ffc93960000 - 0x00007ffc93aab000 	C:\WINDOWS\System32\ucrtbase.dll
0x00007ffc86a10000 - 0x00007ffc86a26000 	C:\Users\shang\.jdks\openjdk-24.0.1\bin\jli.dll
0x00007ffc73ad0000 - 0x00007ffc73aeb000 	C:\Users\shang\.jdks\openjdk-24.0.1\bin\VCRUNTIME140.dll
0x00007ffc95920000 - 0x00007ffc95aec000 	C:\WINDOWS\System32\USER32.dll
0x00007ffc93df0000 - 0x00007ffc93e17000 	C:\WINDOWS\System32\win32u.dll
0x00007ffc7aaa0000 - 0x00007ffc7ad3a000 	C:\WINDOWS\WinSxS\amd64_microsoft.windows.common-controls_6595b64144ccf1df_6.0.26100.4484_none_3e0e6d4ce32ef3b3\COMCTL32.dll
0x00007ffc93e70000 - 0x00007ffc93e9b000 	C:\WINDOWS\System32\GDI32.dll
0x00007ffc94620000 - 0x00007ffc946c9000 	C:\WINDOWS\System32\msvcrt.dll
0x00007ffc93bf0000 - 0x00007ffc93d27000 	C:\WINDOWS\System32\gdi32full.dll
0x00007ffc93ab0000 - 0x00007ffc93b53000 	C:\WINDOWS\System32\msvcp_win.dll
0x00007ffc95290000 - 0x00007ffc952bf000 	C:\WINDOWS\System32\IMM32.DLL
0x00007ffc78e70000 - 0x00007ffc78e7c000 	C:\Users\shang\.jdks\openjdk-24.0.1\bin\vcruntime140_1.dll
0x00007ffc39490000 - 0x00007ffc3951e000 	C:\Users\shang\.jdks\openjdk-24.0.1\bin\msvcp140.dll
0x00007ffbbf2a0000 - 0x00007ffbc0042000 	C:\Users\shang\.jdks\openjdk-24.0.1\bin\server\jvm.dll
0x00007ffc95bf0000 - 0x00007ffc95ca4000 	C:\WINDOWS\System32\ADVAPI32.dll
0x00007ffc94800000 - 0x00007ffc948a6000 	C:\WINDOWS\System32\sechost.dll
0x00007ffc95780000 - 0x00007ffc95898000 	C:\WINDOWS\System32\RPCRT4.dll
0x00007ffc93ea0000 - 0x00007ffc93f14000 	C:\WINDOWS\System32\WS2_32.dll
0x00007ffc91e50000 - 0x00007ffc91eae000 	C:\WINDOWS\SYSTEM32\POWRPROF.dll
0x00007ffc8c650000 - 0x00007ffc8c65b000 	C:\WINDOWS\SYSTEM32\VERSION.dll
0x00007ffc86a60000 - 0x00007ffc86a95000 	C:\WINDOWS\SYSTEM32\WINMM.dll
0x00007ffc91dd0000 - 0x00007ffc91de4000 	C:\WINDOWS\SYSTEM32\UMPDC.dll
0x00007ffc92090000 - 0x00007ffc920ab000 	C:\WINDOWS\SYSTEM32\kernel.appcore.dll
0x00007ffc73ac0000 - 0x00007ffc73aca000 	C:\Users\shang\.jdks\openjdk-24.0.1\bin\jimage.dll
0x00007ffc7e990000 - 0x00007ffc7ebd1000 	C:\WINDOWS\SYSTEM32\DBGHELP.DLL
0x00007ffc95cb0000 - 0x00007ffc96036000 	C:\WINDOWS\System32\combase.dll
0x00007ffc93f20000 - 0x00007ffc94000000 	C:\WINDOWS\System32\OLEAUT32.dll
0x00007ffc75f80000 - 0x00007ffc75fc3000 	C:\WINDOWS\SYSTEM32\dbgcore.DLL
0x00007ffc93740000 - 0x00007ffc937d9000 	C:\WINDOWS\System32\bcryptPrimitives.dll
0x00007ffc73a90000 - 0x00007ffc73aae000 	C:\Users\shang\.jdks\openjdk-24.0.1\bin\java.dll
0x00007ffc94470000 - 0x00007ffc9460e000 	C:\WINDOWS\System32\ole32.dll
0x00007ffc948c0000 - 0x00007ffc9500a000 	C:\WINDOWS\System32\SHELL32.dll
0x00007ffc935c0000 - 0x00007ffc93734000 	C:\WINDOWS\System32\wintypes.dll
0x00007ffc90e50000 - 0x00007ffc916ab000 	C:\WINDOWS\SYSTEM32\windows.storage.dll
0x00007ffc95af0000 - 0x00007ffc95be5000 	C:\WINDOWS\System32\SHCORE.dll
0x00007ffc958b0000 - 0x00007ffc9591a000 	C:\WINDOWS\System32\shlwapi.dll
0x00007ffc930e0000 - 0x00007ffc9310f000 	C:\WINDOWS\SYSTEM32\profapi.dll
0x00007ffc36780000 - 0x00007ffc36857000 	C:\Users\shang\.jdks\openjdk-24.0.1\bin\jsvml.dll
0x00007ffc73a80000 - 0x00007ffc73a90000 	C:\Users\shang\.jdks\openjdk-24.0.1\bin\net.dll
0x00007ffc92620000 - 0x00007ffc9268a000 	C:\WINDOWS\system32\mswsock.dll
0x00007ffc73a60000 - 0x00007ffc73a76000 	C:\Users\shang\.jdks\openjdk-24.0.1\bin\nio.dll
0x00007ffc68c50000 - 0x00007ffc68c67000 	C:\Users\shang\.jdks\openjdk-24.0.1\bin\zip.dll
0x00007ffc66740000 - 0x00007ffc66750000 	C:\Users\shang\.jdks\openjdk-24.0.1\bin\verify.dll

JVMTI agents: none

dbghelp: loaded successfully - version: 4.0.5 - missing functions: none
symbol engine: initialized successfully - sym options: 0x614 - pdb path: .;C:\Users\shang\.jdks\openjdk-24.0.1\bin;C:\WINDOWS\SYSTEM32;C:\WINDOWS\WinSxS\amd64_microsoft.windows.common-controls_6595b64144ccf1df_6.0.26100.4484_none_3e0e6d4ce32ef3b3;C:\Users\shang\.jdks\openjdk-24.0.1\bin\server

VM Arguments:
jvm_args: -Dapplication.home=C:\Users\shang\OneDrive\Desktop\AIRSDK_51.1.3 -Dfile.encoding=UTF-8 -Djava.awt.headless=true -Duser.language=en -Duser.region=en -Xmx512m 
java_command: com.adobe.flash.compiler.clients.MXMLC -load-config=C:\Users\shang\AppData\Local\JetBrains\IntelliJIdea2025.1\compile-server\webmain_3296dcc9\_temp_\IntelliJ_IDEA\idea-AEAB9808-45A3E760.xml -default-size 800 600 -default-frame-rate 60 -default-background-color #000000 -swf-version 15 -dump-config config.xml -optimize=true -use-direct-blit=true -keep-as3-metadata+=Inject -keep-as3-metadata+=Embed -keep-as3-metadata+=PostConstruct -keep-as3-metadata+=ArrayElementType
java_class_path (initial): C:\Users\shang\OneDrive\Desktop\AIRSDK_51.1.3\lib\compiler.jar
Launcher Type: SUN_STANDARD

[Global flags]
     intx CICompilerCount                          = 4                                         {product} {ergonomic}
     uint ConcGCThreads                            = 2                                         {product} {ergonomic}
     uint G1ConcRefinementThreads                  = 8                                         {product} {ergonomic}
   size_t G1HeapRegionSize                         = 1048576                                   {product} {ergonomic}
   size_t InitialHeapSize                          = 134217728                                 {product} {ergonomic}
   size_t MarkStackSize                            = 4194304                                   {product} {ergonomic}
   size_t MarkStackSizeMax                         = 536870912                                 {product} {ergonomic}
   size_t MaxHeapSize                              = 536870912                                 {product} {command line}
   size_t MaxNewSize                               = 321912832                                 {product} {ergonomic}
   size_t MinHeapDeltaBytes                        = 1048576                                   {product} {ergonomic}
   size_t MinHeapSize                              = 8388608                                   {product} {ergonomic}
    uintx NonNMethodCodeHeapSize                   = 5832704                                {pd product} {ergonomic}
    uintx NonProfiledCodeHeapSize                  = 122945536                              {pd product} {ergonomic}
    uintx ProfiledCodeHeapSize                     = 122880000                              {pd product} {ergonomic}
    uintx ReservedCodeCacheSize                    = 251658240                              {pd product} {ergonomic}
     bool SegmentedCodeCache                       = true                                      {product} {ergonomic}
   size_t SoftMaxHeapSize                          = 536870912                              {manageable} {ergonomic}
     bool UseCompressedOops                        = true                           {product lp64_product} {ergonomic}
     bool UseG1GC                                  = true                                      {product} {ergonomic}
     bool UseLargePagesIndividualAllocation        = false                                  {pd product} {ergonomic}

Logging:
Log output configuration:
 #0: stdout all=warning uptime,level,tags foldmultilines=false
 #1: stderr all=off uptime,level,tags foldmultilines=false

Environment Variables:
JAVA_HOME=C:\Program Files (x86)\Java\jre1.8.0_451
PATH=C:\Program Files (x86)\Java\jre1.8.0_451\bin;C:\Users\shang\Downloads\apache-ant-1.10.15-bin\apache-ant-1.10.15\bin;C:\Program Files (x86)\Razer Chroma SDK\bin;C:\Program Files\Razer Chroma SDK\bin;C:\Windows\system32;C:\Windows;C:\Windows\System32\Wbem;C:\Windows\System32\WindowsPowerShell\v1.0\;C:\Windows\System32\OpenSSH\;C:\Program Files (x86)\Razer\ChromaBroadcast\bin;C:\Program Files\Razer\ChromaBroadcast\bin;C:\Windows\system32\config\systemprofile\AppData\Local\Microsoft\WindowsApps;C:\WINDOWS\system32;C:\WINDOWS;C:\WINDOWS\System32\Wbem;C:\WINDOWS\System32\WindowsPowerShell\v1.0\;C:\WINDOWS\System32\OpenSSH\;C:\Users\shang\AppData\Local\Programs\Python\Python39\Scripts;C:\Program Files\Microsoft SQL Server\150\Tools\Binn\;C:\Program Files\dotnet\;C:\Users\shang\Downloads\apache-maven-3.9.8-bin (2)\apache-maven-3.9.8\bin;C:\Program Files (x86)\NVIDIA Corporation\PhysX\Common;C:\Program Files\PuTTY\;C:\Program Files\Git\cmd;C:\Program Files\Git LFS;C:\Program Files\CMake\bin;C:\Users\shang\AppData\Local\Programs\Python\Launcher\;C:\Program Files (x86)\Java\jre1.8.0_451\bin;C:\Users\shang\Downloads\apache-ant-1.10.15-bin\apache-ant-1.10.15\bin;C:\Program Files (x86)\Razer Chroma SDK\bin;C:\Program Files\Razer Chroma SDK\bin;C:\Windows\system32;C:\Windows;C:\Windows\System32\Wbem;C:\Windows\System32\WindowsPowerShell\v1.0\;C:\Windows\System32\OpenSSH\;C:\Program Files (x86)\Razer\ChromaBroadcast\bin;C:\Program Files\Razer\ChromaBroadcast\bin;C:\Windows\system32\config\systemprofile\AppData\Local\Microsoft\WindowsApps;C:\WINDOWS\system32;C:\WINDOWS;C:\WINDOWS\System32\Wbem;C:\WINDOWS\System32\WindowsPowerShell\v1.0\;C:\WINDOWS\System32\OpenSSH\;C:\Users\shang\AppData\Local\Programs\Python\Python39\Scripts;C:\Program Files\Microsoft SQL Server\150\Tools\Binn\;C:\Program Files\dotnet\;C:\Users\shang\Downloads\apache-maven-3.9.8-bin (2)\apache-maven-3.9.8\bin;C:\Program Files (x86)\NVIDIA Corporation\PhysX\Common;C:\Program Files\PuTTY\;C:\Program Files\Git\cmd;C:\Program Files\Git LFS;C:\Program Files\CMake\bin;C:\build tool\apache-maven-3.9.8\bin\bin;C:\Users\shang\AppData\Local\Microsoft\WindowsApps;C:\Users\shang\.dotnet\tools
USERNAME=shang
OS=Windows_NT
PROCESSOR_IDENTIFIER=AMD64 Family 23 Model 24 Stepping 1, AuthenticAMD
TMP=C:\Users\shang\AppData\Local\Temp
TEMP=C:\Users\shang\AppData\Local\Temp




Periodic native trim disabled

---------------  S Y S T E M  ---------------

OS:
 Windows 11 , 64 bit Build 26100 (10.0.26100.4484)
OS uptime: 7 days 23:31 hours

CPU: total 8 (initial active 8) (8 cores per cpu, 2 threads per core) family 23 model 24 stepping 1 microcode 0x8108109, cx8, cmov, fxsr, ht, mmx, 3dnowpref, sse, sse2, sse3, ssse3, sse4a, sse4.1, sse4.2, popcnt, lzcnt, tsc, tscinvbit, avx, avx2, aes, clmul, bmi1, bmi2, adx, sha, fma, vzeroupper, clflush, clflushopt, rdtscp, f16c
Processor Information for the first 8 processors :
  Max Mhz: 3700, Current Mhz: 3700, Mhz Limit: 3700

Memory: 4k page, system-wide physical 8128M (465M free)
TotalPageFile size 32704M (AvailPageFile size 132M)
current process WorkingSet (physical memory assigned to process): 347M, peak: 347M
current process commit charge ("private bytes"): 392M, peak: 403M

vm_info: OpenJDK 64-Bit Server VM (24.0.1+9-30) for windows-amd64 JRE (24.0.1+9-30), built on 2025-03-05T07:23:45Z with MS VC++ 17.6 (VS2022)

END.
