#
# There is insufficient memory for the Java Runtime Environment to continue.
# Native memory allocation (malloc) failed to allocate 12178832 bytes. Error detail: Chunk::new
# Possible reasons:
#   The system is out of physical RAM or swap space
#   This process is running with CompressedOops enabled, and the Java Heap may be blocking the growth of the native heap
# Possible solutions:
#   Reduce memory load on the system
#   Increase physical memory or swap space
#   Check if swap backing store is full
#   Decrease Java heap size (-Xmx/-Xms)
#   Decrease number of Java threads
#   Decrease Java thread stack sizes (-Xss)
#   Set larger code cache with -XX:ReservedCodeCacheSize=
#   JVM is running with Unscaled Compressed Oops mode in which the Java heap is
#     placed in the first 4GB address space. The Java Heap base address is the
#     maximum limit for the native heap growth. Please use -XX:HeapBaseMinAddress
#     to set the Java Heap base and to place the Java Heap above 4GB virtual address.
# This output file may be truncated or incomplete.
#
#  Out of Memory Error (arena.cpp:162), pid=27448, tid=25952
#
# JRE version: OpenJDK Runtime Environment (24.0.1+9) (build 24.0.1+9-30)
# Java VM: OpenJDK 64-Bit Server VM (24.0.1+9-30, mixed mode, sharing, tiered, compressed oops, compressed class ptrs, g1 gc, windows-amd64)
# No core dump will be written. Minidumps are not enabled by default on client versions of Windows
#

---------------  S U M M A R Y ------------

Command Line: -Dapplication.home=C:\Users\shang\OneDrive\Desktop\AIRSDK_51.1.3 -Dfile.encoding=UTF-8 -Djava.awt.headless=true -Duser.language=en -Duser.region=en -Xmx512m com.adobe.flash.compiler.clients.MXMLC -load-config=C:\Users\shang\AppData\Local\JetBrains\IntelliJIdea2025.1\compile-server\webmain_3296dcc9\_temp_\IntelliJ_IDEA\idea-AEAB9808-45A3E760.xml -default-size 800 600 -default-frame-rate 60 -default-background-color #000000 -swf-version 15 -dump-config config.xml -optimize=true -use-direct-blit=true -keep-as3-metadata+=Inject -keep-as3-metadata+=Embed -keep-as3-metadata+=PostConstruct -keep-as3-metadata+=ArrayElementType

Host: AMD Ryzen 5 3400G with Radeon Vega Graphics    , 8 cores, 7G,  Windows 11 , 64 bit Build 26100 (10.0.26100.4484)
Time: Thu Jul 24 05:55:42 2025 Västeuropa, sommartid elapsed time: 15.065910 seconds (0d 0h 0m 15s)

---------------  T H R E A D  ---------------

Current thread (0x000002bd7fb69720):  JavaThread "C2 CompilerThread0" daemon [_thread_in_native, id=25952, stack(0x000000f788200000,0x000000f788300000) (1024K)]


Current CompileTask:
C2:15066 7451   !   4       com.adobe.flash.compiler.internal.parsing.as.StreamingASTokenizer::next (2423 bytes)

Stack: [0x000000f788200000,0x000000f788300000]
Native frames: (J=compiled Java code, j=interpreted, Vv=VM code, C=native code)
V  [jvm.dll+0x730739]  (no source info available)
V  [jvm.dll+0x8d9b23]  (no source info available)
V  [jvm.dll+0x8dc00d]  (no source info available)
V  [jvm.dll+0x8dc683]  (no source info available)
V  [jvm.dll+0x2aa086]  (no source info available)
V  [jvm.dll+0xcedef]  (no source info available)
V  [jvm.dll+0xcf04f]  (no source info available)
V  [jvm.dll+0x154d83]  (no source info available)
V  [jvm.dll+0x735f5f]  (no source info available)
V  [jvm.dll+0x26fa1c]  (no source info available)
V  [jvm.dll+0x26ea3f]  (no source info available)
V  [jvm.dll+0x1e9d60]  (no source info available)
V  [jvm.dll+0x27e1fb]  (no source info available)
V  [jvm.dll+0x27c49a]  (no source info available)
V  [jvm.dll+0x42f456]  (no source info available)
V  [jvm.dll+0x87d76b]  (no source info available)
V  [jvm.dll+0x72ee55]  (no source info available)
C  [ucrtbase.dll+0x37b0]  (no source info available)
C  [KERNEL32.DLL+0x2e8d7]  (no source info available)
C  [ntdll.dll+0x3c34c]  (no source info available)

Lock stack of current Java thread (top to bottom):


---------------  P R O C E S S  ---------------

Threads class SMR info:
_java_thread_list=0x000002bd58ed1cf0, length=31, elements={
0x000002bd737c6800, 0x000002bd7fb54820, 0x000002bd7fb55160, 0x000002bd7fb587e0,
0x000002bd7fb5b320, 0x000002bd7fb5be50, 0x000002bd7fb64ac0, 0x000002bd7fb69720,
0x000002bd7fb6c680, 0x000002bd56037410, 0x000002bd56035e20, 0x000002bd56034830,
0x000002bd560340e0, 0x000002bd56034f80, 0x000002bd56036cc0, 0x000002bd56d46c00,
0x000002bd56d45d60, 0x000002bd56d47350, 0x000002bd56d44ec0, 0x000002bd56d45610,
0x000002bd56d44020, 0x000002bd56d44770, 0x000002bd56f16b60, 0x000002bd56f18150,
0x000002bd56f188a0, 0x000002bd56f18ff0, 0x000002bd56f19e90, 0x000002bd56f19740,
0x000002bd56f1a5e0, 0x000002bd56c90400, 0x000002bd584c8270
}

Java Threads: ( => current thread )
  0x000002bd737c6800 JavaThread "main"                              [_thread_blocked, id=41596, stack(0x000000f787400000,0x000000f787500000) (1024K)]
  0x000002bd7fb54820 JavaThread "Reference Handler"          daemon [_thread_blocked, id=30276, stack(0x000000f787c00000,0x000000f787d00000) (1024K)]
  0x000002bd7fb55160 JavaThread "Finalizer"                  daemon [_thread_blocked, id=16048, stack(0x000000f787d00000,0x000000f787e00000) (1024K)]
  0x000002bd7fb587e0 JavaThread "Signal Dispatcher"          daemon [_thread_blocked, id=29556, stack(0x000000f787e00000,0x000000f787f00000) (1024K)]
  0x000002bd7fb5b320 JavaThread "Attach Listener"            daemon [_thread_blocked, id=38660, stack(0x000000f787f00000,0x000000f788000000) (1024K)]
  0x000002bd7fb5be50 JavaThread "Service Thread"             daemon [_thread_blocked, id=12436, stack(0x000000f788000000,0x000000f788100000) (1024K)]
  0x000002bd7fb64ac0 JavaThread "Monitor Deflation Thread"   daemon [_thread_blocked, id=34556, stack(0x000000f788100000,0x000000f788200000) (1024K)]
=>0x000002bd7fb69720 JavaThread "C2 CompilerThread0"         daemon [_thread_in_native, id=25952, stack(0x000000f788200000,0x000000f788300000) (1024K)]
  0x000002bd7fb6c680 JavaThread "C1 CompilerThread0"         daemon [_thread_blocked, id=20040, stack(0x000000f788300000,0x000000f788400000) (1024K)]
  0x000002bd56037410 JavaThread "Notification Thread"        daemon [_thread_blocked, id=40820, stack(0x000000f788400000,0x000000f788500000) (1024K)]
  0x000002bd56035e20 JavaThread "Common-Cleaner"             daemon [_thread_blocked, id=21364, stack(0x000000f788500000,0x000000f788600000) (1024K)]
  0x000002bd56034830 JavaThread "com.google.common.base.internal.Finalizer" daemon [_thread_blocked, id=39368, stack(0x000000f788700000,0x000000f788800000) (1024K)]
  0x000002bd560340e0 JavaThread "com.google.common.base.internal.Finalizer" daemon [_thread_blocked, id=35056, stack(0x000000f788800000,0x000000f788900000) (1024K)]
  0x000002bd56034f80 JavaThread "pool-1-thread-1"                   [_thread_in_Java, id=34016, stack(0x000000f788900000,0x000000f788a00000) (1024K)]
  0x000002bd56036cc0 JavaThread "pool-1-thread-2"                   [_thread_blocked, id=27264, stack(0x000000f789000000,0x000000f789100000) (1024K)]
  0x000002bd56d46c00 JavaThread "pool-1-thread-4"                   [_thread_in_Java, id=30424, stack(0x000000f788f00000,0x000000f789000000) (1024K)]
  0x000002bd56d45d60 JavaThread "pool-1-thread-3"                   [_thread_blocked, id=30124, stack(0x000000f789100000,0x000000f789200000) (1024K)]
  0x000002bd56d47350 JavaThread "pool-1-thread-5"                   [_thread_blocked, id=33512, stack(0x000000f789200000,0x000000f789300000) (1024K)]
  0x000002bd56d44ec0 JavaThread "pool-1-thread-6"                   [_thread_blocked, id=32848, stack(0x000000f789300000,0x000000f789400000) (1024K)]
  0x000002bd56d45610 JavaThread "pool-1-thread-8"                   [_thread_in_Java, id=41908, stack(0x000000f789400000,0x000000f789500000) (1024K)]
  0x000002bd56d44020 JavaThread "pool-1-thread-7"                   [_thread_blocked, id=36100, stack(0x000000f789500000,0x000000f789600000) (1024K)]
  0x000002bd56d44770 JavaThread "pool-1-thread-9"                   [_thread_blocked, id=33584, stack(0x000000f789600000,0x000000f789700000) (1024K)]
  0x000002bd56f16b60 JavaThread "pool-1-thread-10"                  [_thread_blocked, id=37812, stack(0x000000f789700000,0x000000f789800000) (1024K)]
  0x000002bd56f18150 JavaThread "pool-1-thread-11"                  [_thread_blocked, id=26380, stack(0x000000f789800000,0x000000f789900000) (1024K)]
  0x000002bd56f188a0 JavaThread "pool-1-thread-12"                  [_thread_blocked, id=39312, stack(0x000000f789900000,0x000000f789a00000) (1024K)]
  0x000002bd56f18ff0 JavaThread "pool-1-thread-13"                  [_thread_blocked, id=28680, stack(0x000000f789a00000,0x000000f789b00000) (1024K)]
  0x000002bd56f19e90 JavaThread "pool-1-thread-14"                  [_thread_in_Java, id=11216, stack(0x000000f789b00000,0x000000f789c00000) (1024K)]
  0x000002bd56f19740 JavaThread "pool-1-thread-15"                  [_thread_blocked, id=21312, stack(0x000000f789c00000,0x000000f789d00000) (1024K)]
  0x000002bd56f1a5e0 JavaThread "pool-1-thread-16"                  [_thread_blocked, id=20380, stack(0x000000f789d00000,0x000000f789e00000) (1024K)]
  0x000002bd56c90400 JavaThread "C2 CompilerThread1"         daemon [_thread_in_native, id=14560, stack(0x000000f789e00000,0x000000f789f00000) (1024K)]
  0x000002bd584c8270 JavaThread "C2 CompilerThread2"         daemon [_thread_in_native, id=36556, stack(0x000000f78a000000,0x000000f78a100000) (1024K)]
Total: 31

Other Threads:
  0x000002bd7fb48140 VMThread "VM Thread"                           [id=12520, stack(0x000000f787b00000,0x000000f787c00000) (1024K)]
  0x000002bd7fb3b5c0 WatcherThread "VM Periodic Task Thread"        [id=43740, stack(0x000000f787a00000,0x000000f787b00000) (1024K)]
  0x000002bd75b9c5f0 WorkerThread "GC Thread#0"                     [id=31832, stack(0x000000f787500000,0x000000f787600000) (1024K)]
  0x000002bd56789e00 WorkerThread "GC Thread#1"                     [id=27440, stack(0x000000f788600000,0x000000f788700000) (1024K)]
  0x000002bd567892f0 WorkerThread "GC Thread#2"                     [id=24764, stack(0x000000f788a00000,0x000000f788b00000) (1024K)]
  0x000002bd56c1d280 WorkerThread "GC Thread#3"                     [id=9120, stack(0x000000f788b00000,0x000000f788c00000) (1024K)]
  0x000002bd56c1e4f0 WorkerThread "GC Thread#4"                     [id=41276, stack(0x000000f788c00000,0x000000f788d00000) (1024K)]
  0x000002bd56c1c3c0 WorkerThread "GC Thread#5"                     [id=43348, stack(0x000000f788d00000,0x000000f788e00000) (1024K)]
  0x000002bd56c1c770 WorkerThread "GC Thread#6"                     [id=9092, stack(0x000000f788e00000,0x000000f788f00000) (1024K)]
  0x000002bd56c1ced0 WorkerThread "GC Thread#7"                     [id=34312, stack(0x000000f789f00000,0x000000f78a000000) (1024K)]
  0x000002bd75ba2550 ConcurrentGCThread "G1 Main Marker"            [id=22620, stack(0x000000f787600000,0x000000f787700000) (1024K)]
  0x000002bd75ba3ce0 WorkerThread "G1 Conc#0"                       [id=39680, stack(0x000000f787700000,0x000000f787800000) (1024K)]
  0x000002bd75c2e100 ConcurrentGCThread "G1 Refine#0"               [id=32364, stack(0x000000f787800000,0x000000f787900000) (1024K)]
  0x000002bd75c2eb90 ConcurrentGCThread "G1 Service"                [id=3948, stack(0x000000f787900000,0x000000f787a00000) (1024K)]
Total: 14

Threads with active compile tasks:
C2 CompilerThread0  15367 7451   !   4       com.adobe.flash.compiler.internal.parsing.as.StreamingASTokenizer::next (2423 bytes)
C2 CompilerThread1  15368 7468       4       com.adobe.flash.abc.ABCEmitter::emitBlock (1477 bytes)
C2 CompilerThread2  15368 7396       4       com.adobe.flash.compiler.internal.definitions.ClassDefinitionBase::isInstanceOf (102 bytes)
Total: 3

VM state: not at safepoint (normal execution)

VM Mutex/Monitor currently owned by a thread: None

Heap address: 0x00000000e0000000, size: 512 MB, Compressed Oops mode: 32-bit

CDS archive(s) mapped at: [0x000002bd11000000-0x000002bd11d40000-0x000002bd11d40000), size 13893632, SharedBaseAddress: 0x000002bd11000000, ArchiveRelocationMode: 1.
Compressed class space mapped at: 0x000002bd12000000-0x000002bd52000000, reserved size: 1073741824
UseCompressedClassPointers 1, UseCompactObjectHeaders 0
Narrow klass pointer bits 32, Max shift 3
Narrow klass base: 0x000002bd11000000, Narrow klass shift: 0
Encoding Range: [0x000002bd11000000 - 0x000002be11000000), (4294967296 bytes)
Klass Range:    [0x000002bd11000000 - 0x000002bd52000000), (1090519040 bytes)
Klass ID Range:  [8 - 1090519033) (1090519025)

GC Precious Log:
 CardTable entry size: 512
 Card Set container configuration: InlinePtr #cards 5 size 8 Array Of Cards #cards 10 size 36 Howl #buckets 4 coarsen threshold 1843 Howl Bitmap #cards 512 size 80 coarsen threshold 460 Card regions per heap region 1 cards per card region 2048
 CPUs: 8 total, 8 available
 Memory: 8128M
 Large Page Support: Disabled
 NUMA Support: Disabled
 Compressed Oops: Enabled (32-bit)
 Heap Region Size: 1M
 Heap Min Capacity: 8M
 Heap Initial Capacity: 128M
 Heap Max Capacity: 512M
 Pre-touch: Disabled
 Parallel Workers: 8
 Concurrent Workers: 2
 Concurrent Refinement Workers: 8
 Periodic GC: Disabled

Heap:
 garbage-first heap   total reserved 524288K, committed 211968K, used 133098K [0x00000000e0000000, 0x0000000100000000)
  region size 1024K, 65 young (66560K), 13 survivors (13312K)
 Metaspace       used 17462K, committed 17664K, reserved 1114112K
  class space    used 1512K, committed 1600K, reserved 1048576K

Heap Regions: E=young(eden), S=young(survivor), O=old, HS=humongous(starts), HC=humongous(continues), CS=collection set, F=free, TAMS=top-at-mark-start, PB=parsable bottom
|   0|0x00000000e0000000, 0x00000000e0100000, 0x00000000e0100000|100%| O|  |TAMS 0x00000000e0000000| PB 0x00000000e0000000| Untracked |  0
|   1|0x00000000e0100000, 0x00000000e0200000, 0x00000000e0200000|100%| O|  |TAMS 0x00000000e0100000| PB 0x00000000e0100000| Untracked |  0
|   2|0x00000000e0200000, 0x00000000e0300000, 0x00000000e0300000|100%| O|  |TAMS 0x00000000e0200000| PB 0x00000000e0200000| Untracked |  0
|   3|0x00000000e0300000, 0x00000000e0400000, 0x00000000e0400000|100%| O|  |TAMS 0x00000000e0300000| PB 0x00000000e0300000| Untracked |  0
|   4|0x00000000e0400000, 0x00000000e0500000, 0x00000000e0500000|100%| O|  |TAMS 0x00000000e0400000| PB 0x00000000e0400000| Untracked |  0
|   5|0x00000000e0500000, 0x00000000e0600000, 0x00000000e0600000|100%| O|  |TAMS 0x00000000e0500000| PB 0x00000000e0500000| Untracked |  0
|   6|0x00000000e0600000, 0x00000000e0700000, 0x00000000e0700000|100%| O|  |TAMS 0x00000000e0600000| PB 0x00000000e0600000| Untracked |  0
|   7|0x00000000e0700000, 0x00000000e0800000, 0x00000000e0800000|100%| O|  |TAMS 0x00000000e0700000| PB 0x00000000e0700000| Untracked |  0
|   8|0x00000000e0800000, 0x00000000e0900000, 0x00000000e0900000|100%| O|  |TAMS 0x00000000e0800000| PB 0x00000000e0800000| Untracked |  0
|   9|0x00000000e0900000, 0x00000000e0a00000, 0x00000000e0a00000|100%| O|  |TAMS 0x00000000e0900000| PB 0x00000000e0900000| Untracked |  0
|  10|0x00000000e0a00000, 0x00000000e0b00000, 0x00000000e0b00000|100%| O|  |TAMS 0x00000000e0a00000| PB 0x00000000e0a00000| Untracked |  0
|  11|0x00000000e0b00000, 0x00000000e0c00000, 0x00000000e0c00000|100%| O|  |TAMS 0x00000000e0b00000| PB 0x00000000e0b00000| Untracked |  0
|  12|0x00000000e0c00000, 0x00000000e0d00000, 0x00000000e0d00000|100%| O|  |TAMS 0x00000000e0c00000| PB 0x00000000e0c00000| Untracked |  0
|  13|0x00000000e0d00000, 0x00000000e0e00000, 0x00000000e0e00000|100%| O|  |TAMS 0x00000000e0d00000| PB 0x00000000e0d00000| Untracked |  0
|  14|0x00000000e0e00000, 0x00000000e0f00000, 0x00000000e0f00000|100%| O|  |TAMS 0x00000000e0e00000| PB 0x00000000e0e00000| Untracked |  0
|  15|0x00000000e0f00000, 0x00000000e1000000, 0x00000000e1000000|100%| O|  |TAMS 0x00000000e0f00000| PB 0x00000000e0f00000| Untracked |  0
|  16|0x00000000e1000000, 0x00000000e1100000, 0x00000000e1100000|100%| O|  |TAMS 0x00000000e1000000| PB 0x00000000e1000000| Untracked |  0
|  17|0x00000000e1100000, 0x00000000e1200000, 0x00000000e1200000|100%| O|  |TAMS 0x00000000e1100000| PB 0x00000000e1100000| Untracked |  0
|  18|0x00000000e1200000, 0x00000000e1300000, 0x00000000e1300000|100%| O|  |TAMS 0x00000000e1200000| PB 0x00000000e1200000| Untracked |  0
|  19|0x00000000e1300000, 0x00000000e1400000, 0x00000000e1400000|100%| O|  |TAMS 0x00000000e1300000| PB 0x00000000e1300000| Untracked |  0
|  20|0x00000000e1400000, 0x00000000e1500000, 0x00000000e1500000|100%| O|  |TAMS 0x00000000e1400000| PB 0x00000000e1400000| Untracked |  0
|  21|0x00000000e1500000, 0x00000000e1600000, 0x00000000e1600000|100%| O|  |TAMS 0x00000000e1500000| PB 0x00000000e1500000| Untracked |  0
|  22|0x00000000e1600000, 0x00000000e1700000, 0x00000000e1700000|100%| O|  |TAMS 0x00000000e1600000| PB 0x00000000e1600000| Untracked |  0
|  23|0x00000000e1700000, 0x00000000e1800000, 0x00000000e1800000|100%| O|  |TAMS 0x00000000e1700000| PB 0x00000000e1700000| Untracked |  0
|  24|0x00000000e1800000, 0x00000000e1900000, 0x00000000e1900000|100%| O|  |TAMS 0x00000000e1800000| PB 0x00000000e1800000| Untracked |  0
|  25|0x00000000e1900000, 0x00000000e1a00000, 0x00000000e1a00000|100%| O|  |TAMS 0x00000000e1900000| PB 0x00000000e1900000| Untracked |  0
|  26|0x00000000e1a00000, 0x00000000e1b00000, 0x00000000e1b00000|100%| O|  |TAMS 0x00000000e1a00000| PB 0x00000000e1a00000| Untracked |  0
|  27|0x00000000e1b00000, 0x00000000e1c00000, 0x00000000e1c00000|100%| O|  |TAMS 0x00000000e1b00000| PB 0x00000000e1b00000| Untracked |  0
|  28|0x00000000e1c00000, 0x00000000e1d00000, 0x00000000e1d00000|100%| O|  |TAMS 0x00000000e1c00000| PB 0x00000000e1c00000| Untracked |  0
|  29|0x00000000e1d00000, 0x00000000e1e00000, 0x00000000e1e00000|100%| O|  |TAMS 0x00000000e1d00000| PB 0x00000000e1d00000| Untracked |  0
|  30|0x00000000e1e00000, 0x00000000e1f00000, 0x00000000e1f00000|100%| O|  |TAMS 0x00000000e1e00000| PB 0x00000000e1e00000| Untracked |  0
|  31|0x00000000e1f00000, 0x00000000e2000000, 0x00000000e2000000|100%| O|  |TAMS 0x00000000e1f00000| PB 0x00000000e1f00000| Untracked |  0
|  32|0x00000000e2000000, 0x00000000e2100000, 0x00000000e2100000|100%| O|  |TAMS 0x00000000e2000000| PB 0x00000000e2000000| Untracked |  0
|  33|0x00000000e2100000, 0x00000000e2200000, 0x00000000e2200000|100%| O|  |TAMS 0x00000000e2100000| PB 0x00000000e2100000| Untracked |  0
|  34|0x00000000e2200000, 0x00000000e2300000, 0x00000000e2300000|100%| O|  |TAMS 0x00000000e2200000| PB 0x00000000e2200000| Untracked |  0
|  35|0x00000000e2300000, 0x00000000e2400000, 0x00000000e2400000|100%| O|  |TAMS 0x00000000e2300000| PB 0x00000000e2300000| Untracked |  0
|  36|0x00000000e2400000, 0x00000000e2500000, 0x00000000e2500000|100%| O|  |TAMS 0x00000000e2400000| PB 0x00000000e2400000| Untracked |  0
|  37|0x00000000e2500000, 0x00000000e2600000, 0x00000000e2600000|100%| O|  |TAMS 0x00000000e2500000| PB 0x00000000e2500000| Untracked |  0
|  38|0x00000000e2600000, 0x00000000e2700000, 0x00000000e2700000|100%| O|  |TAMS 0x00000000e2600000| PB 0x00000000e2600000| Untracked |  0
|  39|0x00000000e2700000, 0x00000000e2800000, 0x00000000e2800000|100%| O|  |TAMS 0x00000000e2700000| PB 0x00000000e2700000| Untracked |  0
|  40|0x00000000e2800000, 0x00000000e2900000, 0x00000000e2900000|100%| O|  |TAMS 0x00000000e2800000| PB 0x00000000e2800000| Untracked |  0
|  41|0x00000000e2900000, 0x00000000e2a00000, 0x00000000e2a00000|100%| O|  |TAMS 0x00000000e2900000| PB 0x00000000e2900000| Untracked |  0
|  42|0x00000000e2a00000, 0x00000000e2b00000, 0x00000000e2b00000|100%| O|  |TAMS 0x00000000e2a00000| PB 0x00000000e2a00000| Untracked |  0
|  43|0x00000000e2b00000, 0x00000000e2c00000, 0x00000000e2c00000|100%| O|  |TAMS 0x00000000e2b00000| PB 0x00000000e2b00000| Untracked |  0
|  44|0x00000000e2c00000, 0x00000000e2d00000, 0x00000000e2d00000|100%| O|  |TAMS 0x00000000e2c00000| PB 0x00000000e2c00000| Untracked |  0
|  45|0x00000000e2d00000, 0x00000000e2e00000, 0x00000000e2e00000|100%| O|  |TAMS 0x00000000e2d00000| PB 0x00000000e2d00000| Untracked |  0
|  46|0x00000000e2e00000, 0x00000000e2f00000, 0x00000000e2f00000|100%| O|  |TAMS 0x00000000e2e00000| PB 0x00000000e2e00000| Untracked |  0
|  47|0x00000000e2f00000, 0x00000000e3000000, 0x00000000e3000000|100%| O|  |TAMS 0x00000000e2f00000| PB 0x00000000e2f00000| Untracked |  0
|  48|0x00000000e3000000, 0x00000000e3100000, 0x00000000e3100000|100%| O|  |TAMS 0x00000000e3000000| PB 0x00000000e3000000| Untracked |  0
|  49|0x00000000e3100000, 0x00000000e3200000, 0x00000000e3200000|100%| O|  |TAMS 0x00000000e3100000| PB 0x00000000e3100000| Untracked |  0
|  50|0x00000000e3200000, 0x00000000e3300000, 0x00000000e3300000|100%| O|  |TAMS 0x00000000e3200000| PB 0x00000000e3200000| Untracked |  0
|  51|0x00000000e3300000, 0x00000000e3400000, 0x00000000e3400000|100%| O|  |TAMS 0x00000000e3300000| PB 0x00000000e3300000| Untracked |  0
|  52|0x00000000e3400000, 0x00000000e3500000, 0x00000000e3500000|100%| O|  |TAMS 0x00000000e3400000| PB 0x00000000e3400000| Untracked |  0
|  53|0x00000000e3500000, 0x00000000e3600000, 0x00000000e3600000|100%| O|  |TAMS 0x00000000e3500000| PB 0x00000000e3500000| Untracked |  0
|  54|0x00000000e3600000, 0x00000000e3700000, 0x00000000e3700000|100%| O|  |TAMS 0x00000000e3600000| PB 0x00000000e3600000| Untracked |  0
|  55|0x00000000e3700000, 0x00000000e3800000, 0x00000000e3800000|100%| O|  |TAMS 0x00000000e3700000| PB 0x00000000e3700000| Untracked |  0
|  56|0x00000000e3800000, 0x00000000e3900000, 0x00000000e3900000|100%| O|  |TAMS 0x00000000e3800000| PB 0x00000000e3800000| Untracked |  0
|  57|0x00000000e3900000, 0x00000000e3a00000, 0x00000000e3a00000|100%| O|  |TAMS 0x00000000e3900000| PB 0x00000000e3900000| Untracked |  0
|  58|0x00000000e3a00000, 0x00000000e3b00000, 0x00000000e3b00000|100%| O|  |TAMS 0x00000000e3a00000| PB 0x00000000e3a00000| Untracked |  0
|  59|0x00000000e3b00000, 0x00000000e3c00000, 0x00000000e3c00000|100%| O|  |TAMS 0x00000000e3b00000| PB 0x00000000e3b00000| Untracked |  0
|  60|0x00000000e3c00000, 0x00000000e3d00000, 0x00000000e3d00000|100%| O|  |TAMS 0x00000000e3c00000| PB 0x00000000e3c00000| Untracked |  0
|  61|0x00000000e3d00000, 0x00000000e3e00000, 0x00000000e3e00000|100%| O|  |TAMS 0x00000000e3d00000| PB 0x00000000e3d00000| Untracked |  0
|  62|0x00000000e3e00000, 0x00000000e3f00000, 0x00000000e3f00000|100%| O|  |TAMS 0x00000000e3e00000| PB 0x00000000e3e00000| Untracked |  0
|  63|0x00000000e3f00000, 0x00000000e4000000, 0x00000000e4000000|100%| O|  |TAMS 0x00000000e3f00000| PB 0x00000000e3f00000| Untracked |  0
|  64|0x00000000e4000000, 0x00000000e4100000, 0x00000000e4100000|100%| O|  |TAMS 0x00000000e4000000| PB 0x00000000e4000000| Untracked |  0
|  65|0x00000000e4100000, 0x00000000e41de948, 0x00000000e4200000| 86%| O|  |TAMS 0x00000000e4100000| PB 0x00000000e4100000| Untracked |  0
|  66|0x00000000e4200000, 0x00000000e4200000, 0x00000000e4300000|  0%| F|  |TAMS 0x00000000e4200000| PB 0x00000000e4200000| Untracked |  0
|  67|0x00000000e4300000, 0x00000000e4300000, 0x00000000e4400000|  0%| F|  |TAMS 0x00000000e4300000| PB 0x00000000e4300000| Untracked |  0
|  68|0x00000000e4400000, 0x00000000e4400000, 0x00000000e4500000|  0%| F|  |TAMS 0x00000000e4400000| PB 0x00000000e4400000| Untracked |  0
|  69|0x00000000e4500000, 0x00000000e4500000, 0x00000000e4600000|  0%| F|  |TAMS 0x00000000e4500000| PB 0x00000000e4500000| Untracked |  0
|  70|0x00000000e4600000, 0x00000000e4700000, 0x00000000e4700000|100%| S|CS|TAMS 0x00000000e4600000| PB 0x00000000e4600000| Complete |  0
|  71|0x00000000e4700000, 0x00000000e4800000, 0x00000000e4800000|100%| S|CS|TAMS 0x00000000e4700000| PB 0x00000000e4700000| Complete |  0
|  72|0x00000000e4800000, 0x00000000e4900000, 0x00000000e4900000|100%| S|CS|TAMS 0x00000000e4800000| PB 0x00000000e4800000| Complete |  0
|  73|0x00000000e4900000, 0x00000000e4a00000, 0x00000000e4a00000|100%| S|CS|TAMS 0x00000000e4900000| PB 0x00000000e4900000| Complete |  0
|  74|0x00000000e4a00000, 0x00000000e4b00000, 0x00000000e4b00000|100%| S|CS|TAMS 0x00000000e4a00000| PB 0x00000000e4a00000| Complete |  0
|  75|0x00000000e4b00000, 0x00000000e4c00000, 0x00000000e4c00000|100%| S|CS|TAMS 0x00000000e4b00000| PB 0x00000000e4b00000| Complete |  0
|  76|0x00000000e4c00000, 0x00000000e4d00000, 0x00000000e4d00000|100%| S|CS|TAMS 0x00000000e4c00000| PB 0x00000000e4c00000| Complete |  0
|  77|0x00000000e4d00000, 0x00000000e4e00000, 0x00000000e4e00000|100%| S|CS|TAMS 0x00000000e4d00000| PB 0x00000000e4d00000| Complete |  0
|  78|0x00000000e4e00000, 0x00000000e4f00000, 0x00000000e4f00000|100%| S|CS|TAMS 0x00000000e4e00000| PB 0x00000000e4e00000| Complete |  0
|  79|0x00000000e4f00000, 0x00000000e5000000, 0x00000000e5000000|100%| S|CS|TAMS 0x00000000e4f00000| PB 0x00000000e4f00000| Complete |  0
|  80|0x00000000e5000000, 0x00000000e5100000, 0x00000000e5100000|100%| S|CS|TAMS 0x00000000e5000000| PB 0x00000000e5000000| Complete |  0
|  81|0x00000000e5100000, 0x00000000e5200000, 0x00000000e5200000|100%| S|CS|TAMS 0x00000000e5100000| PB 0x00000000e5100000| Complete |  0
|  82|0x00000000e5200000, 0x00000000e5200000, 0x00000000e5300000|  0%| F|  |TAMS 0x00000000e5200000| PB 0x00000000e5200000| Untracked |  0
|  83|0x00000000e5300000, 0x00000000e5300000, 0x00000000e5400000|  0%| F|  |TAMS 0x00000000e5300000| PB 0x00000000e5300000| Untracked |  0
|  84|0x00000000e5400000, 0x00000000e5400000, 0x00000000e5500000|  0%| F|  |TAMS 0x00000000e5400000| PB 0x00000000e5400000| Untracked |  0
|  85|0x00000000e5500000, 0x00000000e5500000, 0x00000000e5600000|  0%| F|  |TAMS 0x00000000e5500000| PB 0x00000000e5500000| Untracked |  0
|  86|0x00000000e5600000, 0x00000000e5600000, 0x00000000e5700000|  0%| F|  |TAMS 0x00000000e5600000| PB 0x00000000e5600000| Untracked |  0
|  87|0x00000000e5700000, 0x00000000e5700000, 0x00000000e5800000|  0%| F|  |TAMS 0x00000000e5700000| PB 0x00000000e5700000| Untracked |  0
|  88|0x00000000e5800000, 0x00000000e5800000, 0x00000000e5900000|  0%| F|  |TAMS 0x00000000e5800000| PB 0x00000000e5800000| Untracked |  0
|  89|0x00000000e5900000, 0x00000000e5900000, 0x00000000e5a00000|  0%| F|  |TAMS 0x00000000e5900000| PB 0x00000000e5900000| Untracked |  0
|  90|0x00000000e5a00000, 0x00000000e5a00000, 0x00000000e5b00000|  0%| F|  |TAMS 0x00000000e5a00000| PB 0x00000000e5a00000| Untracked |  0
|  91|0x00000000e5b00000, 0x00000000e5b00000, 0x00000000e5c00000|  0%| F|  |TAMS 0x00000000e5b00000| PB 0x00000000e5b00000| Untracked |  0
|  92|0x00000000e5c00000, 0x00000000e5d00000, 0x00000000e5d00000|100%| S|CS|TAMS 0x00000000e5c00000| PB 0x00000000e5c00000| Complete |  0
|  93|0x00000000e5d00000, 0x00000000e5d00000, 0x00000000e5e00000|  0%| F|  |TAMS 0x00000000e5d00000| PB 0x00000000e5d00000| Untracked |  0
|  94|0x00000000e5e00000, 0x00000000e5e00000, 0x00000000e5f00000|  0%| F|  |TAMS 0x00000000e5e00000| PB 0x00000000e5e00000| Untracked |  0
|  95|0x00000000e5f00000, 0x00000000e5f00000, 0x00000000e6000000|  0%| F|  |TAMS 0x00000000e5f00000| PB 0x00000000e5f00000| Untracked |  0
|  96|0x00000000e6000000, 0x00000000e6000000, 0x00000000e6100000|  0%| F|  |TAMS 0x00000000e6000000| PB 0x00000000e6000000| Untracked |  0
|  97|0x00000000e6100000, 0x00000000e6100000, 0x00000000e6200000|  0%| F|  |TAMS 0x00000000e6100000| PB 0x00000000e6100000| Untracked |  0
|  98|0x00000000e6200000, 0x00000000e6200000, 0x00000000e6300000|  0%| F|  |TAMS 0x00000000e6200000| PB 0x00000000e6200000| Untracked |  0
|  99|0x00000000e6300000, 0x00000000e6300000, 0x00000000e6400000|  0%| F|  |TAMS 0x00000000e6300000| PB 0x00000000e6300000| Untracked |  0
| 100|0x00000000e6400000, 0x00000000e6400000, 0x00000000e6500000|  0%| F|  |TAMS 0x00000000e6400000| PB 0x00000000e6400000| Untracked |  0
| 101|0x00000000e6500000, 0x00000000e6500000, 0x00000000e6600000|  0%| F|  |TAMS 0x00000000e6500000| PB 0x00000000e6500000| Untracked |  0
| 102|0x00000000e6600000, 0x00000000e6600000, 0x00000000e6700000|  0%| F|  |TAMS 0x00000000e6600000| PB 0x00000000e6600000| Untracked |  0
| 103|0x00000000e6700000, 0x00000000e6700000, 0x00000000e6800000|  0%| F|  |TAMS 0x00000000e6700000| PB 0x00000000e6700000| Untracked |  0
| 104|0x00000000e6800000, 0x00000000e6800000, 0x00000000e6900000|  0%| F|  |TAMS 0x00000000e6800000| PB 0x00000000e6800000| Untracked |  0
| 105|0x00000000e6900000, 0x00000000e6900000, 0x00000000e6a00000|  0%| F|  |TAMS 0x00000000e6900000| PB 0x00000000e6900000| Untracked |  0
| 106|0x00000000e6a00000, 0x00000000e6a00000, 0x00000000e6b00000|  0%| F|  |TAMS 0x00000000e6a00000| PB 0x00000000e6a00000| Untracked |  0
| 107|0x00000000e6b00000, 0x00000000e6b00000, 0x00000000e6c00000|  0%| F|  |TAMS 0x00000000e6b00000| PB 0x00000000e6b00000| Untracked |  0
| 108|0x00000000e6c00000, 0x00000000e6c00000, 0x00000000e6d00000|  0%| F|  |TAMS 0x00000000e6c00000| PB 0x00000000e6c00000| Untracked |  0
| 109|0x00000000e6d00000, 0x00000000e6d00000, 0x00000000e6e00000|  0%| F|  |TAMS 0x00000000e6d00000| PB 0x00000000e6d00000| Untracked |  0
| 110|0x00000000e6e00000, 0x00000000e6e00000, 0x00000000e6f00000|  0%| F|  |TAMS 0x00000000e6e00000| PB 0x00000000e6e00000| Untracked |  0
| 111|0x00000000e6f00000, 0x00000000e6f00000, 0x00000000e7000000|  0%| F|  |TAMS 0x00000000e6f00000| PB 0x00000000e6f00000| Untracked |  0
| 112|0x00000000e7000000, 0x00000000e7000000, 0x00000000e7100000|  0%| F|  |TAMS 0x00000000e7000000| PB 0x00000000e7000000| Untracked |  0
| 113|0x00000000e7100000, 0x00000000e7100000, 0x00000000e7200000|  0%| F|  |TAMS 0x00000000e7100000| PB 0x00000000e7100000| Untracked |  0
| 114|0x00000000e7200000, 0x00000000e7200000, 0x00000000e7300000|  0%| F|  |TAMS 0x00000000e7200000| PB 0x00000000e7200000| Untracked |  0
| 115|0x00000000e7300000, 0x00000000e7300000, 0x00000000e7400000|  0%| F|  |TAMS 0x00000000e7300000| PB 0x00000000e7300000| Untracked |  0
| 116|0x00000000e7400000, 0x00000000e7400000, 0x00000000e7500000|  0%| F|  |TAMS 0x00000000e7400000| PB 0x00000000e7400000| Untracked |  0
| 117|0x00000000e7500000, 0x00000000e7500000, 0x00000000e7600000|  0%| F|  |TAMS 0x00000000e7500000| PB 0x00000000e7500000| Untracked |  0
| 118|0x00000000e7600000, 0x00000000e7600000, 0x00000000e7700000|  0%| F|  |TAMS 0x00000000e7600000| PB 0x00000000e7600000| Untracked |  0
| 119|0x00000000e7700000, 0x00000000e7700000, 0x00000000e7800000|  0%| F|  |TAMS 0x00000000e7700000| PB 0x00000000e7700000| Untracked |  0
| 120|0x00000000e7800000, 0x00000000e7800000, 0x00000000e7900000|  0%| F|  |TAMS 0x00000000e7800000| PB 0x00000000e7800000| Untracked |  0
| 121|0x00000000e7900000, 0x00000000e7900000, 0x00000000e7a00000|  0%| F|  |TAMS 0x00000000e7900000| PB 0x00000000e7900000| Untracked |  0
| 122|0x00000000e7a00000, 0x00000000e7a00000, 0x00000000e7b00000|  0%| F|  |TAMS 0x00000000e7a00000| PB 0x00000000e7a00000| Untracked |  0
| 123|0x00000000e7b00000, 0x00000000e7b00000, 0x00000000e7c00000|  0%| F|  |TAMS 0x00000000e7b00000| PB 0x00000000e7b00000| Untracked |  0
| 124|0x00000000e7c00000, 0x00000000e7c00000, 0x00000000e7d00000|  0%| F|  |TAMS 0x00000000e7c00000| PB 0x00000000e7c00000| Untracked |  0
| 125|0x00000000e7d00000, 0x00000000e7d00000, 0x00000000e7e00000|  0%| F|  |TAMS 0x00000000e7d00000| PB 0x00000000e7d00000| Untracked |  0
| 126|0x00000000e7e00000, 0x00000000e7e00000, 0x00000000e7f00000|  0%| F|  |TAMS 0x00000000e7e00000| PB 0x00000000e7e00000| Untracked |  0
| 127|0x00000000e7f00000, 0x00000000e7f00000, 0x00000000e8000000|  0%| F|  |TAMS 0x00000000e7f00000| PB 0x00000000e7f00000| Untracked |  0
| 128|0x00000000e8000000, 0x00000000e8000000, 0x00000000e8100000|  0%| F|  |TAMS 0x00000000e8000000| PB 0x00000000e8000000| Untracked |  0
| 129|0x00000000e8100000, 0x00000000e8100000, 0x00000000e8200000|  0%| F|  |TAMS 0x00000000e8100000| PB 0x00000000e8100000| Untracked |  0
| 130|0x00000000e8200000, 0x00000000e8200000, 0x00000000e8300000|  0%| F|  |TAMS 0x00000000e8200000| PB 0x00000000e8200000| Untracked |  0
| 131|0x00000000e8300000, 0x00000000e8300000, 0x00000000e8400000|  0%| F|  |TAMS 0x00000000e8300000| PB 0x00000000e8300000| Untracked |  0
| 132|0x00000000e8400000, 0x00000000e8400000, 0x00000000e8500000|  0%| F|  |TAMS 0x00000000e8400000| PB 0x00000000e8400000| Untracked |  0
| 133|0x00000000e8500000, 0x00000000e8500000, 0x00000000e8600000|  0%| F|  |TAMS 0x00000000e8500000| PB 0x00000000e8500000| Untracked |  0
| 134|0x00000000e8600000, 0x00000000e8600000, 0x00000000e8700000|  0%| F|  |TAMS 0x00000000e8600000| PB 0x00000000e8600000| Untracked |  0
| 135|0x00000000e8700000, 0x00000000e8700000, 0x00000000e8800000|  0%| F|  |TAMS 0x00000000e8700000| PB 0x00000000e8700000| Untracked |  0
| 136|0x00000000e8800000, 0x00000000e8800000, 0x00000000e8900000|  0%| F|  |TAMS 0x00000000e8800000| PB 0x00000000e8800000| Untracked |  0
| 137|0x00000000e8900000, 0x00000000e8900000, 0x00000000e8a00000|  0%| F|  |TAMS 0x00000000e8900000| PB 0x00000000e8900000| Untracked |  0
| 138|0x00000000e8a00000, 0x00000000e8a00000, 0x00000000e8b00000|  0%| F|  |TAMS 0x00000000e8a00000| PB 0x00000000e8a00000| Untracked |  0
| 139|0x00000000e8b00000, 0x00000000e8b00000, 0x00000000e8c00000|  0%| F|  |TAMS 0x00000000e8b00000| PB 0x00000000e8b00000| Untracked |  0
| 140|0x00000000e8c00000, 0x00000000e8c00000, 0x00000000e8d00000|  0%| F|  |TAMS 0x00000000e8c00000| PB 0x00000000e8c00000| Untracked |  0
| 141|0x00000000e8d00000, 0x00000000e8d00000, 0x00000000e8e00000|  0%| F|  |TAMS 0x00000000e8d00000| PB 0x00000000e8d00000| Untracked |  0
| 142|0x00000000e8e00000, 0x00000000e8e00000, 0x00000000e8f00000|  0%| F|  |TAMS 0x00000000e8e00000| PB 0x00000000e8e00000| Untracked |  0
| 143|0x00000000e8f00000, 0x00000000e8f00000, 0x00000000e9000000|  0%| F|  |TAMS 0x00000000e8f00000| PB 0x00000000e8f00000| Untracked |  0
| 144|0x00000000e9000000, 0x00000000e9000000, 0x00000000e9100000|  0%| F|  |TAMS 0x00000000e9000000| PB 0x00000000e9000000| Untracked |  0
| 145|0x00000000e9100000, 0x00000000e9100000, 0x00000000e9200000|  0%| F|  |TAMS 0x00000000e9100000| PB 0x00000000e9100000| Untracked |  0
| 146|0x00000000e9200000, 0x00000000e9200000, 0x00000000e9300000|  0%| F|  |TAMS 0x00000000e9200000| PB 0x00000000e9200000| Untracked |  0
| 147|0x00000000e9300000, 0x00000000e9300000, 0x00000000e9400000|  0%| F|  |TAMS 0x00000000e9300000| PB 0x00000000e9300000| Untracked |  0
| 148|0x00000000e9400000, 0x00000000e9400000, 0x00000000e9500000|  0%| F|  |TAMS 0x00000000e9400000| PB 0x00000000e9400000| Untracked |  0
| 149|0x00000000e9500000, 0x00000000e9500000, 0x00000000e9600000|  0%| F|  |TAMS 0x00000000e9500000| PB 0x00000000e9500000| Untracked |  0
| 150|0x00000000e9600000, 0x00000000e9600000, 0x00000000e9700000|  0%| F|  |TAMS 0x00000000e9600000| PB 0x00000000e9600000| Untracked |  0
| 151|0x00000000e9700000, 0x00000000e9700000, 0x00000000e9800000|  0%| F|  |TAMS 0x00000000e9700000| PB 0x00000000e9700000| Untracked |  0
| 152|0x00000000e9800000, 0x00000000e98afc40, 0x00000000e9900000| 68%| E|  |TAMS 0x00000000e9800000| PB 0x00000000e9800000| Complete |  0
| 153|0x00000000e9900000, 0x00000000e9a00000, 0x00000000e9a00000|100%| E|CS|TAMS 0x00000000e9900000| PB 0x00000000e9900000| Complete |  0
| 154|0x00000000e9a00000, 0x00000000e9b00000, 0x00000000e9b00000|100%| E|CS|TAMS 0x00000000e9a00000| PB 0x00000000e9a00000| Complete |  0
| 155|0x00000000e9b00000, 0x00000000e9c00000, 0x00000000e9c00000|100%| E|CS|TAMS 0x00000000e9b00000| PB 0x00000000e9b00000| Complete |  0
| 156|0x00000000e9c00000, 0x00000000e9d00000, 0x00000000e9d00000|100%| E|CS|TAMS 0x00000000e9c00000| PB 0x00000000e9c00000| Complete |  0
| 157|0x00000000e9d00000, 0x00000000e9e00000, 0x00000000e9e00000|100%| E|CS|TAMS 0x00000000e9d00000| PB 0x00000000e9d00000| Complete |  0
| 158|0x00000000e9e00000, 0x00000000e9f00000, 0x00000000e9f00000|100%| E|CS|TAMS 0x00000000e9e00000| PB 0x00000000e9e00000| Complete |  0
| 159|0x00000000e9f00000, 0x00000000ea000000, 0x00000000ea000000|100%| E|CS|TAMS 0x00000000e9f00000| PB 0x00000000e9f00000| Complete |  0
| 160|0x00000000ea000000, 0x00000000ea100000, 0x00000000ea100000|100%| E|CS|TAMS 0x00000000ea000000| PB 0x00000000ea000000| Complete |  0
| 161|0x00000000ea100000, 0x00000000ea200000, 0x00000000ea200000|100%| E|CS|TAMS 0x00000000ea100000| PB 0x00000000ea100000| Complete |  0
| 162|0x00000000ea200000, 0x00000000ea300000, 0x00000000ea300000|100%| E|CS|TAMS 0x00000000ea200000| PB 0x00000000ea200000| Complete |  0
| 163|0x00000000ea300000, 0x00000000ea400000, 0x00000000ea400000|100%| E|CS|TAMS 0x00000000ea300000| PB 0x00000000ea300000| Complete |  0
| 164|0x00000000ea400000, 0x00000000ea500000, 0x00000000ea500000|100%| E|CS|TAMS 0x00000000ea400000| PB 0x00000000ea400000| Complete |  0
| 165|0x00000000ea500000, 0x00000000ea600000, 0x00000000ea600000|100%| E|CS|TAMS 0x00000000ea500000| PB 0x00000000ea500000| Complete |  0
| 166|0x00000000ea600000, 0x00000000ea700000, 0x00000000ea700000|100%| E|CS|TAMS 0x00000000ea600000| PB 0x00000000ea600000| Complete |  0
| 167|0x00000000ea700000, 0x00000000ea800000, 0x00000000ea800000|100%| E|CS|TAMS 0x00000000ea700000| PB 0x00000000ea700000| Complete |  0
| 168|0x00000000ea800000, 0x00000000ea900000, 0x00000000ea900000|100%| E|CS|TAMS 0x00000000ea800000| PB 0x00000000ea800000| Complete |  0
| 169|0x00000000ea900000, 0x00000000eaa00000, 0x00000000eaa00000|100%| E|CS|TAMS 0x00000000ea900000| PB 0x00000000ea900000| Complete |  0
| 170|0x00000000eaa00000, 0x00000000eab00000, 0x00000000eab00000|100%| E|CS|TAMS 0x00000000eaa00000| PB 0x00000000eaa00000| Complete |  0
| 171|0x00000000eab00000, 0x00000000eac00000, 0x00000000eac00000|100%| E|CS|TAMS 0x00000000eab00000| PB 0x00000000eab00000| Complete |  0
| 172|0x00000000eac00000, 0x00000000ead00000, 0x00000000ead00000|100%| E|CS|TAMS 0x00000000eac00000| PB 0x00000000eac00000| Complete |  0
| 173|0x00000000ead00000, 0x00000000eae00000, 0x00000000eae00000|100%| E|CS|TAMS 0x00000000ead00000| PB 0x00000000ead00000| Complete |  0
| 174|0x00000000eae00000, 0x00000000eaf00000, 0x00000000eaf00000|100%| E|CS|TAMS 0x00000000eae00000| PB 0x00000000eae00000| Complete |  0
| 175|0x00000000eaf00000, 0x00000000eb000000, 0x00000000eb000000|100%| E|CS|TAMS 0x00000000eaf00000| PB 0x00000000eaf00000| Complete |  0
| 176|0x00000000eb000000, 0x00000000eb100000, 0x00000000eb100000|100%| E|  |TAMS 0x00000000eb000000| PB 0x00000000eb000000| Complete |  0
| 177|0x00000000eb100000, 0x00000000eb200000, 0x00000000eb200000|100%| E|CS|TAMS 0x00000000eb100000| PB 0x00000000eb100000| Complete |  0
| 178|0x00000000eb200000, 0x00000000eb300000, 0x00000000eb300000|100%| E|CS|TAMS 0x00000000eb200000| PB 0x00000000eb200000| Complete |  0
| 179|0x00000000eb300000, 0x00000000eb400000, 0x00000000eb400000|100%| E|CS|TAMS 0x00000000eb300000| PB 0x00000000eb300000| Complete |  0
| 180|0x00000000eb400000, 0x00000000eb500000, 0x00000000eb500000|100%| E|CS|TAMS 0x00000000eb400000| PB 0x00000000eb400000| Complete |  0
| 181|0x00000000eb500000, 0x00000000eb600000, 0x00000000eb600000|100%| E|CS|TAMS 0x00000000eb500000| PB 0x00000000eb500000| Complete |  0
| 182|0x00000000eb600000, 0x00000000eb700000, 0x00000000eb700000|100%| E|CS|TAMS 0x00000000eb600000| PB 0x00000000eb600000| Complete |  0
| 183|0x00000000eb700000, 0x00000000eb800000, 0x00000000eb800000|100%| E|CS|TAMS 0x00000000eb700000| PB 0x00000000eb700000| Complete |  0
| 184|0x00000000eb800000, 0x00000000eb900000, 0x00000000eb900000|100%| E|CS|TAMS 0x00000000eb800000| PB 0x00000000eb800000| Complete |  0
| 185|0x00000000eb900000, 0x00000000eba00000, 0x00000000eba00000|100%| E|CS|TAMS 0x00000000eb900000| PB 0x00000000eb900000| Complete |  0
| 186|0x00000000eba00000, 0x00000000ebb00000, 0x00000000ebb00000|100%| E|CS|TAMS 0x00000000eba00000| PB 0x00000000eba00000| Complete |  0
| 187|0x00000000ebb00000, 0x00000000ebc00000, 0x00000000ebc00000|100%| E|CS|TAMS 0x00000000ebb00000| PB 0x00000000ebb00000| Complete |  0
| 188|0x00000000ebc00000, 0x00000000ebd00000, 0x00000000ebd00000|100%| E|CS|TAMS 0x00000000ebc00000| PB 0x00000000ebc00000| Complete |  0
| 189|0x00000000ebd00000, 0x00000000ebe00000, 0x00000000ebe00000|100%| E|CS|TAMS 0x00000000ebd00000| PB 0x00000000ebd00000| Complete |  0
| 190|0x00000000ebe00000, 0x00000000ebf00000, 0x00000000ebf00000|100%| E|CS|TAMS 0x00000000ebe00000| PB 0x00000000ebe00000| Complete |  0
| 191|0x00000000ebf00000, 0x00000000ec000000, 0x00000000ec000000|100%| E|CS|TAMS 0x00000000ebf00000| PB 0x00000000ebf00000| Complete |  0
| 192|0x00000000ec000000, 0x00000000ec100000, 0x00000000ec100000|100%| E|CS|TAMS 0x00000000ec000000| PB 0x00000000ec000000| Complete |  0
| 193|0x00000000ec100000, 0x00000000ec200000, 0x00000000ec200000|100%| E|CS|TAMS 0x00000000ec100000| PB 0x00000000ec100000| Complete |  0
| 194|0x00000000ec200000, 0x00000000ec300000, 0x00000000ec300000|100%| E|CS|TAMS 0x00000000ec200000| PB 0x00000000ec200000| Complete |  0
| 195|0x00000000ec300000, 0x00000000ec400000, 0x00000000ec400000|100%| E|CS|TAMS 0x00000000ec300000| PB 0x00000000ec300000| Complete |  0
| 196|0x00000000ec400000, 0x00000000ec500000, 0x00000000ec500000|100%| E|CS|TAMS 0x00000000ec400000| PB 0x00000000ec400000| Complete |  0
| 197|0x00000000ec500000, 0x00000000ec600000, 0x00000000ec600000|100%| E|CS|TAMS 0x00000000ec500000| PB 0x00000000ec500000| Complete |  0
| 198|0x00000000ec600000, 0x00000000ec700000, 0x00000000ec700000|100%| E|CS|TAMS 0x00000000ec600000| PB 0x00000000ec600000| Complete |  0
| 199|0x00000000ec700000, 0x00000000ec800000, 0x00000000ec800000|100%| E|CS|TAMS 0x00000000ec700000| PB 0x00000000ec700000| Complete |  0
| 200|0x00000000ec800000, 0x00000000ec900000, 0x00000000ec900000|100%| E|CS|TAMS 0x00000000ec800000| PB 0x00000000ec800000| Complete |  0
| 201|0x00000000ec900000, 0x00000000eca00000, 0x00000000eca00000|100%| E|CS|TAMS 0x00000000ec900000| PB 0x00000000ec900000| Complete |  0
| 202|0x00000000eca00000, 0x00000000ecb00000, 0x00000000ecb00000|100%| E|CS|TAMS 0x00000000eca00000| PB 0x00000000eca00000| Complete |  0
| 203|0x00000000ecb00000, 0x00000000ecc00000, 0x00000000ecc00000|100%| E|CS|TAMS 0x00000000ecb00000| PB 0x00000000ecb00000| Complete |  0
| 204|0x00000000ecc00000, 0x00000000ecd00000, 0x00000000ecd00000|100%| E|CS|TAMS 0x00000000ecc00000| PB 0x00000000ecc00000| Complete |  0
| 510|0x00000000ffe00000, 0x00000000fff00000, 0x00000000fff00000|100%| O|  |TAMS 0x00000000ffe00000| PB 0x00000000ffe00000| Untracked |  0
| 511|0x00000000fff00000, 0x00000000fff1c288, 0x0000000100000000| 10%| O|  |TAMS 0x00000000fff00000| PB 0x00000000fff00000| Untracked |  0

Card table byte_map: [0x000002bd7e840000,0x000002bd7e940000] _byte_map_base: 0x000002bd7e140000

Marking Bits: (CMBitMap*) 0x000002bd75b9cc10
 Bits: [0x000002bd7e940000, 0x000002bd7f140000)

Polling page: 0x000002bd73b20000

Metaspace:

Usage:
  Non-class:     15.58 MB used.
      Class:      1.48 MB used.
       Both:     17.05 MB used.

Virtual space:
  Non-class space:       64.00 MB reserved,      15.69 MB ( 25%) committed,  1 nodes.
      Class space:        1.00 GB reserved,       1.56 MB ( <1%) committed,  1 nodes.
             Both:        1.06 GB reserved,      17.25 MB (  2%) committed. 

Chunk freelists:
   Non-Class:  0 bytes
       Class:  14.31 MB
        Both:  14.31 MB

MaxMetaspaceSize: unlimited
CompressedClassSpaceSize: 1.00 GB
Initial GC threshold: 21.00 MB
Current GC threshold: 21.00 MB
CDS: on
 - commit_granule_bytes: 65536.
 - commit_granule_words: 8192.
 - virtual_space_node_default_size: 8388608.
 - enlarge_chunks_in_place: 1.
UseCompressedClassPointers 1, UseCompactObjectHeaders 0
Narrow klass pointer bits 32, Max shift 3
Narrow klass base: 0x000002bd11000000, Narrow klass shift: 0
Encoding Range: [0x000002bd11000000 - 0x000002be11000000), (4294967296 bytes)
Klass Range:    [0x000002bd11000000 - 0x000002bd52000000), (1090519040 bytes)
Klass ID Range:  [8 - 1090519033) (1090519025)


Internal statistics:

num_allocs_failed_limit: 0.
num_arena_births: 162.
num_arena_deaths: 0.
num_vsnodes_births: 2.
num_vsnodes_deaths: 0.
num_space_committed: 276.
num_space_uncommitted: 0.
num_chunks_returned_to_freelist: 0.
num_chunks_taken_from_freelist: 612.
num_chunk_merges: 0.
num_chunk_splits: 491.
num_chunks_enlarged: 418.
num_inconsistent_stats: 0.

CodeHeap 'non-profiled nmethods': size=120064Kb used=3508Kb max_used=3508Kb free=116556Kb
 bounds [0x000002bd07ac0000, 0x000002bd07e30000, 0x000002bd0f000000]
CodeHeap 'profiled nmethods': size=120000Kb used=15082Kb max_used=15082Kb free=104917Kb
 bounds [0x000002bd00000000, 0x000002bd00ec0000, 0x000002bd07530000]
CodeHeap 'non-nmethods': size=5696Kb used=1356Kb max_used=1520Kb free=4339Kb
 bounds [0x000002bd07530000, 0x000002bd077a0000, 0x000002bd07ac0000]
CodeCache: size=245760Kb, used=19946Kb, max_used=20110Kb, free=225812Kb
 total_blobs=7927, nmethods=7409, adapters=422, full_count=0
Compilation: enabled, stopped_count=0, restarted_count=0

Compilation events (20 events):
Event: 14.732 Thread 0x000002bd7fb6c680 7464       3       com.adobe.flash.compiler.internal.as.codegen.CmcEmitter$JBurgAnnotation_Op_AddID_2::getCostForRule_108c4c35 (33 bytes)
Event: 14.732 Thread 0x000002bd7fb6c680 nmethod 7464 0x000002bd00eae608 code [0x000002bd00eae760, 0x000002bd00eaeb70]
Event: 14.788 Thread 0x000002bd7fb6c680 7465       2       com.adobe.flash.compiler.internal.as.codegen.CmcEmitter$JBurgAnnotation_Op_LogicalOrID_2::getRule (704 bytes)
Event: 14.790 Thread 0x000002bd7fb6c680 nmethod 7465 0x000002bd00eaec08 code [0x000002bd00eaeec0, 0x000002bd00eafb68]
Event: 14.797 Thread 0x000002bd7fb6c680 7466       3       com.adobe.flash.compiler.internal.semantics.MethodBodySemanticChecker::getBuiltinTypeOfPooledValue (205 bytes)
Event: 14.798 Thread 0x000002bd7fb6c680 nmethod 7466 0x000002bd00eafc08 code [0x000002bd00eafd80, 0x000002bd00eb0280]
Event: 14.801 Thread 0x000002bd7fb6c680 7467   !   3       com.adobe.flash.compiler.internal.parsing.as.ASParser::newExpression (834 bytes)
Event: 14.805 Thread 0x000002bd7fb6c680 nmethod 7467 0x000002bd00eb0308 code [0x000002bd00eb0780, 0x000002bd00eb4410]
Event: 14.839 Thread 0x000002bd7fb6c680 7469       2       com.adobe.flash.compiler.internal.as.codegen.CmcEmitter::action_109 (21 bytes)
Event: 14.859 Thread 0x000002bd7fb6c680 nmethod 7469 0x000002bd00eb4508 code [0x000002bd00eb4640, 0x000002bd00eb47f0]
Event: 14.859 Thread 0x000002bd7fb6c680 7470       2       com.adobe.flash.compiler.internal.as.codegen.ABCGeneratingReducer::reduce_arrayLiteral (56 bytes)
Event: 14.861 Thread 0x000002bd7fb6c680 nmethod 7470 0x000002bd00eb4888 code [0x000002bd00eb4a00, 0x000002bd00eb50f0]
Event: 14.861 Thread 0x000002bd7fb6c680 7471       2       com.adobe.flash.compiler.internal.as.codegen.CmcEmitter::action_501 (11 bytes)
Event: 14.864 Thread 0x000002bd7fb6c680 nmethod 7471 0x000002bd00eb5188 code [0x000002bd00eb52a0, 0x000002bd00eb5408]
Event: 14.898 Thread 0x000002bd7fb6c680 7472       1       com.adobe.flash.compiler.internal.as.codegen.CmcEmitter$JBurgAnnotation_Op_MultiplyID_2::getArity (2 bytes)
Event: 14.903 Thread 0x000002bd7fb6c680 nmethod 7472 0x000002bd07e1ce88 code [0x000002bd07e1cf80, 0x000002bd07e1d048]
Event: 14.984 Thread 0x000002bd7fb6c680 7474   !   2       com.adobe.flash.compiler.internal.parsing.as.ASParser::colon (27 bytes)
Event: 14.984 Thread 0x000002bd7fb6c680 nmethod 7474 0x000002bd00eb5488 code [0x000002bd00eb55e0, 0x000002bd00eb57f8]
Event: 15.012 Thread 0x000002bd7fb6c680 7475       3       com.adobe.flash.compiler.internal.tree.as.LiteralNode::<init> (30 bytes)
Event: 15.060 Thread 0x000002bd7fb6c680 nmethod 7475 0x000002bd00eb5888 code [0x000002bd00eb59a0, 0x000002bd00eb5bc8]

GC Heap History (20 events):
Event: 8.999 GC heap before
{Heap before GC invocations=14 (full 0):
 garbage-first heap   total reserved 524288K, committed 211968K, used 154901K [0x00000000e0000000, 0x0000000100000000)
  region size 1024K, 114 young (116736K), 6 survivors (6144K)
 Metaspace       used 16954K, committed 17216K, reserved 1114112K
  class space    used 1506K, committed 1600K, reserved 1048576K
}
Event: 9.010 GC heap after
{Heap after GC invocations=15 (full 0):
 garbage-first heap   total reserved 524288K, committed 211968K, used 47928K [0x00000000e0000000, 0x0000000100000000)
  region size 1024K, 8 young (8192K), 8 survivors (8192K)
 Metaspace       used 16954K, committed 17216K, reserved 1114112K
  class space    used 1506K, committed 1600K, reserved 1048576K
}
Event: 9.192 GC heap before
{Heap before GC invocations=15 (full 0):
 garbage-first heap   total reserved 524288K, committed 211968K, used 157496K [0x00000000e0000000, 0x0000000100000000)
  region size 1024K, 116 young (118784K), 8 survivors (8192K)
 Metaspace       used 17011K, committed 17280K, reserved 1114112K
  class space    used 1506K, committed 1600K, reserved 1048576K
}
Event: 9.201 GC heap after
{Heap after GC invocations=16 (full 0):
 garbage-first heap   total reserved 524288K, committed 211968K, used 48942K [0x00000000e0000000, 0x0000000100000000)
  region size 1024K, 9 young (9216K), 9 survivors (9216K)
 Metaspace       used 17011K, committed 17280K, reserved 1114112K
  class space    used 1506K, committed 1600K, reserved 1048576K
}
Event: 9.405 GC heap before
{Heap before GC invocations=16 (full 0):
 garbage-first heap   total reserved 524288K, committed 211968K, used 165678K [0x00000000e0000000, 0x0000000100000000)
  region size 1024K, 124 young (126976K), 9 survivors (9216K)
 Metaspace       used 17054K, committed 17280K, reserved 1114112K
  class space    used 1508K, committed 1600K, reserved 1048576K
}
Event: 9.416 GC heap after
{Heap after GC invocations=17 (full 0):
 garbage-first heap   total reserved 524288K, committed 211968K, used 50054K [0x00000000e0000000, 0x0000000100000000)
  region size 1024K, 10 young (10240K), 10 survivors (10240K)
 Metaspace       used 17054K, committed 17280K, reserved 1114112K
  class space    used 1508K, committed 1600K, reserved 1048576K
}
Event: 9.909 GC heap before
{Heap before GC invocations=17 (full 0):
 garbage-first heap   total reserved 524288K, committed 211968K, used 165766K [0x00000000e0000000, 0x0000000100000000)
  region size 1024K, 124 young (126976K), 10 survivors (10240K)
 Metaspace       used 17114K, committed 17344K, reserved 1114112K
  class space    used 1508K, committed 1600K, reserved 1048576K
}
Event: 9.922 GC heap after
{Heap after GC invocations=18 (full 0):
 garbage-first heap   total reserved 524288K, committed 211968K, used 51836K [0x00000000e0000000, 0x0000000100000000)
  region size 1024K, 10 young (10240K), 10 survivors (10240K)
 Metaspace       used 17114K, committed 17344K, reserved 1114112K
  class space    used 1508K, committed 1600K, reserved 1048576K
}
Event: 10.147 GC heap before
{Heap before GC invocations=18 (full 0):
 garbage-first heap   total reserved 524288K, committed 211968K, used 167548K [0x00000000e0000000, 0x0000000100000000)
  region size 1024K, 124 young (126976K), 10 survivors (10240K)
 Metaspace       used 17126K, committed 17344K, reserved 1114112K
  class space    used 1508K, committed 1600K, reserved 1048576K
}
Event: 10.159 GC heap after
{Heap after GC invocations=19 (full 0):
 garbage-first heap   total reserved 524288K, committed 211968K, used 52832K [0x00000000e0000000, 0x0000000100000000)
  region size 1024K, 10 young (10240K), 10 survivors (10240K)
 Metaspace       used 17126K, committed 17344K, reserved 1114112K
  class space    used 1508K, committed 1600K, reserved 1048576K
}
Event: 10.443 GC heap before
{Heap before GC invocations=19 (full 0):
 garbage-first heap   total reserved 524288K, committed 211968K, used 168544K [0x00000000e0000000, 0x0000000100000000)
  region size 1024K, 124 young (126976K), 10 survivors (10240K)
 Metaspace       used 17139K, committed 17344K, reserved 1114112K
  class space    used 1509K, committed 1600K, reserved 1048576K
}
Event: 10.461 GC heap after
{Heap after GC invocations=20 (full 0):
 garbage-first heap   total reserved 524288K, committed 211968K, used 60193K [0x00000000e0000000, 0x0000000100000000)
  region size 1024K, 16 young (16384K), 16 survivors (16384K)
 Metaspace       used 17139K, committed 17344K, reserved 1114112K
  class space    used 1509K, committed 1600K, reserved 1048576K
}
Event: 11.439 GC heap before
{Heap before GC invocations=20 (full 0):
 garbage-first heap   total reserved 524288K, committed 211968K, used 169761K [0x00000000e0000000, 0x0000000100000000)
  region size 1024K, 124 young (126976K), 16 survivors (16384K)
 Metaspace       used 17283K, committed 17536K, reserved 1114112K
  class space    used 1511K, committed 1600K, reserved 1048576K
}
Event: 11.454 GC heap after
{Heap after GC invocations=21 (full 0):
 garbage-first heap   total reserved 524288K, committed 211968K, used 66832K [0x00000000e0000000, 0x0000000100000000)
  region size 1024K, 7 young (7168K), 7 survivors (7168K)
 Metaspace       used 17283K, committed 17536K, reserved 1114112K
  class space    used 1511K, committed 1600K, reserved 1048576K
}
Event: 12.048 GC heap before
{Heap before GC invocations=21 (full 0):
 garbage-first heap   total reserved 524288K, committed 211968K, used 184592K [0x00000000e0000000, 0x0000000100000000)
  region size 1024K, 123 young (125952K), 7 survivors (7168K)
 Metaspace       used 17345K, committed 17600K, reserved 1114112K
  class space    used 1511K, committed 1600K, reserved 1048576K
}
Event: 12.059 GC heap after
{Heap after GC invocations=22 (full 0):
 garbage-first heap   total reserved 524288K, committed 211968K, used 70170K [0x00000000e0000000, 0x0000000100000000)
  region size 1024K, 11 young (11264K), 11 survivors (11264K)
 Metaspace       used 17345K, committed 17600K, reserved 1114112K
  class space    used 1511K, committed 1600K, reserved 1048576K
}
Event: 12.875 GC heap before
{Heap before GC invocations=22 (full 0):
 garbage-first heap   total reserved 524288K, committed 211968K, used 184858K [0x00000000e0000000, 0x0000000100000000)
  region size 1024K, 124 young (126976K), 11 survivors (11264K)
 Metaspace       used 17393K, committed 17600K, reserved 1114112K
  class space    used 1511K, committed 1600K, reserved 1048576K
}
Event: 12.892 GC heap after
{Heap after GC invocations=23 (full 0):
 garbage-first heap   total reserved 524288K, committed 211968K, used 74131K [0x00000000e0000000, 0x0000000100000000)
  region size 1024K, 10 young (10240K), 10 survivors (10240K)
 Metaspace       used 17393K, committed 17600K, reserved 1114112K
  class space    used 1511K, committed 1600K, reserved 1048576K
}
Event: 14.333 GC heap before
{Heap before GC invocations=23 (full 0):
 garbage-first heap   total reserved 524288K, committed 211968K, used 187795K [0x00000000e0000000, 0x0000000100000000)
  region size 1024K, 122 young (124928K), 10 survivors (10240K)
 Metaspace       used 17444K, committed 17664K, reserved 1114112K
  class space    used 1511K, committed 1600K, reserved 1048576K
}
Event: 14.352 GC heap after
{Heap after GC invocations=24 (full 0):
 garbage-first heap   total reserved 524288K, committed 211968K, used 81898K [0x00000000e0000000, 0x0000000100000000)
  region size 1024K, 13 young (13312K), 13 survivors (13312K)
 Metaspace       used 17444K, committed 17664K, reserved 1114112K
  class space    used 1511K, committed 1600K, reserved 1048576K
}

Dll operation events (7 events):
Event: 0.063 Loaded shared library C:\Users\shang\.jdks\openjdk-24.0.1\bin\java.dll
Event: 0.155 Loaded shared library C:\Users\shang\.jdks\openjdk-24.0.1\bin\jsvml.dll
Event: 0.181 Loaded shared library C:\Users\shang\.jdks\openjdk-24.0.1\bin\net.dll
Event: 0.195 Loaded shared library C:\Users\shang\.jdks\openjdk-24.0.1\bin\nio.dll
Event: 0.217 Loaded shared library C:\Users\shang\.jdks\openjdk-24.0.1\bin\zip.dll
Event: 0.299 Loaded shared library C:\Users\shang\.jdks\openjdk-24.0.1\bin\verify.dll
Event: 0.393 Loaded shared library C:\Users\shang\.jdks\openjdk-24.0.1\bin\jimage.dll

Deoptimization events (20 events):
Event: 14.460 Thread 0x000002bd56d47350 DEOPT PACKING pc=0x000002bd00e76d76 sp=0x000000f7892fdbe0
Event: 14.460 Thread 0x000002bd56d47350 DEOPT UNPACKING pc=0x000002bd07585722 sp=0x000000f7892fd108 mode 0
Event: 14.506 Thread 0x000002bd56f188a0 DEOPT PACKING pc=0x000002bd00e76d76 sp=0x000000f7899fe080
Event: 14.506 Thread 0x000002bd56f188a0 DEOPT UNPACKING pc=0x000002bd07585722 sp=0x000000f7899fd5a8 mode 0
Event: 14.510 Thread 0x000002bd56f188a0 DEOPT PACKING pc=0x000002bd00e76d76 sp=0x000000f7899fdb40
Event: 14.510 Thread 0x000002bd56f188a0 DEOPT UNPACKING pc=0x000002bd07585722 sp=0x000000f7899fd068 mode 0
Event: 14.571 Thread 0x000002bd56f18ff0 DEOPT PACKING pc=0x000002bd00e76d76 sp=0x000000f789afcf20
Event: 14.571 Thread 0x000002bd56f18ff0 DEOPT UNPACKING pc=0x000002bd07585722 sp=0x000000f789afc448 mode 0
Event: 14.601 Thread 0x000002bd56f18ff0 DEOPT PACKING pc=0x000002bd00e76d76 sp=0x000000f789afdd30
Event: 14.601 Thread 0x000002bd56f18ff0 DEOPT UNPACKING pc=0x000002bd07585722 sp=0x000000f789afd258 mode 0
Event: 14.673 Thread 0x000002bd56d44770 DEOPT PACKING pc=0x000002bd00e76d76 sp=0x000000f7896fd040
Event: 14.673 Thread 0x000002bd56d44770 DEOPT UNPACKING pc=0x000002bd07585722 sp=0x000000f7896fc568 mode 0
Event: 14.688 Thread 0x000002bd56f16b60 DEOPT PACKING pc=0x000002bd00e76d76 sp=0x000000f7897fe2b0
Event: 14.688 Thread 0x000002bd56f16b60 DEOPT UNPACKING pc=0x000002bd07585722 sp=0x000000f7897fd7d8 mode 0
Event: 14.817 Thread 0x000002bd56d46c00 DEOPT PACKING pc=0x000002bd00914dfb sp=0x000000f788ffe380
Event: 14.817 Thread 0x000002bd56d46c00 DEOPT UNPACKING pc=0x000002bd07585722 sp=0x000000f788ffd8f0 mode 0
Event: 14.822 Thread 0x000002bd737c6800 DEOPT PACKING pc=0x000002bd00e76d76 sp=0x000000f7874fd930
Event: 14.822 Thread 0x000002bd737c6800 DEOPT UNPACKING pc=0x000002bd07585722 sp=0x000000f7874fce58 mode 0
Event: 15.059 Thread 0x000002bd737c6800 DEOPT PACKING pc=0x000002bd00e76d76 sp=0x000000f7874fd6b0
Event: 15.059 Thread 0x000002bd737c6800 DEOPT UNPACKING pc=0x000002bd07585722 sp=0x000000f7874fcbd8 mode 0

Classes loaded (20 events):
Event: 6.576 Loading class sun/security/provider/ByteArrayAccess
Event: 6.576 Loading class sun/security/provider/ByteArrayAccess done
Event: 6.577 Loading class sun/security/provider/ByteArrayAccess$BE
Event: 6.577 Loading class sun/security/provider/ByteArrayAccess$BE done
Event: 6.875 Loading class java/nio/charset/UnmappableCharacterException
Event: 6.875 Loading class java/nio/charset/CharacterCodingException
Event: 6.875 Loading class java/nio/charset/CharacterCodingException done
Event: 6.875 Loading class java/nio/charset/UnmappableCharacterException done
Event: 6.875 Loading class java/nio/charset/MalformedInputException
Event: 6.875 Loading class java/nio/charset/MalformedInputException done
Event: 6.875 Loading class java/nio/charset/CoderMalfunctionError
Event: 6.875 Loading class java/nio/charset/CoderMalfunctionError done
Event: 7.028 Loading class java/io/SequenceInputStream
Event: 7.029 Loading class java/io/SequenceInputStream done
Event: 7.274 Loading class java/util/regex/Pattern$SliceI
Event: 7.279 Loading class java/util/regex/Pattern$SliceI done
Event: 7.473 Loading class java/lang/FdLibm$Acos
Event: 7.475 Loading class java/lang/FdLibm$Acos done
Event: 7.475 Loading class java/lang/FdLibm
Event: 7.475 Loading class java/lang/FdLibm done

Classes unloaded (0 events):
No events

Classes redefined (0 events):
No events

Internal exceptions (20 events):
Event: 0.442 Thread 0x000002bd737c6800 Exception <a 'java/lang/NoSuchMethodError'{0x00000000e7a4e890}: 'void java.lang.invoke.DelegatingMethodHandle$Holder.delegate(java.lang.Object, java.lang.Object, int, java.lang.Object)'> (0x00000000e7a4e890) 
thrown [s\open\src\hotspot\share\interpreter\linkResolver.cpp, line 805]
Event: 0.550 Thread 0x000002bd56034f80 Exception <a 'java/lang/NoSuchMethodError'{0x00000000e771fa80}: 'int java.lang.invoke.Invokers$Holder.invokeExact_MT(java.lang.Object, java.lang.Object)'> (0x00000000e771fa80) 
thrown [s\open\src\hotspot\share\interpreter\linkResolver.cpp, line 805]
Event: 0.643 Thread 0x000002bd737c6800 Exception <a 'java/lang/NoSuchMethodError'{0x00000000e7551048}: 'java.lang.Object java.lang.invoke.DirectMethodHandle$Holder.invokeStaticInit(java.lang.Object)'> (0x00000000e7551048) 
thrown [s\open\src\hotspot\share\interpreter\linkResolver.cpp, line 805]
Event: 0.742 Thread 0x000002bd737c6800 Exception <a 'java/lang/NoSuchMethodError'{0x00000000e7323e80}: 'void java.lang.invoke.DirectMethodHandle$Holder.invokeSpecial(java.lang.Object, java.lang.Object, java.lang.Object)'> (0x00000000e7323e80) 
thrown [s\open\src\hotspot\share\interpreter\linkResolver.cpp, line 805]
Event: 0.850 Thread 0x000002bd737c6800 Exception <a 'java/lang/NoSuchMethodError'{0x00000000e71709f8}: 'java.lang.Object java.lang.invoke.DirectMethodHandle$Holder.invokeInterface(java.lang.Object, java.lang.Object)'> (0x00000000e71709f8) 
thrown [s\open\src\hotspot\share\interpreter\linkResolver.cpp, line 805]
Event: 0.859 Thread 0x000002bd737c6800 Exception <a 'java/lang/NoSuchMethodError'{0x00000000e71a5240}: 'void java.lang.invoke.DirectMethodHandle$Holder.invokeStatic(java.lang.Object, java.lang.Object, java.lang.Object)'> (0x00000000e71a5240) 
thrown [s\open\src\hotspot\share\interpreter\linkResolver.cpp, line 805]
Event: 1.034 Thread 0x000002bd737c6800 Exception <a 'java/lang/NoSuchMethodError'{0x00000000e705e018}: 'void java.lang.invoke.DirectMethodHandle$Holder.invokeVirtual(java.lang.Object, java.lang.Object, java.lang.Object, java.lang.Object)'> (0x00000000e705e018) 
thrown [s\open\src\hotspot\share\interpreter\linkResolver.cpp, line 805]
Event: 1.038 Thread 0x000002bd737c6800 Exception <a 'java/lang/NoSuchMethodError'{0x00000000e70663e0}: 'void java.lang.invoke.DirectMethodHandle$Holder.invokeSpecial(java.lang.Object, java.lang.Object, java.lang.Object, java.lang.Object, java.lang.Object)'> (0x00000000e70663e0) 
thrown [s\open\src\hotspot\share\interpreter\linkResolver.cpp, line 805]
Event: 1.045 Thread 0x000002bd737c6800 Exception <a 'java/lang/NoSuchMethodError'{0x00000000e70a6770}: 'void java.lang.invoke.DelegatingMethodHandle$Holder.reinvoke_L(java.lang.Object, java.lang.Object, java.lang.Object, int)'> (0x00000000e70a6770) 
thrown [s\open\src\hotspot\share\interpreter\linkResolver.cpp, line 805]
Event: 1.063 Thread 0x000002bd737c6800 Exception <a 'java/lang/NoSuchMethodError'{0x00000000e6f08fc8}: 'void java.lang.invoke.DelegatingMethodHandle$Holder.reinvoke_L(java.lang.Object, java.lang.Object, java.lang.Object, int, int)'> (0x00000000e6f08fc8) 
thrown [s\open\src\hotspot\share\interpreter\linkResolver.cpp, line 805]
Event: 1.067 Thread 0x000002bd737c6800 Exception <a 'java/lang/NoSuchMethodError'{0x00000000e6f344e8}: 'java.lang.Object java.lang.invoke.Invokers$Holder.invokeExact_MT(java.lang.Object, java.lang.Object, java.lang.Object, java.lang.Object, java.lang.Object, java.lang.Object)'> (0x00000000e6f344e8) 
thrown [s\open\src\hotspot\share\interpreter\linkResolver.cpp, line 805]
Event: 3.125 Thread 0x000002bd737c6800 Implicit null exception at 0x000002bd07b442ba to 0x000002bd07b44a40
Event: 3.656 Thread 0x000002bd56d46c00 Implicit null exception at 0x000002bd07b635cf to 0x000002bd07b6455c
Event: 3.660 Thread 0x000002bd56d46c00 Implicit null exception at 0x000002bd07b69bd9 to 0x000002bd07b6a1b4
Event: 3.663 Thread 0x000002bd56d46c00 Implicit null exception at 0x000002bd07b2e81d to 0x000002bd07b2e899
Event: 4.945 Thread 0x000002bd560340e0 Exception <a 'java/lang/NoSuchMethodError'{0x00000000e7e9f770}: 'void java.lang.invoke.DirectMethodHandle$Holder.invokeInterface(java.lang.Object, java.lang.Object)'> (0x00000000e7e9f770) 
thrown [s\open\src\hotspot\share\interpreter\linkResolver.cpp, line 805]
Event: 7.373 Thread 0x000002bd56d47350 Exception <a 'java/lang/NoSuchMethodError'{0x00000000e5777050}: 'java.lang.Object java.lang.invoke.DirectMethodHandle$Holder.invokeVirtual(java.lang.Object, java.lang.Object, java.lang.Object, java.lang.Object, int)'> (0x00000000e5777050) 
thrown [s\open\src\hotspot\share\interpreter\linkResolver.cpp, line 805]
Event: 7.374 Thread 0x000002bd56d47350 Exception <a 'java/lang/NoSuchMethodError'{0x00000000e3c3ad78}: 'java.lang.Object java.lang.invoke.DirectMethodHandle$Holder.invokeSpecial(java.lang.Object, java.lang.Object, java.lang.Object, java.lang.Object, java.lang.Object, int)'> (0x00000000e3c3ad78) 
thrown [s\open\src\hotspot\share\interpreter\linkResolver.cpp, line 805]
Event: 11.421 Thread 0x000002bd56d45d60 Implicit null exception at 0x000002bd07d2ef48 to 0x000002bd07d2eff4
Event: 11.422 Thread 0x000002bd56d45d60 Implicit null exception at 0x000002bd07c2f198 to 0x000002bd07c2f24c

VM Operations (20 events):
Event: 8.999 Executing VM operation: G1CollectForAllocation (G1 Evacuation Pause)
Event: 9.010 Executing VM operation: G1CollectForAllocation (G1 Evacuation Pause) done
Event: 9.192 Executing VM operation: G1CollectForAllocation (G1 Evacuation Pause)
Event: 9.201 Executing VM operation: G1CollectForAllocation (G1 Evacuation Pause) done
Event: 9.405 Executing VM operation: G1CollectForAllocation (G1 Evacuation Pause)
Event: 9.416 Executing VM operation: G1CollectForAllocation (G1 Evacuation Pause) done
Event: 9.909 Executing VM operation: G1CollectForAllocation (G1 Evacuation Pause)
Event: 9.922 Executing VM operation: G1CollectForAllocation (G1 Evacuation Pause) done
Event: 10.147 Executing VM operation: G1CollectForAllocation (G1 Evacuation Pause)
Event: 10.159 Executing VM operation: G1CollectForAllocation (G1 Evacuation Pause) done
Event: 10.443 Executing VM operation: G1CollectForAllocation (G1 Evacuation Pause)
Event: 10.461 Executing VM operation: G1CollectForAllocation (G1 Evacuation Pause) done
Event: 11.439 Executing VM operation: G1CollectForAllocation (G1 Evacuation Pause)
Event: 11.454 Executing VM operation: G1CollectForAllocation (G1 Evacuation Pause) done
Event: 12.048 Executing VM operation: G1CollectForAllocation (G1 Evacuation Pause)
Event: 12.059 Executing VM operation: G1CollectForAllocation (G1 Evacuation Pause) done
Event: 12.875 Executing VM operation: G1CollectForAllocation (G1 Evacuation Pause)
Event: 12.892 Executing VM operation: G1CollectForAllocation (G1 Evacuation Pause) done
Event: 14.333 Executing VM operation: G1CollectForAllocation (G1 Evacuation Pause)
Event: 14.352 Executing VM operation: G1CollectForAllocation (G1 Evacuation Pause) done

Memory protections (0 events):
No events

Nmethod flushes (0 events):
No events

Events (20 events):
Event: 2.279 Thread 0x000002bd56b92dd0 Thread exited: 0x000002bd56b92dd0
Event: 3.100 Thread 0x000002bd7fb6c680 Thread added: 0x000002bd56c10df0
Event: 3.183 Thread 0x000002bd56034f80 Thread added: 0x000002bd56036cc0
Event: 3.434 Thread 0x000002bd56c10df0 Thread exited: 0x000002bd56c10df0
Event: 3.538 Thread 0x000002bd56034f80 Thread added: 0x000002bd56d46c00
Event: 3.538 Thread 0x000002bd737c6800 Thread added: 0x000002bd56d45d60
Event: 3.539 Thread 0x000002bd56034f80 Thread added: 0x000002bd56d47350
Event: 3.539 Thread 0x000002bd56034f80 Thread added: 0x000002bd56d44ec0
Event: 3.539 Thread 0x000002bd56034f80 Thread added: 0x000002bd56d45610
Event: 3.539 Thread 0x000002bd737c6800 Thread added: 0x000002bd56d44020
Event: 3.540 Thread 0x000002bd56034f80 Thread added: 0x000002bd56d44770
Event: 3.540 Thread 0x000002bd56034f80 Thread added: 0x000002bd56f16b60
Event: 3.540 Thread 0x000002bd56034f80 Thread added: 0x000002bd56f18150
Event: 3.540 Thread 0x000002bd56034f80 Thread added: 0x000002bd56f188a0
Event: 3.540 Thread 0x000002bd56034f80 Thread added: 0x000002bd56f18ff0
Event: 3.540 Thread 0x000002bd56034f80 Thread added: 0x000002bd56f19e90
Event: 3.541 Thread 0x000002bd56034f80 Thread added: 0x000002bd56f19740
Event: 3.541 Thread 0x000002bd56034f80 Thread added: 0x000002bd56f1a5e0
Event: 3.611 Thread 0x000002bd7fb6c680 Thread added: 0x000002bd56c90400
Event: 8.595 Thread 0x000002bd7fb6c680 Thread added: 0x000002bd584c8270


Dynamic libraries:
0x00007ff7b65b0000 - 0x00007ff7b65be000 	C:\Users\shang\.jdks\openjdk-24.0.1\bin\java.exe
0x00007ffc96080000 - 0x00007ffc962e8000 	C:\WINDOWS\SYSTEM32\ntdll.dll
0x00007ffc95010000 - 0x00007ffc950d9000 	C:\WINDOWS\System32\KERNEL32.DLL
0x00007ffc931d0000 - 0x00007ffc935bd000 	C:\WINDOWS\System32\KERNELBASE.dll
0x00007ffc93960000 - 0x00007ffc93aab000 	C:\WINDOWS\System32\ucrtbase.dll
0x00007ffc86a10000 - 0x00007ffc86a2b000 	C:\Users\shang\.jdks\openjdk-24.0.1\bin\VCRUNTIME140.dll
0x00007ffc73ad0000 - 0x00007ffc73ae6000 	C:\Users\shang\.jdks\openjdk-24.0.1\bin\jli.dll
0x00007ffc95920000 - 0x00007ffc95aec000 	C:\WINDOWS\System32\USER32.dll
0x00007ffc93df0000 - 0x00007ffc93e17000 	C:\WINDOWS\System32\win32u.dll
0x00007ffc7aaa0000 - 0x00007ffc7ad3a000 	C:\WINDOWS\WinSxS\amd64_microsoft.windows.common-controls_6595b64144ccf1df_6.0.26100.4484_none_3e0e6d4ce32ef3b3\COMCTL32.dll
0x00007ffc93e70000 - 0x00007ffc93e9b000 	C:\WINDOWS\System32\GDI32.dll
0x00007ffc94620000 - 0x00007ffc946c9000 	C:\WINDOWS\System32\msvcrt.dll
0x00007ffc93bf0000 - 0x00007ffc93d27000 	C:\WINDOWS\System32\gdi32full.dll
0x00007ffc93ab0000 - 0x00007ffc93b53000 	C:\WINDOWS\System32\msvcp_win.dll
0x00007ffc95290000 - 0x00007ffc952bf000 	C:\WINDOWS\System32\IMM32.DLL
0x00007ffc78e70000 - 0x00007ffc78e7c000 	C:\Users\shang\.jdks\openjdk-24.0.1\bin\vcruntime140_1.dll
0x00007ffc39490000 - 0x00007ffc3951e000 	C:\Users\shang\.jdks\openjdk-24.0.1\bin\msvcp140.dll
0x00007ffbbf2a0000 - 0x00007ffbc0042000 	C:\Users\shang\.jdks\openjdk-24.0.1\bin\server\jvm.dll
0x00007ffc95bf0000 - 0x00007ffc95ca4000 	C:\WINDOWS\System32\ADVAPI32.dll
0x00007ffc94800000 - 0x00007ffc948a6000 	C:\WINDOWS\System32\sechost.dll
0x00007ffc95780000 - 0x00007ffc95898000 	C:\WINDOWS\System32\RPCRT4.dll
0x00007ffc93ea0000 - 0x00007ffc93f14000 	C:\WINDOWS\System32\WS2_32.dll
0x00007ffc91e50000 - 0x00007ffc91eae000 	C:\WINDOWS\SYSTEM32\POWRPROF.dll
0x00007ffc86a60000 - 0x00007ffc86a95000 	C:\WINDOWS\SYSTEM32\WINMM.dll
0x00007ffc8c650000 - 0x00007ffc8c65b000 	C:\WINDOWS\SYSTEM32\VERSION.dll
0x00007ffc91dd0000 - 0x00007ffc91de4000 	C:\WINDOWS\SYSTEM32\UMPDC.dll
0x00007ffc92090000 - 0x00007ffc920ab000 	C:\WINDOWS\SYSTEM32\kernel.appcore.dll
0x00007ffc73ac0000 - 0x00007ffc73aca000 	C:\Users\shang\.jdks\openjdk-24.0.1\bin\jimage.dll
0x00007ffc7e990000 - 0x00007ffc7ebd1000 	C:\WINDOWS\SYSTEM32\DBGHELP.DLL
0x00007ffc95cb0000 - 0x00007ffc96036000 	C:\WINDOWS\System32\combase.dll
0x00007ffc93f20000 - 0x00007ffc94000000 	C:\WINDOWS\System32\OLEAUT32.dll
0x00007ffc75f80000 - 0x00007ffc75fc3000 	C:\WINDOWS\SYSTEM32\dbgcore.DLL
0x00007ffc93740000 - 0x00007ffc937d9000 	C:\WINDOWS\System32\bcryptPrimitives.dll
0x00007ffc73a90000 - 0x00007ffc73aae000 	C:\Users\shang\.jdks\openjdk-24.0.1\bin\java.dll
0x00007ffc94470000 - 0x00007ffc9460e000 	C:\WINDOWS\System32\ole32.dll
0x00007ffc948c0000 - 0x00007ffc9500a000 	C:\WINDOWS\System32\SHELL32.dll
0x00007ffc935c0000 - 0x00007ffc93734000 	C:\WINDOWS\System32\wintypes.dll
0x00007ffc90e50000 - 0x00007ffc916ab000 	C:\WINDOWS\SYSTEM32\windows.storage.dll
0x00007ffc95af0000 - 0x00007ffc95be5000 	C:\WINDOWS\System32\SHCORE.dll
0x00007ffc958b0000 - 0x00007ffc9591a000 	C:\WINDOWS\System32\shlwapi.dll
0x00007ffc930e0000 - 0x00007ffc9310f000 	C:\WINDOWS\SYSTEM32\profapi.dll
0x00007ffc36780000 - 0x00007ffc36857000 	C:\Users\shang\.jdks\openjdk-24.0.1\bin\jsvml.dll
0x00007ffc73a80000 - 0x00007ffc73a90000 	C:\Users\shang\.jdks\openjdk-24.0.1\bin\net.dll
0x00007ffc92620000 - 0x00007ffc9268a000 	C:\WINDOWS\system32\mswsock.dll
0x00007ffc73a60000 - 0x00007ffc73a76000 	C:\Users\shang\.jdks\openjdk-24.0.1\bin\nio.dll
0x00007ffc68c50000 - 0x00007ffc68c67000 	C:\Users\shang\.jdks\openjdk-24.0.1\bin\zip.dll
0x00007ffc66750000 - 0x00007ffc66760000 	C:\Users\shang\.jdks\openjdk-24.0.1\bin\verify.dll

JVMTI agents: none

dbghelp: loaded successfully - version: 4.0.5 - missing functions: none
symbol engine: initialized successfully - sym options: 0x614 - pdb path: .;C:\Users\shang\.jdks\openjdk-24.0.1\bin;C:\WINDOWS\SYSTEM32;C:\WINDOWS\WinSxS\amd64_microsoft.windows.common-controls_6595b64144ccf1df_6.0.26100.4484_none_3e0e6d4ce32ef3b3;C:\Users\shang\.jdks\openjdk-24.0.1\bin\server

VM Arguments:
jvm_args: -Dapplication.home=C:\Users\shang\OneDrive\Desktop\AIRSDK_51.1.3 -Dfile.encoding=UTF-8 -Djava.awt.headless=true -Duser.language=en -Duser.region=en -Xmx512m 
java_command: com.adobe.flash.compiler.clients.MXMLC -load-config=C:\Users\shang\AppData\Local\JetBrains\IntelliJIdea2025.1\compile-server\webmain_3296dcc9\_temp_\IntelliJ_IDEA\idea-AEAB9808-45A3E760.xml -default-size 800 600 -default-frame-rate 60 -default-background-color #000000 -swf-version 15 -dump-config config.xml -optimize=true -use-direct-blit=true -keep-as3-metadata+=Inject -keep-as3-metadata+=Embed -keep-as3-metadata+=PostConstruct -keep-as3-metadata+=ArrayElementType
java_class_path (initial): C:\Users\shang\OneDrive\Desktop\AIRSDK_51.1.3\lib\compiler.jar
Launcher Type: SUN_STANDARD

[Global flags]
     intx CICompilerCount                          = 4                                         {product} {ergonomic}
     uint ConcGCThreads                            = 2                                         {product} {ergonomic}
     uint G1ConcRefinementThreads                  = 8                                         {product} {ergonomic}
   size_t G1HeapRegionSize                         = 1048576                                   {product} {ergonomic}
   size_t InitialHeapSize                          = 134217728                                 {product} {ergonomic}
   size_t MarkStackSize                            = 4194304                                   {product} {ergonomic}
   size_t MarkStackSizeMax                         = 536870912                                 {product} {ergonomic}
   size_t MaxHeapSize                              = 536870912                                 {product} {command line}
   size_t MaxNewSize                               = 321912832                                 {product} {ergonomic}
   size_t MinHeapDeltaBytes                        = 1048576                                   {product} {ergonomic}
   size_t MinHeapSize                              = 8388608                                   {product} {ergonomic}
    uintx NonNMethodCodeHeapSize                   = 5832704                                {pd product} {ergonomic}
    uintx NonProfiledCodeHeapSize                  = 122945536                              {pd product} {ergonomic}
    uintx ProfiledCodeHeapSize                     = 122880000                              {pd product} {ergonomic}
    uintx ReservedCodeCacheSize                    = 251658240                              {pd product} {ergonomic}
     bool SegmentedCodeCache                       = true                                      {product} {ergonomic}
   size_t SoftMaxHeapSize                          = 536870912                              {manageable} {ergonomic}
     bool UseCompressedOops                        = true                           {product lp64_product} {ergonomic}
     bool UseG1GC                                  = true                                      {product} {ergonomic}
     bool UseLargePagesIndividualAllocation        = false                                  {pd product} {ergonomic}

Logging:
Log output configuration:
 #0: stdout all=warning uptime,level,tags foldmultilines=false
 #1: stderr all=off uptime,level,tags foldmultilines=false

Environment Variables:
JAVA_HOME=C:\Program Files (x86)\Java\jre1.8.0_451
PATH=C:\Program Files (x86)\Java\jre1.8.0_451\bin;C:\Users\shang\Downloads\apache-ant-1.10.15-bin\apache-ant-1.10.15\bin;C:\Program Files (x86)\Razer Chroma SDK\bin;C:\Program Files\Razer Chroma SDK\bin;C:\Windows\system32;C:\Windows;C:\Windows\System32\Wbem;C:\Windows\System32\WindowsPowerShell\v1.0\;C:\Windows\System32\OpenSSH\;C:\Program Files (x86)\Razer\ChromaBroadcast\bin;C:\Program Files\Razer\ChromaBroadcast\bin;C:\Windows\system32\config\systemprofile\AppData\Local\Microsoft\WindowsApps;C:\WINDOWS\system32;C:\WINDOWS;C:\WINDOWS\System32\Wbem;C:\WINDOWS\System32\WindowsPowerShell\v1.0\;C:\WINDOWS\System32\OpenSSH\;C:\Users\shang\AppData\Local\Programs\Python\Python39\Scripts;C:\Program Files\Microsoft SQL Server\150\Tools\Binn\;C:\Program Files\dotnet\;C:\Users\shang\Downloads\apache-maven-3.9.8-bin (2)\apache-maven-3.9.8\bin;C:\Program Files (x86)\NVIDIA Corporation\PhysX\Common;C:\Program Files\PuTTY\;C:\Program Files\Git\cmd;C:\Program Files\Git LFS;C:\Program Files\CMake\bin;C:\Users\shang\AppData\Local\Programs\Python\Launcher\;C:\Program Files (x86)\Java\jre1.8.0_451\bin;C:\Users\shang\Downloads\apache-ant-1.10.15-bin\apache-ant-1.10.15\bin;C:\Program Files (x86)\Razer Chroma SDK\bin;C:\Program Files\Razer Chroma SDK\bin;C:\Windows\system32;C:\Windows;C:\Windows\System32\Wbem;C:\Windows\System32\WindowsPowerShell\v1.0\;C:\Windows\System32\OpenSSH\;C:\Program Files (x86)\Razer\ChromaBroadcast\bin;C:\Program Files\Razer\ChromaBroadcast\bin;C:\Windows\system32\config\systemprofile\AppData\Local\Microsoft\WindowsApps;C:\WINDOWS\system32;C:\WINDOWS;C:\WINDOWS\System32\Wbem;C:\WINDOWS\System32\WindowsPowerShell\v1.0\;C:\WINDOWS\System32\OpenSSH\;C:\Users\shang\AppData\Local\Programs\Python\Python39\Scripts;C:\Program Files\Microsoft SQL Server\150\Tools\Binn\;C:\Program Files\dotnet\;C:\Users\shang\Downloads\apache-maven-3.9.8-bin (2)\apache-maven-3.9.8\bin;C:\Program Files (x86)\NVIDIA Corporation\PhysX\Common;C:\Program Files\PuTTY\;C:\Program Files\Git\cmd;C:\Program Files\Git LFS;C:\Program Files\CMake\bin;C:\build tool\apache-maven-3.9.8\bin\bin;C:\Users\shang\AppData\Local\Microsoft\WindowsApps;C:\Users\shang\.dotnet\tools
USERNAME=shang
OS=Windows_NT
PROCESSOR_IDENTIFIER=AMD64 Family 23 Model 24 Stepping 1, AuthenticAMD
TMP=C:\Users\shang\AppData\Local\Temp
TEMP=C:\Users\shang\AppData\Local\Temp




Periodic native trim disabled

---------------  S Y S T E M  ---------------

OS:
 Windows 11 , 64 bit Build 26100 (10.0.26100.4484)
OS uptime: 7 days 23:30 hours

CPU: total 8 (initial active 8) (8 cores per cpu, 2 threads per core) family 23 model 24 stepping 1 microcode 0x8108109, cx8, cmov, fxsr, ht, mmx, 3dnowpref, sse, sse2, sse3, ssse3, sse4a, sse4.1, sse4.2, popcnt, lzcnt, tsc, tscinvbit, avx, avx2, aes, clmul, bmi1, bmi2, adx, sha, fma, vzeroupper, clflush, clflushopt, rdtscp, f16c
Processor Information for the first 8 processors :
  Max Mhz: 3700, Current Mhz: 3700, Mhz Limit: 3700

Memory: 4k page, system-wide physical 8128M (972M free)
TotalPageFile size 32704M (AvailPageFile size 26M)
current process WorkingSet (physical memory assigned to process): 354M, peak: 369M
current process commit charge ("private bytes"): 397M, peak: 421M

vm_info: OpenJDK 64-Bit Server VM (24.0.1+9-30) for windows-amd64 JRE (24.0.1+9-30), built on 2025-03-05T07:23:45Z with MS VC++ 17.6 (VS2022)

END.
